<?xml version="1.0" encoding="UTF-8"?>
<robot generator="Robot 5.0 (Python 3.10.4 on win32)" generated="20220415 20:38:33.139" rpa="false" schemaversion="3">
<suite id="s1" name="Nav" source="C:\Users\quint\OneDrive\Documentos\Repositorios\test_mobile_appium\twp\tests\nav.robot">
<test id="s1-t1" name="Dado que estou na tela inicial" line="11">
<kw name="Open Session" library="base" type="SETUP">
<kw name="Set Appium Timeout" library="AppiumLibrary">
<arg>5</arg>
<doc>Sets the timeout in seconds used by various keywords.</doc>
<status status="PASS" starttime="20220415 20:38:33.410" endtime="20220415 20:38:33.411"/>
</kw>
<kw name="Open Application" library="AppiumLibrary">
<arg>http://localhost:4723/wd/hub</arg>
<arg>automationName=UiAutomator2</arg>
<arg>deviceName=SM_G980F</arg>
<arg>platformName=Android</arg>
<arg>app=${EXECDIR}/App/twp.apk</arg>
<doc>Opens a new application to given Appium server.
Capabilities of appium server, Android and iOS,
Please check https://github.com/appium/appium/blob/master/docs/en/writing-running-appium/server-args.md
| *Option*            | *Man.* | *Description*     |
| remote_url          | Yes    | Appium server url |
| alias               | no     | alias             |</doc>
<status status="PASS" starttime="20220415 20:38:33.411" endtime="20220415 20:38:44.375"/>
</kw>
<status status="PASS" starttime="20220415 20:38:33.410" endtime="20220415 20:38:44.375"/>
</kw>
<kw name="Wait Until Page Contains" library="AppiumLibrary">
<arg>Training Wheels Protocol</arg>
<doc>Waits until `text` appears on current page.</doc>
<status status="PASS" starttime="20220415 20:38:44.375" endtime="20220415 20:38:48.891"/>
</kw>
<kw name="Wait Until Page Contains" library="AppiumLibrary">
<arg>Mobile Version</arg>
<doc>Waits until `text` appears on current page.</doc>
<status status="PASS" starttime="20220415 20:38:48.891" endtime="20220415 20:38:48.925"/>
</kw>
<kw name="Get Started" library="base">
<kw name="Wait Until Page Contains" library="AppiumLibrary">
<arg>COMEÇAR</arg>
<doc>Waits until `text` appears on current page.</doc>
<status status="PASS" starttime="20220415 20:38:48.926" endtime="20220415 20:38:48.958"/>
</kw>
<kw name="Click Text" library="AppiumLibrary">
<arg>COMEÇAR</arg>
<doc>Click text identified by ``text``.</doc>
<status status="PASS" starttime="20220415 20:38:48.958" endtime="20220415 20:38:49.206"/>
</kw>
<status status="PASS" starttime="20220415 20:38:48.926" endtime="20220415 20:38:49.206"/>
</kw>
<kw name="Close Session" library="base" type="TEARDOWN">
<kw name="Capture Page Screenshot" library="AppiumLibrary">
<doc>Takes a screenshot of the current page and embeds it into the log.</doc>
<msg timestamp="20220415 20:38:49.502" level="INFO" html="true">&lt;/td&gt;&lt;/tr&gt;&lt;tr&gt;&lt;td colspan="3"&gt;&lt;a href="appium-screenshot-1.png"&gt;&lt;img src="appium-screenshot-1.png" width="800px"&gt;&lt;/a&gt;</msg>
<status status="PASS" starttime="20220415 20:38:49.207" endtime="20220415 20:38:49.502"/>
</kw>
<kw name="Close Application" library="AppiumLibrary">
<doc>Closes the current application and also close webdriver session.</doc>
<status status="PASS" starttime="20220415 20:38:49.503" endtime="20220415 20:38:49.875"/>
</kw>
<status status="PASS" starttime="20220415 20:38:49.207" endtime="20220415 20:38:49.875"/>
</kw>
<status status="PASS" starttime="20220415 20:38:33.409" endtime="20220415 20:38:49.875"/>
</test>
<test id="s1-t2" name="Devo acessar a tela Avengers" line="16">
<kw name="Open Session" library="base" type="SETUP">
<kw name="Set Appium Timeout" library="AppiumLibrary">
<arg>5</arg>
<doc>Sets the timeout in seconds used by various keywords.</doc>
<status status="PASS" starttime="20220415 20:38:49.886" endtime="20220415 20:38:49.886"/>
</kw>
<kw name="Open Application" library="AppiumLibrary">
<arg>http://localhost:4723/wd/hub</arg>
<arg>automationName=UiAutomator2</arg>
<arg>deviceName=SM_G980F</arg>
<arg>platformName=Android</arg>
<arg>app=${EXECDIR}/App/twp.apk</arg>
<doc>Opens a new application to given Appium server.
Capabilities of appium server, Android and iOS,
Please check https://github.com/appium/appium/blob/master/docs/en/writing-running-appium/server-args.md
| *Option*            | *Man.* | *Description*     |
| remote_url          | Yes    | Appium server url |
| alias               | no     | alias             |</doc>
<status status="PASS" starttime="20220415 20:38:49.886" endtime="20220415 20:38:59.648"/>
</kw>
<status status="PASS" starttime="20220415 20:38:49.885" endtime="20220415 20:38:59.648"/>
</kw>
<kw name="Get Started" library="base">
<kw name="Wait Until Page Contains" library="AppiumLibrary">
<arg>COMEÇAR</arg>
<doc>Waits until `text` appears on current page.</doc>
<status status="PASS" starttime="20220415 20:38:59.649" endtime="20220415 20:39:04.149"/>
</kw>
<kw name="Click Text" library="AppiumLibrary">
<arg>COMEÇAR</arg>
<doc>Click text identified by ``text``.</doc>
<status status="PASS" starttime="20220415 20:39:04.150" endtime="20220415 20:39:04.383"/>
</kw>
<status status="PASS" starttime="20220415 20:38:59.648" endtime="20220415 20:39:04.383"/>
</kw>
<kw name="Open Nav" library="base">
<kw name="Wait Until Element Is Visible" library="AppiumLibrary">
<arg>xpath=//android.widget.ImageButton[@content-desc="Open navigation drawer"]</arg>
<doc>Waits until element specified with `locator` is visible.</doc>
<status status="PASS" starttime="20220415 20:39:04.384" endtime="20220415 20:39:05.485"/>
</kw>
<kw name="Click Element" library="AppiumLibrary">
<arg>xpath=//android.widget.ImageButton[@content-desc="Open navigation drawer"]</arg>
<doc>Click element identified by `locator`.</doc>
<msg timestamp="20220415 20:39:05.485" level="INFO">Clicking element 'xpath=//android.widget.ImageButton[@content-desc="Open navigation drawer"]'.</msg>
<status status="PASS" starttime="20220415 20:39:05.485" endtime="20220415 20:39:05.614"/>
</kw>
<kw name="Wait Until Element Is Visible" library="AppiumLibrary">
<arg>id=io.qaninja.android.twp:id/navView</arg>
<doc>Waits until element specified with `locator` is visible.</doc>
<status status="PASS" starttime="20220415 20:39:05.614" endtime="20220415 20:39:06.595"/>
</kw>
<status status="PASS" starttime="20220415 20:39:04.383" endtime="20220415 20:39:06.595"/>
</kw>
<kw name="Click Text" library="AppiumLibrary">
<arg>AVENGERS</arg>
<doc>Click text identified by ``text``.</doc>
<status status="PASS" starttime="20220415 20:39:06.611" endtime="20220415 20:39:06.741"/>
</kw>
<kw name="Wait Until Element Is Visible" library="AppiumLibrary">
<arg>id=io.qaninja.android.twp:id/toolbarTitle</arg>
<doc>Waits until element specified with `locator` is visible.</doc>
<status status="PASS" starttime="20220415 20:39:06.741" endtime="20220415 20:39:07.671"/>
</kw>
<kw name="Element Name Should Be" library="AppiumLibrary">
<arg>id=io.qaninja.android.twp:id/toolbarTitle</arg>
<arg>AVENGERS</arg>
<msg timestamp="20220415 20:39:07.732" level="INFO">Element 'id=io.qaninja.android.twp:id/toolbarTitle' name is 'AVENGERS' </msg>
<status status="PASS" starttime="20220415 20:39:07.671" endtime="20220415 20:39:07.732"/>
</kw>
<kw name="Wait Until Page Contains" library="AppiumLibrary">
<arg>AVENGERS</arg>
<doc>Waits until `text` appears on current page.</doc>
<status status="PASS" starttime="20220415 20:39:07.733" endtime="20220415 20:39:07.774"/>
</kw>
<kw name="Close Session" library="base" type="TEARDOWN">
<kw name="Capture Page Screenshot" library="AppiumLibrary">
<doc>Takes a screenshot of the current page and embeds it into the log.</doc>
<msg timestamp="20220415 20:39:08.056" level="INFO" html="true">&lt;/td&gt;&lt;/tr&gt;&lt;tr&gt;&lt;td colspan="3"&gt;&lt;a href="appium-screenshot-2.png"&gt;&lt;img src="appium-screenshot-2.png" width="800px"&gt;&lt;/a&gt;</msg>
<status status="PASS" starttime="20220415 20:39:07.775" endtime="20220415 20:39:08.056"/>
</kw>
<kw name="Close Application" library="AppiumLibrary">
<doc>Closes the current application and also close webdriver session.</doc>
<status status="PASS" starttime="20220415 20:39:08.056" endtime="20220415 20:39:08.474"/>
</kw>
<status status="PASS" starttime="20220415 20:39:07.774" endtime="20220415 20:39:08.474"/>
</kw>
<status status="PASS" starttime="20220415 20:38:49.884" endtime="20220415 20:39:08.474"/>
</test>
<test id="s1-t3" name="Devo acessar a tela Forms" line="25">
<kw name="Open Session" library="base" type="SETUP">
<kw name="Set Appium Timeout" library="AppiumLibrary">
<arg>5</arg>
<doc>Sets the timeout in seconds used by various keywords.</doc>
<status status="PASS" starttime="20220415 20:39:08.477" endtime="20220415 20:39:08.477"/>
</kw>
<kw name="Open Application" library="AppiumLibrary">
<arg>http://localhost:4723/wd/hub</arg>
<arg>automationName=UiAutomator2</arg>
<arg>deviceName=SM_G980F</arg>
<arg>platformName=Android</arg>
<arg>app=${EXECDIR}/App/twp.apk</arg>
<doc>Opens a new application to given Appium server.
Capabilities of appium server, Android and iOS,
Please check https://github.com/appium/appium/blob/master/docs/en/writing-running-appium/server-args.md
| *Option*            | *Man.* | *Description*     |
| remote_url          | Yes    | Appium server url |
| alias               | no     | alias             |</doc>
<status status="PASS" starttime="20220415 20:39:08.477" endtime="20220415 20:39:18.135"/>
</kw>
<status status="PASS" starttime="20220415 20:39:08.476" endtime="20220415 20:39:18.135"/>
</kw>
<kw name="Get Started" library="base">
<kw name="Wait Until Page Contains" library="AppiumLibrary">
<arg>COMEÇAR</arg>
<doc>Waits until `text` appears on current page.</doc>
<status status="PASS" starttime="20220415 20:39:18.135" endtime="20220415 20:39:22.763"/>
</kw>
<kw name="Click Text" library="AppiumLibrary">
<arg>COMEÇAR</arg>
<doc>Click text identified by ``text``.</doc>
<status status="PASS" starttime="20220415 20:39:22.763" endtime="20220415 20:39:23.004"/>
</kw>
<status status="PASS" starttime="20220415 20:39:18.135" endtime="20220415 20:39:23.004"/>
</kw>
<kw name="Open Nav" library="base">
<kw name="Wait Until Element Is Visible" library="AppiumLibrary">
<arg>xpath=//android.widget.ImageButton[@content-desc="Open navigation drawer"]</arg>
<doc>Waits until element specified with `locator` is visible.</doc>
<status status="PASS" starttime="20220415 20:39:23.005" endtime="20220415 20:39:24.108"/>
</kw>
<kw name="Click Element" library="AppiumLibrary">
<arg>xpath=//android.widget.ImageButton[@content-desc="Open navigation drawer"]</arg>
<doc>Click element identified by `locator`.</doc>
<msg timestamp="20220415 20:39:24.108" level="INFO">Clicking element 'xpath=//android.widget.ImageButton[@content-desc="Open navigation drawer"]'.</msg>
<status status="PASS" starttime="20220415 20:39:24.108" endtime="20220415 20:39:24.221"/>
</kw>
<kw name="Wait Until Element Is Visible" library="AppiumLibrary">
<arg>id=io.qaninja.android.twp:id/navView</arg>
<doc>Waits until element specified with `locator` is visible.</doc>
<status status="PASS" starttime="20220415 20:39:24.221" endtime="20220415 20:39:25.219"/>
</kw>
<status status="PASS" starttime="20220415 20:39:23.004" endtime="20220415 20:39:25.219"/>
</kw>
<kw name="Click Text" library="AppiumLibrary">
<arg>FORMS</arg>
<doc>Click text identified by ``text``.</doc>
<status status="PASS" starttime="20220415 20:39:25.220" endtime="20220415 20:39:25.389"/>
</kw>
<kw name="Wait Until Element Is Visible" library="AppiumLibrary">
<arg>id=io.qaninja.android.twp:id/toolbarTitle</arg>
<doc>Waits until element specified with `locator` is visible.</doc>
<status status="PASS" starttime="20220415 20:39:25.389" endtime="20220415 20:39:26.328"/>
</kw>
<kw name="Element Name Should Be" library="AppiumLibrary">
<arg>id=io.qaninja.android.twp:id/toolbarTitle</arg>
<arg>FORMS</arg>
<msg timestamp="20220415 20:39:26.389" level="INFO">Element 'id=io.qaninja.android.twp:id/toolbarTitle' name is 'FORMS' </msg>
<status status="PASS" starttime="20220415 20:39:26.328" endtime="20220415 20:39:26.389"/>
</kw>
<kw name="Wait Until Page Contains" library="AppiumLibrary">
<arg>FORMS</arg>
<doc>Waits until `text` appears on current page.</doc>
<status status="PASS" starttime="20220415 20:39:26.390" endtime="20220415 20:39:26.436"/>
</kw>
<kw name="Close Session" library="base" type="TEARDOWN">
<kw name="Capture Page Screenshot" library="AppiumLibrary">
<doc>Takes a screenshot of the current page and embeds it into the log.</doc>
<msg timestamp="20220415 20:39:26.721" level="INFO" html="true">&lt;/td&gt;&lt;/tr&gt;&lt;tr&gt;&lt;td colspan="3"&gt;&lt;a href="appium-screenshot-3.png"&gt;&lt;img src="appium-screenshot-3.png" width="800px"&gt;&lt;/a&gt;</msg>
<status status="PASS" starttime="20220415 20:39:26.438" endtime="20220415 20:39:26.721"/>
</kw>
<kw name="Close Application" library="AppiumLibrary">
<doc>Closes the current application and also close webdriver session.</doc>
<status status="PASS" starttime="20220415 20:39:26.721" endtime="20220415 20:39:27.100"/>
</kw>
<status status="PASS" starttime="20220415 20:39:26.437" endtime="20220415 20:39:27.100"/>
</kw>
<status status="PASS" starttime="20220415 20:39:08.476" endtime="20220415 20:39:27.100"/>
</test>
<test id="s1-t4" name="Devo acessar a tela Dialogs" line="34">
<kw name="Open Session" library="base" type="SETUP">
<kw name="Set Appium Timeout" library="AppiumLibrary">
<arg>5</arg>
<doc>Sets the timeout in seconds used by various keywords.</doc>
<status status="PASS" starttime="20220415 20:39:27.104" endtime="20220415 20:39:27.105"/>
</kw>
<kw name="Open Application" library="AppiumLibrary">
<arg>http://localhost:4723/wd/hub</arg>
<arg>automationName=UiAutomator2</arg>
<arg>deviceName=SM_G980F</arg>
<arg>platformName=Android</arg>
<arg>app=${EXECDIR}/App/twp.apk</arg>
<doc>Opens a new application to given Appium server.
Capabilities of appium server, Android and iOS,
Please check https://github.com/appium/appium/blob/master/docs/en/writing-running-appium/server-args.md
| *Option*            | *Man.* | *Description*     |
| remote_url          | Yes    | Appium server url |
| alias               | no     | alias             |</doc>
<status status="PASS" starttime="20220415 20:39:27.105" endtime="20220415 20:39:36.902"/>
</kw>
<status status="PASS" starttime="20220415 20:39:27.104" endtime="20220415 20:39:36.902"/>
</kw>
<kw name="Get Started" library="base">
<kw name="Wait Until Page Contains" library="AppiumLibrary">
<arg>COMEÇAR</arg>
<doc>Waits until `text` appears on current page.</doc>
<status status="PASS" starttime="20220415 20:39:36.902" endtime="20220415 20:39:41.421"/>
</kw>
<kw name="Click Text" library="AppiumLibrary">
<arg>COMEÇAR</arg>
<doc>Click text identified by ``text``.</doc>
<status status="PASS" starttime="20220415 20:39:41.421" endtime="20220415 20:39:41.658"/>
</kw>
<status status="PASS" starttime="20220415 20:39:36.902" endtime="20220415 20:39:41.658"/>
</kw>
<kw name="Open Nav" library="base">
<kw name="Wait Until Element Is Visible" library="AppiumLibrary">
<arg>xpath=//android.widget.ImageButton[@content-desc="Open navigation drawer"]</arg>
<doc>Waits until element specified with `locator` is visible.</doc>
<status status="PASS" starttime="20220415 20:39:41.659" endtime="20220415 20:39:42.751"/>
</kw>
<kw name="Click Element" library="AppiumLibrary">
<arg>xpath=//android.widget.ImageButton[@content-desc="Open navigation drawer"]</arg>
<doc>Click element identified by `locator`.</doc>
<msg timestamp="20220415 20:39:42.751" level="INFO">Clicking element 'xpath=//android.widget.ImageButton[@content-desc="Open navigation drawer"]'.</msg>
<status status="PASS" starttime="20220415 20:39:42.751" endtime="20220415 20:39:42.872"/>
</kw>
<kw name="Wait Until Element Is Visible" library="AppiumLibrary">
<arg>id=io.qaninja.android.twp:id/navView</arg>
<doc>Waits until element specified with `locator` is visible.</doc>
<status status="PASS" starttime="20220415 20:39:42.872" endtime="20220415 20:39:43.814"/>
</kw>
<status status="PASS" starttime="20220415 20:39:41.658" endtime="20220415 20:39:43.814"/>
</kw>
<kw name="Click Text" library="AppiumLibrary">
<arg>DIALOGS</arg>
<doc>Click text identified by ``text``.</doc>
<status status="PASS" starttime="20220415 20:39:43.814" endtime="20220415 20:39:43.952"/>
</kw>
<kw name="Wait Until Element Is Visible" library="AppiumLibrary">
<arg>id=io.qaninja.android.twp:id/toolbarTitle</arg>
<doc>Waits until element specified with `locator` is visible.</doc>
<status status="PASS" starttime="20220415 20:39:43.952" endtime="20220415 20:39:44.893"/>
</kw>
<kw name="Element Name Should Be" library="AppiumLibrary">
<arg>id=io.qaninja.android.twp:id/toolbarTitle</arg>
<arg>DIALOGS</arg>
<msg timestamp="20220415 20:39:44.949" level="INFO">Element 'id=io.qaninja.android.twp:id/toolbarTitle' name is 'DIALOGS' </msg>
<status status="PASS" starttime="20220415 20:39:44.894" endtime="20220415 20:39:44.949"/>
</kw>
<kw name="Wait Until Page Contains" library="AppiumLibrary">
<arg>DIALOGS</arg>
<doc>Waits until `text` appears on current page.</doc>
<status status="PASS" starttime="20220415 20:39:44.950" endtime="20220415 20:39:44.992"/>
</kw>
<kw name="Close Session" library="base" type="TEARDOWN">
<kw name="Capture Page Screenshot" library="AppiumLibrary">
<doc>Takes a screenshot of the current page and embeds it into the log.</doc>
<msg timestamp="20220415 20:39:45.273" level="INFO" html="true">&lt;/td&gt;&lt;/tr&gt;&lt;tr&gt;&lt;td colspan="3"&gt;&lt;a href="appium-screenshot-4.png"&gt;&lt;img src="appium-screenshot-4.png" width="800px"&gt;&lt;/a&gt;</msg>
<status status="PASS" starttime="20220415 20:39:44.993" endtime="20220415 20:39:45.273"/>
</kw>
<kw name="Close Application" library="AppiumLibrary">
<doc>Closes the current application and also close webdriver session.</doc>
<status status="PASS" starttime="20220415 20:39:45.273" endtime="20220415 20:39:45.704"/>
</kw>
<status status="PASS" starttime="20220415 20:39:44.993" endtime="20220415 20:39:45.705"/>
</kw>
<status status="PASS" starttime="20220415 20:39:27.102" endtime="20220415 20:39:45.705"/>
</test>
<test id="s1-t5" name="Devo acessar a tela Seek Bar" line="43">
<kw name="Open Session" library="base" type="SETUP">
<kw name="Set Appium Timeout" library="AppiumLibrary">
<arg>5</arg>
<doc>Sets the timeout in seconds used by various keywords.</doc>
<status status="PASS" starttime="20220415 20:39:45.708" endtime="20220415 20:39:45.708"/>
</kw>
<kw name="Open Application" library="AppiumLibrary">
<arg>http://localhost:4723/wd/hub</arg>
<arg>automationName=UiAutomator2</arg>
<arg>deviceName=SM_G980F</arg>
<arg>platformName=Android</arg>
<arg>app=${EXECDIR}/App/twp.apk</arg>
<doc>Opens a new application to given Appium server.
Capabilities of appium server, Android and iOS,
Please check https://github.com/appium/appium/blob/master/docs/en/writing-running-appium/server-args.md
| *Option*            | *Man.* | *Description*     |
| remote_url          | Yes    | Appium server url |
| alias               | no     | alias             |</doc>
<status status="PASS" starttime="20220415 20:39:45.708" endtime="20220415 20:39:55.389"/>
</kw>
<status status="PASS" starttime="20220415 20:39:45.707" endtime="20220415 20:39:55.390"/>
</kw>
<kw name="Get Started" library="base">
<kw name="Wait Until Page Contains" library="AppiumLibrary">
<arg>COMEÇAR</arg>
<doc>Waits until `text` appears on current page.</doc>
<status status="PASS" starttime="20220415 20:39:55.391" endtime="20220415 20:39:59.888"/>
</kw>
<kw name="Click Text" library="AppiumLibrary">
<arg>COMEÇAR</arg>
<doc>Click text identified by ``text``.</doc>
<status status="PASS" starttime="20220415 20:39:59.888" endtime="20220415 20:40:00.136"/>
</kw>
<status status="PASS" starttime="20220415 20:39:55.390" endtime="20220415 20:40:00.137"/>
</kw>
<kw name="Open Nav" library="base">
<kw name="Wait Until Element Is Visible" library="AppiumLibrary">
<arg>xpath=//android.widget.ImageButton[@content-desc="Open navigation drawer"]</arg>
<doc>Waits until element specified with `locator` is visible.</doc>
<status status="PASS" starttime="20220415 20:40:00.138" endtime="20220415 20:40:01.247"/>
</kw>
<kw name="Click Element" library="AppiumLibrary">
<arg>xpath=//android.widget.ImageButton[@content-desc="Open navigation drawer"]</arg>
<doc>Click element identified by `locator`.</doc>
<msg timestamp="20220415 20:40:01.249" level="INFO">Clicking element 'xpath=//android.widget.ImageButton[@content-desc="Open navigation drawer"]'.</msg>
<status status="PASS" starttime="20220415 20:40:01.248" endtime="20220415 20:40:01.357"/>
</kw>
<kw name="Wait Until Element Is Visible" library="AppiumLibrary">
<arg>id=io.qaninja.android.twp:id/navView</arg>
<doc>Waits until element specified with `locator` is visible.</doc>
<status status="PASS" starttime="20220415 20:40:01.357" endtime="20220415 20:40:02.330"/>
</kw>
<status status="PASS" starttime="20220415 20:40:00.137" endtime="20220415 20:40:02.330"/>
</kw>
<kw name="Click Text" library="AppiumLibrary">
<arg>SEEK BAR</arg>
<doc>Click text identified by ``text``.</doc>
<status status="PASS" starttime="20220415 20:40:02.330" endtime="20220415 20:40:02.466"/>
</kw>
<kw name="Wait Until Element Is Visible" library="AppiumLibrary">
<arg>id=io.qaninja.android.twp:id/toolbarTitle</arg>
<doc>Waits until element specified with `locator` is visible.</doc>
<status status="PASS" starttime="20220415 20:40:02.469" endtime="20220415 20:40:03.395"/>
</kw>
<kw name="Element Name Should Be" library="AppiumLibrary">
<arg>id=io.qaninja.android.twp:id/toolbarTitle</arg>
<arg>SEEK BAR</arg>
<msg timestamp="20220415 20:40:03.449" level="INFO">Element 'id=io.qaninja.android.twp:id/toolbarTitle' name is 'SEEK BAR' </msg>
<status status="PASS" starttime="20220415 20:40:03.395" endtime="20220415 20:40:03.449"/>
</kw>
<kw name="Wait Until Page Contains" library="AppiumLibrary">
<arg>SEEK BAR</arg>
<doc>Waits until `text` appears on current page.</doc>
<status status="PASS" starttime="20220415 20:40:03.449" endtime="20220415 20:40:03.492"/>
</kw>
<kw name="Close Session" library="base" type="TEARDOWN">
<kw name="Capture Page Screenshot" library="AppiumLibrary">
<doc>Takes a screenshot of the current page and embeds it into the log.</doc>
<msg timestamp="20220415 20:40:03.790" level="INFO" html="true">&lt;/td&gt;&lt;/tr&gt;&lt;tr&gt;&lt;td colspan="3"&gt;&lt;a href="appium-screenshot-5.png"&gt;&lt;img src="appium-screenshot-5.png" width="800px"&gt;&lt;/a&gt;</msg>
<status status="PASS" starttime="20220415 20:40:03.494" endtime="20220415 20:40:03.790"/>
</kw>
<kw name="Close Application" library="AppiumLibrary">
<doc>Closes the current application and also close webdriver session.</doc>
<status status="PASS" starttime="20220415 20:40:03.790" endtime="20220415 20:40:04.225"/>
</kw>
<status status="PASS" starttime="20220415 20:40:03.493" endtime="20220415 20:40:04.225"/>
</kw>
<status status="PASS" starttime="20220415 20:39:45.706" endtime="20220415 20:40:04.225"/>
</test>
<test id="s1-t6" name="Devo acessar a tela Inputs" line="52">
<kw name="Open Session" library="base" type="SETUP">
<kw name="Set Appium Timeout" library="AppiumLibrary">
<arg>5</arg>
<doc>Sets the timeout in seconds used by various keywords.</doc>
<status status="PASS" starttime="20220415 20:40:04.227" endtime="20220415 20:40:04.228"/>
</kw>
<kw name="Open Application" library="AppiumLibrary">
<arg>http://localhost:4723/wd/hub</arg>
<arg>automationName=UiAutomator2</arg>
<arg>deviceName=SM_G980F</arg>
<arg>platformName=Android</arg>
<arg>app=${EXECDIR}/App/twp.apk</arg>
<doc>Opens a new application to given Appium server.
Capabilities of appium server, Android and iOS,
Please check https://github.com/appium/appium/blob/master/docs/en/writing-running-appium/server-args.md
| *Option*            | *Man.* | *Description*     |
| remote_url          | Yes    | Appium server url |
| alias               | no     | alias             |</doc>
<status status="PASS" starttime="20220415 20:40:04.228" endtime="20220415 20:40:14.074"/>
</kw>
<status status="PASS" starttime="20220415 20:40:04.227" endtime="20220415 20:40:14.074"/>
</kw>
<kw name="Get Started" library="base">
<kw name="Wait Until Page Contains" library="AppiumLibrary">
<arg>COMEÇAR</arg>
<doc>Waits until `text` appears on current page.</doc>
<status status="PASS" starttime="20220415 20:40:14.075" endtime="20220415 20:40:18.579"/>
</kw>
<kw name="Click Text" library="AppiumLibrary">
<arg>COMEÇAR</arg>
<doc>Click text identified by ``text``.</doc>
<status status="PASS" starttime="20220415 20:40:18.579" endtime="20220415 20:40:18.821"/>
</kw>
<status status="PASS" starttime="20220415 20:40:14.074" endtime="20220415 20:40:18.821"/>
</kw>
<kw name="Open Nav" library="base">
<kw name="Wait Until Element Is Visible" library="AppiumLibrary">
<arg>xpath=//android.widget.ImageButton[@content-desc="Open navigation drawer"]</arg>
<doc>Waits until element specified with `locator` is visible.</doc>
<status status="PASS" starttime="20220415 20:40:18.822" endtime="20220415 20:40:19.927"/>
</kw>
<kw name="Click Element" library="AppiumLibrary">
<arg>xpath=//android.widget.ImageButton[@content-desc="Open navigation drawer"]</arg>
<doc>Click element identified by `locator`.</doc>
<msg timestamp="20220415 20:40:19.929" level="INFO">Clicking element 'xpath=//android.widget.ImageButton[@content-desc="Open navigation drawer"]'.</msg>
<status status="PASS" starttime="20220415 20:40:19.927" endtime="20220415 20:40:20.036"/>
</kw>
<kw name="Wait Until Element Is Visible" library="AppiumLibrary">
<arg>id=io.qaninja.android.twp:id/navView</arg>
<doc>Waits until element specified with `locator` is visible.</doc>
<status status="PASS" starttime="20220415 20:40:20.036" endtime="20220415 20:40:20.979"/>
</kw>
<status status="PASS" starttime="20220415 20:40:18.821" endtime="20220415 20:40:20.979"/>
</kw>
<kw name="Click Text" library="AppiumLibrary">
<arg>INPUTS</arg>
<doc>Click text identified by ``text``.</doc>
<status status="PASS" starttime="20220415 20:40:20.979" endtime="20220415 20:40:21.141"/>
</kw>
<kw name="Wait Until Element Is Visible" library="AppiumLibrary">
<arg>id=io.qaninja.android.twp:id/toolbarTitle</arg>
<doc>Waits until element specified with `locator` is visible.</doc>
<status status="PASS" starttime="20220415 20:40:21.141" endtime="20220415 20:40:22.073"/>
</kw>
<kw name="Element Name Should Be" library="AppiumLibrary">
<arg>id=io.qaninja.android.twp:id/toolbarTitle</arg>
<arg>INPUTS</arg>
<msg timestamp="20220415 20:40:22.119" level="INFO">Element 'id=io.qaninja.android.twp:id/toolbarTitle' name is 'INPUTS' </msg>
<status status="PASS" starttime="20220415 20:40:22.073" endtime="20220415 20:40:22.119"/>
</kw>
<kw name="Wait Until Page Contains" library="AppiumLibrary">
<arg>INPUTS</arg>
<doc>Waits until `text` appears on current page.</doc>
<status status="PASS" starttime="20220415 20:40:22.120" endtime="20220415 20:40:22.162"/>
</kw>
<kw name="Close Session" library="base" type="TEARDOWN">
<kw name="Capture Page Screenshot" library="AppiumLibrary">
<doc>Takes a screenshot of the current page and embeds it into the log.</doc>
<msg timestamp="20220415 20:40:22.445" level="INFO" html="true">&lt;/td&gt;&lt;/tr&gt;&lt;tr&gt;&lt;td colspan="3"&gt;&lt;a href="appium-screenshot-6.png"&gt;&lt;img src="appium-screenshot-6.png" width="800px"&gt;&lt;/a&gt;</msg>
<status status="PASS" starttime="20220415 20:40:22.164" endtime="20220415 20:40:22.445"/>
</kw>
<kw name="Close Application" library="AppiumLibrary">
<doc>Closes the current application and also close webdriver session.</doc>
<status status="PASS" starttime="20220415 20:40:22.446" endtime="20220415 20:40:22.901"/>
</kw>
<status status="PASS" starttime="20220415 20:40:22.163" endtime="20220415 20:40:22.902"/>
</kw>
<status status="PASS" starttime="20220415 20:40:04.226" endtime="20220415 20:40:22.902"/>
</test>
<test id="s1-t7" name="Devo acessar a tela Botões" line="61">
<kw name="Open Session" library="base" type="SETUP">
<kw name="Set Appium Timeout" library="AppiumLibrary">
<arg>5</arg>
<doc>Sets the timeout in seconds used by various keywords.</doc>
<status status="PASS" starttime="20220415 20:40:22.905" endtime="20220415 20:40:22.906"/>
</kw>
<kw name="Open Application" library="AppiumLibrary">
<arg>http://localhost:4723/wd/hub</arg>
<arg>automationName=UiAutomator2</arg>
<arg>deviceName=SM_G980F</arg>
<arg>platformName=Android</arg>
<arg>app=${EXECDIR}/App/twp.apk</arg>
<doc>Opens a new application to given Appium server.
Capabilities of appium server, Android and iOS,
Please check https://github.com/appium/appium/blob/master/docs/en/writing-running-appium/server-args.md
| *Option*            | *Man.* | *Description*     |
| remote_url          | Yes    | Appium server url |
| alias               | no     | alias             |</doc>
<status status="PASS" starttime="20220415 20:40:22.906" endtime="20220415 20:40:32.745"/>
</kw>
<status status="PASS" starttime="20220415 20:40:22.904" endtime="20220415 20:40:32.745"/>
</kw>
<kw name="Get Started" library="base">
<kw name="Wait Until Page Contains" library="AppiumLibrary">
<arg>COMEÇAR</arg>
<doc>Waits until `text` appears on current page.</doc>
<status status="PASS" starttime="20220415 20:40:32.746" endtime="20220415 20:40:37.244"/>
</kw>
<kw name="Click Text" library="AppiumLibrary">
<arg>COMEÇAR</arg>
<doc>Click text identified by ``text``.</doc>
<status status="PASS" starttime="20220415 20:40:37.244" endtime="20220415 20:40:37.487"/>
</kw>
<status status="PASS" starttime="20220415 20:40:32.746" endtime="20220415 20:40:37.487"/>
</kw>
<kw name="Open Nav" library="base">
<kw name="Wait Until Element Is Visible" library="AppiumLibrary">
<arg>xpath=//android.widget.ImageButton[@content-desc="Open navigation drawer"]</arg>
<doc>Waits until element specified with `locator` is visible.</doc>
<status status="PASS" starttime="20220415 20:40:37.488" endtime="20220415 20:40:38.588"/>
</kw>
<kw name="Click Element" library="AppiumLibrary">
<arg>xpath=//android.widget.ImageButton[@content-desc="Open navigation drawer"]</arg>
<doc>Click element identified by `locator`.</doc>
<msg timestamp="20220415 20:40:38.590" level="INFO">Clicking element 'xpath=//android.widget.ImageButton[@content-desc="Open navigation drawer"]'.</msg>
<status status="PASS" starttime="20220415 20:40:38.588" endtime="20220415 20:40:38.680"/>
</kw>
<kw name="Wait Until Element Is Visible" library="AppiumLibrary">
<arg>id=io.qaninja.android.twp:id/navView</arg>
<doc>Waits until element specified with `locator` is visible.</doc>
<status status="PASS" starttime="20220415 20:40:38.680" endtime="20220415 20:40:39.625"/>
</kw>
<status status="PASS" starttime="20220415 20:40:37.487" endtime="20220415 20:40:39.625"/>
</kw>
<kw name="Click Text" library="AppiumLibrary">
<arg>BOTÕES</arg>
<doc>Click text identified by ``text``.</doc>
<status status="PASS" starttime="20220415 20:40:39.625" endtime="20220415 20:40:39.779"/>
</kw>
<kw name="Wait Until Element Is Visible" library="AppiumLibrary">
<arg>id=io.qaninja.android.twp:id/toolbarTitle</arg>
<doc>Waits until element specified with `locator` is visible.</doc>
<status status="PASS" starttime="20220415 20:40:39.780" endtime="20220415 20:40:40.707"/>
</kw>
<kw name="Element Name Should Be" library="AppiumLibrary">
<arg>id=io.qaninja.android.twp:id/toolbarTitle</arg>
<arg>BOTÕES</arg>
<msg timestamp="20220415 20:40:40.763" level="INFO">Element 'id=io.qaninja.android.twp:id/toolbarTitle' name is 'BOTÕES' </msg>
<status status="PASS" starttime="20220415 20:40:40.708" endtime="20220415 20:40:40.763"/>
</kw>
<kw name="Wait Until Page Contains" library="AppiumLibrary">
<arg>BOTÕES</arg>
<doc>Waits until `text` appears on current page.</doc>
<status status="PASS" starttime="20220415 20:40:40.764" endtime="20220415 20:40:40.808"/>
</kw>
<kw name="Close Session" library="base" type="TEARDOWN">
<kw name="Capture Page Screenshot" library="AppiumLibrary">
<doc>Takes a screenshot of the current page and embeds it into the log.</doc>
<msg timestamp="20220415 20:40:41.089" level="INFO" html="true">&lt;/td&gt;&lt;/tr&gt;&lt;tr&gt;&lt;td colspan="3"&gt;&lt;a href="appium-screenshot-7.png"&gt;&lt;img src="appium-screenshot-7.png" width="800px"&gt;&lt;/a&gt;</msg>
<status status="PASS" starttime="20220415 20:40:40.810" endtime="20220415 20:40:41.089"/>
</kw>
<kw name="Close Application" library="AppiumLibrary">
<doc>Closes the current application and also close webdriver session.</doc>
<status status="PASS" starttime="20220415 20:40:41.089" endtime="20220415 20:40:41.485"/>
</kw>
<status status="PASS" starttime="20220415 20:40:40.809" endtime="20220415 20:40:41.485"/>
</kw>
<status status="PASS" starttime="20220415 20:40:22.903" endtime="20220415 20:40:41.486"/>
</test>
<status status="PASS" starttime="20220415 20:38:33.144" endtime="20220415 20:40:41.488"/>
</suite>
<statistics>
<total>
<stat pass="7" fail="0" skip="0">All Tests</stat>
</total>
<tag>
</tag>
<suite>
<stat pass="7" fail="0" skip="0" id="s1" name="Nav">Nav</stat>
</suite>
</statistics>
<errors>
</errors>
</robot>
