<?xml version="1.0" encoding="UTF-8"?>
<robot generator="Robot 5.0 (Python 3.10.4 on win32)" generated="20220421 15:38:43.982" rpa="false" schemaversion="3">
<suite id="s1" name="Tela Inicial" source="C:\Users\quint\OneDrive\Documentos\Repositorios\test_mobile_appium\twp\tests\tela_inicial.robot">
<test id="s1-t1" name="Dado que estou na tela inicial" line="12">
<kw name="Open Session2" library="base" type="SETUP">
<kw name="Set Appium Timeout" library="AppiumLibrary">
<arg>5</arg>
<doc>Sets the timeout in seconds used by various keywords.</doc>
<status status="PASS" starttime="20220421 15:38:44.259" endtime="20220421 15:38:44.259"/>
</kw>
<kw name="Open Application" library="AppiumLibrary">
<arg>http://localhost:4723/wd/hub</arg>
<arg>automationName=UiAutomator2</arg>
<arg>deviceName=SM_G980F</arg>
<arg>platformName=Android</arg>
<arg>app=${EXECDIR}/App/twp.apk</arg>
<doc>Opens a new application to given Appium server.
Capabilities of appium server, Android and iOS,
Please check https://github.com/appium/appium/blob/master/docs/en/writing-running-appium/server-args.md
| *Option*            | *Man.* | *Description*     |
| remote_url          | Yes    | Appium server url |
| alias               | no     | alias             |</doc>
<status status="PASS" starttime="20220421 15:38:44.259" endtime="20220421 15:38:53.126"/>
</kw>
<status status="PASS" starttime="20220421 15:38:44.259" endtime="20220421 15:38:53.126"/>
</kw>
<kw name="Wait Until Page Contains" library="AppiumLibrary">
<arg>Training Wheels Protocol</arg>
<doc>Waits until `text` appears on current page.</doc>
<status status="PASS" starttime="20220421 15:38:53.126" endtime="20220421 15:38:57.649"/>
</kw>
<kw name="Wait Until Page Contains" library="AppiumLibrary">
<arg>Mobile Version</arg>
<doc>Waits until `text` appears on current page.</doc>
<status status="PASS" starttime="20220421 15:38:57.650" endtime="20220421 15:38:57.686"/>
</kw>
<kw name="Close Session" library="base" type="TEARDOWN">
<kw name="Capture Page Screenshot" library="AppiumLibrary">
<doc>Takes a screenshot of the current page and embeds it into the log.</doc>
<msg timestamp="20220421 15:38:57.966" level="INFO" html="true">&lt;/td&gt;&lt;/tr&gt;&lt;tr&gt;&lt;td colspan="3"&gt;&lt;a href="appium-screenshot-1.png"&gt;&lt;img src="appium-screenshot-1.png" width="800px"&gt;&lt;/a&gt;</msg>
<status status="PASS" starttime="20220421 15:38:57.688" endtime="20220421 15:38:57.967"/>
</kw>
<kw name="Close Application" library="AppiumLibrary">
<doc>Closes the current application and also close webdriver session.</doc>
<status status="PASS" starttime="20220421 15:38:57.967" endtime="20220421 15:38:58.286"/>
</kw>
<status status="PASS" starttime="20220421 15:38:57.688" endtime="20220421 15:38:58.286"/>
</kw>
<status status="PASS" starttime="20220421 15:38:44.258" endtime="20220421 15:38:58.287"/>
</test>
<status status="PASS" starttime="20220421 15:38:43.982" endtime="20220421 15:38:58.288"/>
</suite>
<statistics>
<total>
<stat pass="1" fail="0" skip="0">All Tests</stat>
</total>
<tag>
</tag>
<suite>
<stat pass="1" fail="0" skip="0" id="s1" name="Tela Inicial">Tela Inicial</stat>
</suite>
</statistics>
<errors>
</errors>
</robot>
