<?xml version="1.0" encoding="UTF-8"?>
<robot generator="Robot 5.0 (Python 3.10.4 on win32)" generated="20220430 12:45:22.792" rpa="false" schemaversion="3">
<suite id="s1" name="Tests" source="C:\Users\quint\OneDrive\Documentos\Repositorios\test_mobile_appium\twp\tests">
<suite id="s1-s1" name="Buttons Click" source="C:\Users\quint\OneDrive\Documentos\Repositorios\test_mobile_appium\twp\tests\buttons_click.robot">
<test id="s1-s1-t1" name="Deve realizar um clique simples" line="8">
<kw name="Open Session" library="base" type="SETUP">
<kw name="Set Appium Timeout" library="AppiumLibrary">
<arg>7</arg>
<doc>Sets the timeout in seconds used by various keywords.</doc>
<status status="PASS" starttime="20220430 12:45:23.155" endtime="20220430 12:45:23.156"/>
</kw>
<kw name="Open Application" library="AppiumLibrary">
<arg>http://localhost:4723/wd/hub</arg>
<arg>automationName=UiAutomator2</arg>
<arg>deviceName=SM_G980F</arg>
<arg>platformName=Android</arg>
<arg>app=${EXECDIR}/App/twp.apk</arg>
<doc>Opens a new application to given Appium server.
Capabilities of appium server, Android and iOS,
Please check https://github.com/appium/appium/blob/master/docs/en/writing-running-appium/server-args.md
| *Option*            | *Man.* | *Description*     |
| remote_url          | Yes    | Appium server url |
| alias               | no     | alias             |</doc>
<status status="PASS" starttime="20220430 12:45:23.156" endtime="20220430 12:45:34.157"/>
</kw>
<kw name="Get Started" library="helpers">
<kw name="Wait Until Page Contains" library="AppiumLibrary">
<arg>${START}</arg>
<doc>Waits until `text` appears on current page.</doc>
<status status="PASS" starttime="20220430 12:45:34.157" endtime="20220430 12:45:38.861"/>
</kw>
<kw name="Click Text" library="AppiumLibrary">
<arg>${START}</arg>
<doc>Click text identified by ``text``.</doc>
<status status="PASS" starttime="20220430 12:45:38.861" endtime="20220430 12:45:39.255"/>
</kw>
<status status="PASS" starttime="20220430 12:45:34.157" endtime="20220430 12:45:39.255"/>
</kw>
<status status="PASS" starttime="20220430 12:45:23.155" endtime="20220430 12:45:39.255"/>
</kw>
<kw name="Go To Short Click" library="helpers">
<kw name="Open Nav" library="helpers">
<kw name="Wait Until Element Is Visible" library="AppiumLibrary">
<arg>${HAMBURGER}</arg>
<doc>Waits until element specified with `locator` is visible.</doc>
<status status="PASS" starttime="20220430 12:45:39.256" endtime="20220430 12:45:40.491"/>
</kw>
<kw name="Click Element" library="AppiumLibrary">
<arg>${HAMBURGER}</arg>
<doc>Click element identified by `locator`.</doc>
<msg timestamp="20220430 12:45:40.494" level="INFO">Clicking element 'xpath=//android.widget.ImageButton[@content-desc="Open navigation drawer"]'.</msg>
<status status="PASS" starttime="20220430 12:45:40.491" endtime="20220430 12:45:40.597"/>
</kw>
<kw name="Wait Until Element Is Visible" library="AppiumLibrary">
<arg>${NAV_VIEW}</arg>
<doc>Waits until element specified with `locator` is visible.</doc>
<status status="PASS" starttime="20220430 12:45:40.597" endtime="20220430 12:45:41.543"/>
</kw>
<status status="PASS" starttime="20220430 12:45:39.256" endtime="20220430 12:45:41.544"/>
</kw>
<kw name="Click Text" library="AppiumLibrary">
<arg>BOTÕES</arg>
<doc>Click text identified by ``text``.</doc>
<status status="PASS" starttime="20220430 12:45:41.544" endtime="20220430 12:45:41.745"/>
</kw>
<kw name="Wait Until Page Contains" library="AppiumLibrary">
<arg>${TEXT_CLICK}</arg>
<doc>Waits until `text` appears on current page.</doc>
<status status="PASS" starttime="20220430 12:45:41.745" endtime="20220430 12:45:42.219"/>
</kw>
<kw name="Click Text" library="AppiumLibrary">
<arg>${TEXT_CLICK}</arg>
<doc>Click text identified by ``text``.</doc>
<status status="PASS" starttime="20220430 12:45:42.219" endtime="20220430 12:45:42.824"/>
</kw>
<kw name="Wait Until Page Contains" library="AppiumLibrary">
<arg>Botão clique simples</arg>
<doc>Waits until `text` appears on current page.</doc>
<status status="PASS" starttime="20220430 12:45:42.824" endtime="20220430 12:45:43.545"/>
</kw>
<status status="PASS" starttime="20220430 12:45:39.256" endtime="20220430 12:45:43.545"/>
</kw>
<kw name="Click Element" library="AppiumLibrary">
<arg>io.qaninja.android.twp:id/short_click</arg>
<doc>Click element identified by `locator`.</doc>
<msg timestamp="20220430 12:45:43.547" level="INFO">Clicking element 'io.qaninja.android.twp:id/short_click'.</msg>
<status status="PASS" starttime="20220430 12:45:43.546" endtime="20220430 12:45:43.656"/>
</kw>
<kw name="Wait Until Page Contains" library="AppiumLibrary">
<arg>Isso é um clique simples</arg>
<doc>Waits until `text` appears on current page.</doc>
<status status="PASS" starttime="20220430 12:45:43.657" endtime="20220430 12:45:43.710"/>
</kw>
<kw name="Close Session" library="base" type="TEARDOWN">
<kw name="Close Application" library="AppiumLibrary">
<doc>Closes the current application and also close webdriver session.</doc>
<status status="PASS" starttime="20220430 12:45:43.712" endtime="20220430 12:45:44.094"/>
</kw>
<status status="PASS" starttime="20220430 12:45:43.711" endtime="20220430 12:45:44.095"/>
</kw>
<tag>simples</tag>
<status status="PASS" starttime="20220430 12:45:23.154" endtime="20220430 12:45:44.095"/>
</test>
<status status="PASS" starttime="20220430 12:45:22.831" endtime="20220430 12:45:44.097"/>
</suite>
<status status="PASS" starttime="20220430 12:45:22.796" endtime="20220430 12:45:44.101"/>
</suite>
<statistics>
<total>
<stat pass="1" fail="0" skip="0">All Tests</stat>
</total>
<tag>
<stat pass="1" fail="0" skip="0">simples</stat>
</tag>
<suite>
<stat pass="1" fail="0" skip="0" id="s1" name="Tests">Tests</stat>
<stat pass="1" fail="0" skip="0" id="s1-s1" name="Buttons Click">Tests.Buttons Click</stat>
</suite>
</statistics>
<errors>
</errors>
</robot>
