<?xml version="1.0" encoding="UTF-8"?>
<robot generator="Robot 5.0 (Python 3.10.4 on win32)" generated="20220422 01:42:24.008" rpa="false" schemaversion="3">
<suite id="s1" name="Checkbox &amp; Login &amp; Nav &amp; Radio &amp; radio Todos Elementos &amp; Tela Inicial">
<suite id="s1-s1" name="Checkbox" source="C:\Users\quint\OneDrive\Documentos\Repositorios\test_mobile_appium\twp\tests\checkbox.robot">
<test id="s1-s1-t1" name="Deve a opção Robot Framework" line="8">
<kw name="Open Session" library="base" type="SETUP">
<kw name="Set Appium Timeout" library="AppiumLibrary">
<arg>7</arg>
<doc>Sets the timeout in seconds used by various keywords.</doc>
<status status="PASS" starttime="20220422 01:42:24.312" endtime="20220422 01:42:24.313"/>
</kw>
<kw name="Open Application" library="AppiumLibrary">
<arg>http://localhost:4723/wd/hub</arg>
<arg>automationName=UiAutomator2</arg>
<arg>deviceName=SM_G980F</arg>
<arg>platformName=Android</arg>
<arg>app=${EXECDIR}/App/twp.apk</arg>
<doc>Opens a new application to given Appium server.
Capabilities of appium server, Android and iOS,
Please check https://github.com/appium/appium/blob/master/docs/en/writing-running-appium/server-args.md
| *Option*            | *Man.* | *Description*     |
| remote_url          | Yes    | Appium server url |
| alias               | no     | alias             |</doc>
<status status="PASS" starttime="20220422 01:42:24.313" endtime="20220422 01:42:31.677"/>
</kw>
<kw name="Get Started" library="helpers">
<kw name="Wait Until Page Contains" library="AppiumLibrary">
<arg>${START}</arg>
<doc>Waits until `text` appears on current page.</doc>
<status status="PASS" starttime="20220422 01:42:31.677" endtime="20220422 01:42:36.309"/>
</kw>
<kw name="Click Text" library="AppiumLibrary">
<arg>${START}</arg>
<doc>Click text identified by ``text``.</doc>
<status status="PASS" starttime="20220422 01:42:36.310" endtime="20220422 01:42:36.532"/>
</kw>
<status status="PASS" starttime="20220422 01:42:31.677" endtime="20220422 01:42:36.532"/>
</kw>
<status status="PASS" starttime="20220422 01:42:24.312" endtime="20220422 01:42:36.532"/>
</kw>
<kw name="Abrir Formulario De CheckBox" library="helpers">
<kw name="Open Nav" library="helpers">
<kw name="Wait Until Element Is Visible" library="AppiumLibrary">
<arg>${HAMBURGER}</arg>
<doc>Waits until element specified with `locator` is visible.</doc>
<status status="PASS" starttime="20220422 01:42:36.534" endtime="20220422 01:42:37.650"/>
</kw>
<kw name="Click Element" library="AppiumLibrary">
<arg>${HAMBURGER}</arg>
<doc>Click element identified by `locator`.</doc>
<msg timestamp="20220422 01:42:37.653" level="INFO">Clicking element 'xpath=//android.widget.ImageButton[@content-desc="Open navigation drawer"]'.</msg>
<status status="PASS" starttime="20220422 01:42:37.650" endtime="20220422 01:42:37.779"/>
</kw>
<kw name="Wait Until Element Is Visible" library="AppiumLibrary">
<arg>${NAV_VIEW}</arg>
<doc>Waits until element specified with `locator` is visible.</doc>
<status status="PASS" starttime="20220422 01:42:37.779" endtime="20220422 01:42:38.721"/>
</kw>
<status status="PASS" starttime="20220422 01:42:36.534" endtime="20220422 01:42:38.722"/>
</kw>
<kw name="Click Text" library="AppiumLibrary">
<arg>INPUTS</arg>
<doc>Click text identified by ``text``.</doc>
<status status="PASS" starttime="20220422 01:42:38.722" endtime="20220422 01:42:38.869"/>
</kw>
<kw name="Wait Until Page Contains" library="AppiumLibrary">
<arg>INPUTS</arg>
<doc>Waits until `text` appears on current page.</doc>
<status status="PASS" starttime="20220422 01:42:38.870" endtime="20220422 01:42:39.276"/>
</kw>
<kw name="Click Text" library="AppiumLibrary">
<arg>CHECKBOX</arg>
<doc>Click text identified by ``text``.</doc>
<status status="PASS" starttime="20220422 01:42:39.276" endtime="20220422 01:42:39.882"/>
</kw>
<kw name="Wait Until Page Contains" library="AppiumLibrary">
<arg>Marque as techs que usam Appium</arg>
<doc>Waits until `text` appears on current page.</doc>
<status status="PASS" starttime="20220422 01:42:39.882" endtime="20220422 01:42:40.632"/>
</kw>
<status status="PASS" starttime="20220422 01:42:36.533" endtime="20220422 01:42:40.633"/>
</kw>
<kw name="Set Variable" library="BuiltIn">
<var>${element}</var>
<arg>xpath=//android.widget.CheckBox[contains(@text, 'Robot Framework')]</arg>
<doc>Returns the given values which can then be assigned to a variables.</doc>
<msg timestamp="20220422 01:42:40.633" level="INFO">${element} = xpath=//android.widget.CheckBox[contains(@text, 'Robot Framework')]</msg>
<status status="PASS" starttime="20220422 01:42:40.633" endtime="20220422 01:42:40.634"/>
</kw>
<kw name="Click Element" library="AppiumLibrary">
<arg>${element}</arg>
<doc>Click element identified by `locator`.</doc>
<msg timestamp="20220422 01:42:40.636" level="INFO">Clicking element 'xpath=//android.widget.CheckBox[contains(@text, 'Robot Framework')]'.</msg>
<status status="PASS" starttime="20220422 01:42:40.634" endtime="20220422 01:42:40.764"/>
</kw>
<kw name="Wait Until Element Is Visible" library="AppiumLibrary">
<arg>id=io.qaninja.android.twp:id/rvContainer</arg>
<doc>Waits until element specified with `locator` is visible.</doc>
<status status="PASS" starttime="20220422 01:42:40.765" endtime="20220422 01:42:41.706"/>
</kw>
<kw name="Element Attribute Should Match" library="AppiumLibrary">
<arg>${element}</arg>
<arg>checked</arg>
<arg>true</arg>
<doc>Verify that an attribute of an element matches the expected criteria.</doc>
<msg timestamp="20220422 01:42:41.787" level="INFO">Element 'xpath=//android.widget.CheckBox[contains(@text, 'Robot Framework')]' attribute 'checked' is 'true' </msg>
<status status="PASS" starttime="20220422 01:42:41.707" endtime="20220422 01:42:41.787"/>
</kw>
<kw name="Close Session" library="base" type="TEARDOWN">
<kw name="Close Application" library="AppiumLibrary">
<doc>Closes the current application and also close webdriver session.</doc>
<status status="PASS" starttime="20220422 01:42:41.789" endtime="20220422 01:42:42.085"/>
</kw>
<status status="PASS" starttime="20220422 01:42:41.787" endtime="20220422 01:42:42.086"/>
</kw>
<status status="PASS" starttime="20220422 01:42:24.311" endtime="20220422 01:42:42.086"/>
</test>
<status status="PASS" starttime="20220422 01:42:24.038" endtime="20220422 01:42:42.087"/>
</suite>
<suite id="s1-s2" name="Login" source="C:\Users\quint\OneDrive\Documentos\Repositorios\test_mobile_appium\twp\tests\login.robot">
<test id="s1-s2-t1" name="Deve logar com sucesso" line="8">
<kw name="Open Session" library="base" type="SETUP">
<kw name="Set Appium Timeout" library="AppiumLibrary">
<arg>7</arg>
<doc>Sets the timeout in seconds used by various keywords.</doc>
<status status="PASS" starttime="20220422 01:42:42.097" endtime="20220422 01:42:42.097"/>
</kw>
<kw name="Open Application" library="AppiumLibrary">
<arg>http://localhost:4723/wd/hub</arg>
<arg>automationName=UiAutomator2</arg>
<arg>deviceName=SM_G980F</arg>
<arg>platformName=Android</arg>
<arg>app=${EXECDIR}/App/twp.apk</arg>
<doc>Opens a new application to given Appium server.
Capabilities of appium server, Android and iOS,
Please check https://github.com/appium/appium/blob/master/docs/en/writing-running-appium/server-args.md
| *Option*            | *Man.* | *Description*     |
| remote_url          | Yes    | Appium server url |
| alias               | no     | alias             |</doc>
<status status="PASS" starttime="20220422 01:42:42.097" endtime="20220422 01:42:49.953"/>
</kw>
<kw name="Get Started" library="helpers">
<kw name="Wait Until Page Contains" library="AppiumLibrary">
<arg>${START}</arg>
<doc>Waits until `text` appears on current page.</doc>
<status status="PASS" starttime="20220422 01:42:49.955" endtime="20220422 01:42:54.371"/>
</kw>
<kw name="Click Text" library="AppiumLibrary">
<arg>${START}</arg>
<doc>Click text identified by ``text``.</doc>
<status status="PASS" starttime="20220422 01:42:54.371" endtime="20220422 01:42:54.582"/>
</kw>
<status status="PASS" starttime="20220422 01:42:49.953" endtime="20220422 01:42:54.582"/>
</kw>
<status status="PASS" starttime="20220422 01:42:42.097" endtime="20220422 01:42:54.583"/>
</kw>
<kw name="Abrir Formulario De Login" library="helpers">
<kw name="Open Nav" library="helpers">
<kw name="Wait Until Element Is Visible" library="AppiumLibrary">
<arg>${HAMBURGER}</arg>
<doc>Waits until element specified with `locator` is visible.</doc>
<status status="PASS" starttime="20220422 01:42:54.585" endtime="20220422 01:42:55.698"/>
</kw>
<kw name="Click Element" library="AppiumLibrary">
<arg>${HAMBURGER}</arg>
<doc>Click element identified by `locator`.</doc>
<msg timestamp="20220422 01:42:55.701" level="INFO">Clicking element 'xpath=//android.widget.ImageButton[@content-desc="Open navigation drawer"]'.</msg>
<status status="PASS" starttime="20220422 01:42:55.699" endtime="20220422 01:42:55.829"/>
</kw>
<kw name="Wait Until Element Is Visible" library="AppiumLibrary">
<arg>${NAV_VIEW}</arg>
<doc>Waits until element specified with `locator` is visible.</doc>
<status status="PASS" starttime="20220422 01:42:55.829" endtime="20220422 01:42:56.818"/>
</kw>
<status status="PASS" starttime="20220422 01:42:54.584" endtime="20220422 01:42:56.819"/>
</kw>
<kw name="Click Text" library="AppiumLibrary">
<arg>FORMS</arg>
<doc>Click text identified by ``text``.</doc>
<status status="PASS" starttime="20220422 01:42:56.819" endtime="20220422 01:42:56.973"/>
</kw>
<kw name="Wait Until Page Contains" library="AppiumLibrary">
<arg>FORMS</arg>
<doc>Waits until `text` appears on current page.</doc>
<status status="PASS" starttime="20220422 01:42:56.973" endtime="20220422 01:42:57.413"/>
</kw>
<kw name="Click Text" library="AppiumLibrary">
<arg>LOGIN</arg>
<doc>Click text identified by ``text``.</doc>
<status status="PASS" starttime="20220422 01:42:57.413" endtime="20220422 01:42:58.001"/>
</kw>
<kw name="Wait Until Page Contains" library="AppiumLibrary">
<arg>Fala QA, vamos testar o login?</arg>
<doc>Waits until `text` appears on current page.</doc>
<status status="PASS" starttime="20220422 01:42:58.001" endtime="20220422 01:42:58.767"/>
</kw>
<status status="PASS" starttime="20220422 01:42:54.583" endtime="20220422 01:42:58.768"/>
</kw>
<kw name="Input Text" library="AppiumLibrary">
<arg>${ET_EMAIL}</arg>
<arg>eu@papito.io</arg>
<doc>Types the given `text` into text field identified by `locator`.</doc>
<msg timestamp="20220422 01:42:58.770" level="INFO">Typing text 'eu@papito.io' into text field 'id=io.qaninja.android.twp:id/etEmail'</msg>
<status status="PASS" starttime="20220422 01:42:58.768" endtime="20220422 01:42:59.402"/>
</kw>
<kw name="Input Text" library="AppiumLibrary">
<arg>${ET_PASSWORD}</arg>
<arg>qaninja</arg>
<doc>Types the given `text` into text field identified by `locator`.</doc>
<msg timestamp="20220422 01:42:59.405" level="INFO">Typing text 'qaninja' into text field 'id=io.qaninja.android.twp:id/etPassword'</msg>
<status status="PASS" starttime="20220422 01:42:59.402" endtime="20220422 01:43:00.497"/>
</kw>
<kw name="Click Element" library="AppiumLibrary">
<arg>${BTN_SUBMIT}</arg>
<doc>Click element identified by `locator`.</doc>
<msg timestamp="20220422 01:43:00.500" level="INFO">Clicking element 'id=io.qaninja.android.twp:id/btnSubmit'.</msg>
<status status="PASS" starttime="20220422 01:43:00.498" endtime="20220422 01:43:01.229"/>
</kw>
<kw name="Wait Until Page Contains" library="AppiumLibrary">
<arg>Show! Suas credenciais são validas.</arg>
<doc>Waits until `text` appears on current page.</doc>
<status status="PASS" starttime="20220422 01:43:01.229" endtime="20220422 01:43:01.320"/>
</kw>
<kw name="Close Session" library="base" type="TEARDOWN">
<kw name="Close Application" library="AppiumLibrary">
<doc>Closes the current application and also close webdriver session.</doc>
<status status="PASS" starttime="20220422 01:43:01.321" endtime="20220422 01:43:01.668"/>
</kw>
<status status="PASS" starttime="20220422 01:43:01.321" endtime="20220422 01:43:01.669"/>
</kw>
<status status="PASS" starttime="20220422 01:42:42.096" endtime="20220422 01:43:01.669"/>
</test>
<test id="s1-s2-t2" name="Deve mostrar senha inválida" line="17">
<kw name="Open Session" library="base" type="SETUP">
<kw name="Set Appium Timeout" library="AppiumLibrary">
<arg>7</arg>
<doc>Sets the timeout in seconds used by various keywords.</doc>
<status status="PASS" starttime="20220422 01:43:01.672" endtime="20220422 01:43:01.672"/>
</kw>
<kw name="Open Application" library="AppiumLibrary">
<arg>http://localhost:4723/wd/hub</arg>
<arg>automationName=UiAutomator2</arg>
<arg>deviceName=SM_G980F</arg>
<arg>platformName=Android</arg>
<arg>app=${EXECDIR}/App/twp.apk</arg>
<doc>Opens a new application to given Appium server.
Capabilities of appium server, Android and iOS,
Please check https://github.com/appium/appium/blob/master/docs/en/writing-running-appium/server-args.md
| *Option*            | *Man.* | *Description*     |
| remote_url          | Yes    | Appium server url |
| alias               | no     | alias             |</doc>
<status status="PASS" starttime="20220422 01:43:01.673" endtime="20220422 01:43:09.502"/>
</kw>
<kw name="Get Started" library="helpers">
<kw name="Wait Until Page Contains" library="AppiumLibrary">
<arg>${START}</arg>
<doc>Waits until `text` appears on current page.</doc>
<status status="PASS" starttime="20220422 01:43:09.503" endtime="20220422 01:43:13.976"/>
</kw>
<kw name="Click Text" library="AppiumLibrary">
<arg>${START}</arg>
<doc>Click text identified by ``text``.</doc>
<status status="PASS" starttime="20220422 01:43:13.976" endtime="20220422 01:43:14.193"/>
</kw>
<status status="PASS" starttime="20220422 01:43:09.502" endtime="20220422 01:43:14.194"/>
</kw>
<status status="PASS" starttime="20220422 01:43:01.671" endtime="20220422 01:43:14.194"/>
</kw>
<kw name="Abrir Formulario De Login" library="helpers">
<kw name="Open Nav" library="helpers">
<kw name="Wait Until Element Is Visible" library="AppiumLibrary">
<arg>${HAMBURGER}</arg>
<doc>Waits until element specified with `locator` is visible.</doc>
<status status="PASS" starttime="20220422 01:43:14.195" endtime="20220422 01:43:15.310"/>
</kw>
<kw name="Click Element" library="AppiumLibrary">
<arg>${HAMBURGER}</arg>
<doc>Click element identified by `locator`.</doc>
<msg timestamp="20220422 01:43:15.312" level="INFO">Clicking element 'xpath=//android.widget.ImageButton[@content-desc="Open navigation drawer"]'.</msg>
<status status="PASS" starttime="20220422 01:43:15.310" endtime="20220422 01:43:15.439"/>
</kw>
<kw name="Wait Until Element Is Visible" library="AppiumLibrary">
<arg>${NAV_VIEW}</arg>
<doc>Waits until element specified with `locator` is visible.</doc>
<status status="PASS" starttime="20220422 01:43:15.440" endtime="20220422 01:43:16.461"/>
</kw>
<status status="PASS" starttime="20220422 01:43:14.195" endtime="20220422 01:43:16.462"/>
</kw>
<kw name="Click Text" library="AppiumLibrary">
<arg>FORMS</arg>
<doc>Click text identified by ``text``.</doc>
<status status="PASS" starttime="20220422 01:43:16.462" endtime="20220422 01:43:16.604"/>
</kw>
<kw name="Wait Until Page Contains" library="AppiumLibrary">
<arg>FORMS</arg>
<doc>Waits until `text` appears on current page.</doc>
<status status="PASS" starttime="20220422 01:43:16.604" endtime="20220422 01:43:16.991"/>
</kw>
<kw name="Click Text" library="AppiumLibrary">
<arg>LOGIN</arg>
<doc>Click text identified by ``text``.</doc>
<status status="PASS" starttime="20220422 01:43:16.991" endtime="20220422 01:43:17.601"/>
</kw>
<kw name="Wait Until Page Contains" library="AppiumLibrary">
<arg>Fala QA, vamos testar o login?</arg>
<doc>Waits until `text` appears on current page.</doc>
<status status="PASS" starttime="20220422 01:43:17.601" endtime="20220422 01:43:18.377"/>
</kw>
<status status="PASS" starttime="20220422 01:43:14.195" endtime="20220422 01:43:18.378"/>
</kw>
<kw name="Input Text" library="AppiumLibrary">
<arg>${ET_EMAIL}</arg>
<arg>eu@papito.io</arg>
<doc>Types the given `text` into text field identified by `locator`.</doc>
<msg timestamp="20220422 01:43:18.381" level="INFO">Typing text 'eu@papito.io' into text field 'id=io.qaninja.android.twp:id/etEmail'</msg>
<status status="PASS" starttime="20220422 01:43:18.378" endtime="20220422 01:43:18.528"/>
</kw>
<kw name="Input Text" library="AppiumLibrary">
<arg>${ET_PASSWORD}</arg>
<arg>senhaTeste123</arg>
<doc>Types the given `text` into text field identified by `locator`.</doc>
<msg timestamp="20220422 01:43:18.531" level="INFO">Typing text 'senhaTeste123' into text field 'id=io.qaninja.android.twp:id/etPassword'</msg>
<status status="PASS" starttime="20220422 01:43:18.528" endtime="20220422 01:43:19.617"/>
</kw>
<kw name="Click Element" library="AppiumLibrary">
<arg>${BTN_SUBMIT}</arg>
<doc>Click element identified by `locator`.</doc>
<msg timestamp="20220422 01:43:19.620" level="INFO">Clicking element 'id=io.qaninja.android.twp:id/btnSubmit'.</msg>
<status status="PASS" starttime="20220422 01:43:19.618" endtime="20220422 01:43:20.225"/>
</kw>
<kw name="Wait Until Page Contains" library="AppiumLibrary">
<arg>Senha inválida!</arg>
<doc>Waits until `text` appears on current page.</doc>
<status status="PASS" starttime="20220422 01:43:20.226" endtime="20220422 01:43:20.811"/>
</kw>
<kw name="Close Session" library="base" type="TEARDOWN">
<kw name="Close Application" library="AppiumLibrary">
<doc>Closes the current application and also close webdriver session.</doc>
<status status="PASS" starttime="20220422 01:43:20.812" endtime="20220422 01:43:21.117"/>
</kw>
<status status="PASS" starttime="20220422 01:43:20.811" endtime="20220422 01:43:21.117"/>
</kw>
<status status="PASS" starttime="20220422 01:43:01.670" endtime="20220422 01:43:21.118"/>
</test>
<status status="PASS" starttime="20220422 01:42:42.089" endtime="20220422 01:43:21.119"/>
</suite>
<suite id="s1-s3" name="Nav" source="C:\Users\quint\OneDrive\Documentos\Repositorios\test_mobile_appium\twp\tests\nav.robot">
<test id="s1-s3-t1" name="Devo acessar a tela Avengers" line="11">
<kw name="Open Session" library="base" type="SETUP">
<kw name="Set Appium Timeout" library="AppiumLibrary">
<arg>7</arg>
<doc>Sets the timeout in seconds used by various keywords.</doc>
<status status="PASS" starttime="20220422 01:43:21.130" endtime="20220422 01:43:21.131"/>
</kw>
<kw name="Open Application" library="AppiumLibrary">
<arg>http://localhost:4723/wd/hub</arg>
<arg>automationName=UiAutomator2</arg>
<arg>deviceName=SM_G980F</arg>
<arg>platformName=Android</arg>
<arg>app=${EXECDIR}/App/twp.apk</arg>
<doc>Opens a new application to given Appium server.
Capabilities of appium server, Android and iOS,
Please check https://github.com/appium/appium/blob/master/docs/en/writing-running-appium/server-args.md
| *Option*            | *Man.* | *Description*     |
| remote_url          | Yes    | Appium server url |
| alias               | no     | alias             |</doc>
<status status="PASS" starttime="20220422 01:43:21.131" endtime="20220422 01:43:29.440"/>
</kw>
<kw name="Get Started" library="helpers">
<kw name="Wait Until Page Contains" library="AppiumLibrary">
<arg>${START}</arg>
<doc>Waits until `text` appears on current page.</doc>
<status status="PASS" starttime="20220422 01:43:29.440" endtime="20220422 01:43:33.868"/>
</kw>
<kw name="Click Text" library="AppiumLibrary">
<arg>${START}</arg>
<doc>Click text identified by ``text``.</doc>
<status status="PASS" starttime="20220422 01:43:33.868" endtime="20220422 01:43:34.092"/>
</kw>
<status status="PASS" starttime="20220422 01:43:29.440" endtime="20220422 01:43:34.092"/>
</kw>
<status status="PASS" starttime="20220422 01:43:21.130" endtime="20220422 01:43:34.092"/>
</kw>
<kw name="Open Nav" library="helpers">
<kw name="Wait Until Element Is Visible" library="AppiumLibrary">
<arg>${HAMBURGER}</arg>
<doc>Waits until element specified with `locator` is visible.</doc>
<status status="PASS" starttime="20220422 01:43:34.093" endtime="20220422 01:43:35.218"/>
</kw>
<kw name="Click Element" library="AppiumLibrary">
<arg>${HAMBURGER}</arg>
<doc>Click element identified by `locator`.</doc>
<msg timestamp="20220422 01:43:35.222" level="INFO">Clicking element 'xpath=//android.widget.ImageButton[@content-desc="Open navigation drawer"]'.</msg>
<status status="PASS" starttime="20220422 01:43:35.219" endtime="20220422 01:43:35.337"/>
</kw>
<kw name="Wait Until Element Is Visible" library="AppiumLibrary">
<arg>${NAV_VIEW}</arg>
<doc>Waits until element specified with `locator` is visible.</doc>
<status status="PASS" starttime="20220422 01:43:35.337" endtime="20220422 01:43:36.275"/>
</kw>
<status status="PASS" starttime="20220422 01:43:34.093" endtime="20220422 01:43:36.275"/>
</kw>
<kw name="Click Text" library="AppiumLibrary">
<arg>AVENGERS</arg>
<doc>Click text identified by ``text``.</doc>
<status status="PASS" starttime="20220422 01:43:36.277" endtime="20220422 01:43:36.417"/>
</kw>
<kw name="Wait Until Element Is Visible" library="AppiumLibrary">
<arg>${TOOLBAR_TITLE}</arg>
<doc>Waits until element specified with `locator` is visible.</doc>
<status status="PASS" starttime="20220422 01:43:36.418" endtime="20220422 01:43:37.338"/>
</kw>
<kw name="Element Name Should Be" library="AppiumLibrary">
<arg>${TOOLBAR_TITLE}</arg>
<arg>AVENGERS</arg>
<msg timestamp="20220422 01:43:37.405" level="INFO">Element 'id=io.qaninja.android.twp:id/toolbarTitle' name is 'AVENGERS' </msg>
<status status="PASS" starttime="20220422 01:43:37.338" endtime="20220422 01:43:37.407"/>
</kw>
<kw name="Wait Until Page Contains" library="AppiumLibrary">
<arg>AVENGERS</arg>
<doc>Waits until `text` appears on current page.</doc>
<status status="PASS" starttime="20220422 01:43:37.407" endtime="20220422 01:43:37.459"/>
</kw>
<kw name="Close Session" library="base" type="TEARDOWN">
<kw name="Close Application" library="AppiumLibrary">
<doc>Closes the current application and also close webdriver session.</doc>
<status status="PASS" starttime="20220422 01:43:37.462" endtime="20220422 01:43:37.839"/>
</kw>
<status status="PASS" starttime="20220422 01:43:37.461" endtime="20220422 01:43:37.839"/>
</kw>
<status status="PASS" starttime="20220422 01:43:21.129" endtime="20220422 01:43:37.840"/>
</test>
<test id="s1-s3-t2" name="Devo acessar a tela Forms" line="19">
<kw name="Open Session" library="base" type="SETUP">
<kw name="Set Appium Timeout" library="AppiumLibrary">
<arg>7</arg>
<doc>Sets the timeout in seconds used by various keywords.</doc>
<status status="PASS" starttime="20220422 01:43:37.844" endtime="20220422 01:43:37.844"/>
</kw>
<kw name="Open Application" library="AppiumLibrary">
<arg>http://localhost:4723/wd/hub</arg>
<arg>automationName=UiAutomator2</arg>
<arg>deviceName=SM_G980F</arg>
<arg>platformName=Android</arg>
<arg>app=${EXECDIR}/App/twp.apk</arg>
<doc>Opens a new application to given Appium server.
Capabilities of appium server, Android and iOS,
Please check https://github.com/appium/appium/blob/master/docs/en/writing-running-appium/server-args.md
| *Option*            | *Man.* | *Description*     |
| remote_url          | Yes    | Appium server url |
| alias               | no     | alias             |</doc>
<status status="PASS" starttime="20220422 01:43:37.845" endtime="20220422 01:43:46.528"/>
</kw>
<kw name="Get Started" library="helpers">
<kw name="Wait Until Page Contains" library="AppiumLibrary">
<arg>${START}</arg>
<doc>Waits until `text` appears on current page.</doc>
<status status="PASS" starttime="20220422 01:43:46.529" endtime="20220422 01:43:51.132"/>
</kw>
<kw name="Click Text" library="AppiumLibrary">
<arg>${START}</arg>
<doc>Click text identified by ``text``.</doc>
<status status="PASS" starttime="20220422 01:43:51.132" endtime="20220422 01:43:51.365"/>
</kw>
<status status="PASS" starttime="20220422 01:43:46.528" endtime="20220422 01:43:51.365"/>
</kw>
<status status="PASS" starttime="20220422 01:43:37.843" endtime="20220422 01:43:51.365"/>
</kw>
<kw name="Open Nav" library="helpers">
<kw name="Wait Until Element Is Visible" library="AppiumLibrary">
<arg>${HAMBURGER}</arg>
<doc>Waits until element specified with `locator` is visible.</doc>
<status status="PASS" starttime="20220422 01:43:51.369" endtime="20220422 01:43:52.487"/>
</kw>
<kw name="Click Element" library="AppiumLibrary">
<arg>${HAMBURGER}</arg>
<doc>Click element identified by `locator`.</doc>
<msg timestamp="20220422 01:43:52.492" level="INFO">Clicking element 'xpath=//android.widget.ImageButton[@content-desc="Open navigation drawer"]'.</msg>
<status status="PASS" starttime="20220422 01:43:52.487" endtime="20220422 01:43:52.643"/>
</kw>
<kw name="Wait Until Element Is Visible" library="AppiumLibrary">
<arg>${NAV_VIEW}</arg>
<doc>Waits until element specified with `locator` is visible.</doc>
<status status="PASS" starttime="20220422 01:43:52.644" endtime="20220422 01:43:53.623"/>
</kw>
<status status="PASS" starttime="20220422 01:43:51.367" endtime="20220422 01:43:53.623"/>
</kw>
<kw name="Click Text" library="AppiumLibrary">
<arg>FORMS</arg>
<doc>Click text identified by ``text``.</doc>
<status status="PASS" starttime="20220422 01:43:53.624" endtime="20220422 01:43:53.764"/>
</kw>
<kw name="Wait Until Element Is Visible" library="AppiumLibrary">
<arg>${TOOLBAR_TITLE}</arg>
<doc>Waits until element specified with `locator` is visible.</doc>
<kw name="Capture Page Screenshot" library="AppiumLibrary">
<doc>Takes a screenshot of the current page and embeds it into the log.</doc>
<msg timestamp="20220422 01:43:57.229" level="INFO" html="true">&lt;/td&gt;&lt;/tr&gt;&lt;tr&gt;&lt;td colspan="3"&gt;&lt;a href="appium-screenshot-1.png"&gt;&lt;img src="appium-screenshot-1.png" width="800px"&gt;&lt;/a&gt;</msg>
<status status="PASS" starttime="20220422 01:43:56.748" endtime="20220422 01:43:57.229"/>
</kw>
<msg timestamp="20220422 01:43:57.230" level="FAIL">StaleElementReferenceException: Message: Cached elements 'By.id: io.qaninja.android.twp:id/toolbarTitle' do not exist in DOM anymore
</msg>
<status status="FAIL" starttime="20220422 01:43:53.769" endtime="20220422 01:43:57.243"/>
</kw>
<kw name="Element Name Should Be" library="AppiumLibrary">
<arg>${TOOLBAR_TITLE}</arg>
<arg>FORMS</arg>
<status status="NOT RUN" starttime="20220422 01:43:57.244" endtime="20220422 01:43:57.244"/>
</kw>
<kw name="Wait Until Page Contains" library="AppiumLibrary">
<arg>FORMS</arg>
<doc>Waits until `text` appears on current page.</doc>
<status status="NOT RUN" starttime="20220422 01:43:57.244" endtime="20220422 01:43:57.245"/>
</kw>
<kw name="Close Session" library="base" type="TEARDOWN">
<kw name="Close Application" library="AppiumLibrary">
<doc>Closes the current application and also close webdriver session.</doc>
<status status="PASS" starttime="20220422 01:43:57.247" endtime="20220422 01:43:57.604"/>
</kw>
<status status="PASS" starttime="20220422 01:43:57.246" endtime="20220422 01:43:57.604"/>
</kw>
<status status="FAIL" starttime="20220422 01:43:37.841" endtime="20220422 01:43:57.606">StaleElementReferenceException: Message: Cached elements 'By.id: io.qaninja.android.twp:id/toolbarTitle' do not exist in DOM anymore
</status>
</test>
<test id="s1-s3-t3" name="Devo acessar a tela Dialogs" line="27">
<kw name="Open Session" library="base" type="SETUP">
<kw name="Set Appium Timeout" library="AppiumLibrary">
<arg>7</arg>
<doc>Sets the timeout in seconds used by various keywords.</doc>
<status status="PASS" starttime="20220422 01:43:57.609" endtime="20220422 01:43:57.609"/>
</kw>
<kw name="Open Application" library="AppiumLibrary">
<arg>http://localhost:4723/wd/hub</arg>
<arg>automationName=UiAutomator2</arg>
<arg>deviceName=SM_G980F</arg>
<arg>platformName=Android</arg>
<arg>app=${EXECDIR}/App/twp.apk</arg>
<doc>Opens a new application to given Appium server.
Capabilities of appium server, Android and iOS,
Please check https://github.com/appium/appium/blob/master/docs/en/writing-running-appium/server-args.md
| *Option*            | *Man.* | *Description*     |
| remote_url          | Yes    | Appium server url |
| alias               | no     | alias             |</doc>
<status status="PASS" starttime="20220422 01:43:57.609" endtime="20220422 01:44:05.849"/>
</kw>
<kw name="Get Started" library="helpers">
<kw name="Wait Until Page Contains" library="AppiumLibrary">
<arg>${START}</arg>
<doc>Waits until `text` appears on current page.</doc>
<status status="PASS" starttime="20220422 01:44:05.850" endtime="20220422 01:44:10.328"/>
</kw>
<kw name="Click Text" library="AppiumLibrary">
<arg>${START}</arg>
<doc>Click text identified by ``text``.</doc>
<status status="PASS" starttime="20220422 01:44:10.329" endtime="20220422 01:44:10.548"/>
</kw>
<status status="PASS" starttime="20220422 01:44:05.849" endtime="20220422 01:44:10.549"/>
</kw>
<status status="PASS" starttime="20220422 01:43:57.608" endtime="20220422 01:44:10.549"/>
</kw>
<kw name="Open Nav" library="helpers">
<kw name="Wait Until Element Is Visible" library="AppiumLibrary">
<arg>${HAMBURGER}</arg>
<doc>Waits until element specified with `locator` is visible.</doc>
<status status="PASS" starttime="20220422 01:44:10.551" endtime="20220422 01:44:11.669"/>
</kw>
<kw name="Click Element" library="AppiumLibrary">
<arg>${HAMBURGER}</arg>
<doc>Click element identified by `locator`.</doc>
<msg timestamp="20220422 01:44:11.672" level="INFO">Clicking element 'xpath=//android.widget.ImageButton[@content-desc="Open navigation drawer"]'.</msg>
<status status="PASS" starttime="20220422 01:44:11.669" endtime="20220422 01:44:11.793"/>
</kw>
<kw name="Wait Until Element Is Visible" library="AppiumLibrary">
<arg>${NAV_VIEW}</arg>
<doc>Waits until element specified with `locator` is visible.</doc>
<status status="PASS" starttime="20220422 01:44:11.793" endtime="20220422 01:44:12.788"/>
</kw>
<status status="PASS" starttime="20220422 01:44:10.550" endtime="20220422 01:44:12.789"/>
</kw>
<kw name="Click Text" library="AppiumLibrary">
<arg>DIALOGS</arg>
<doc>Click text identified by ``text``.</doc>
<status status="PASS" starttime="20220422 01:44:12.790" endtime="20220422 01:44:12.938"/>
</kw>
<kw name="Wait Until Element Is Visible" library="AppiumLibrary">
<arg>${TOOLBAR_TITLE}</arg>
<doc>Waits until element specified with `locator` is visible.</doc>
<status status="PASS" starttime="20220422 01:44:12.938" endtime="20220422 01:44:13.896"/>
</kw>
<kw name="Element Name Should Be" library="AppiumLibrary">
<arg>${TOOLBAR_TITLE}</arg>
<arg>DIALOGS</arg>
<msg timestamp="20220422 01:44:13.954" level="INFO">Element 'id=io.qaninja.android.twp:id/toolbarTitle' name is 'DIALOGS' </msg>
<status status="PASS" starttime="20220422 01:44:13.898" endtime="20220422 01:44:13.955"/>
</kw>
<kw name="Wait Until Page Contains" library="AppiumLibrary">
<arg>DIALOGS</arg>
<doc>Waits until `text` appears on current page.</doc>
<status status="PASS" starttime="20220422 01:44:13.955" endtime="20220422 01:44:14.000"/>
</kw>
<kw name="Close Session" library="base" type="TEARDOWN">
<kw name="Close Application" library="AppiumLibrary">
<doc>Closes the current application and also close webdriver session.</doc>
<status status="PASS" starttime="20220422 01:44:14.002" endtime="20220422 01:44:14.449"/>
</kw>
<status status="PASS" starttime="20220422 01:44:14.001" endtime="20220422 01:44:14.450"/>
</kw>
<status status="PASS" starttime="20220422 01:43:57.607" endtime="20220422 01:44:14.450"/>
</test>
<test id="s1-s3-t4" name="Devo acessar a tela Seek Bar" line="35">
<kw name="Open Session" library="base" type="SETUP">
<kw name="Set Appium Timeout" library="AppiumLibrary">
<arg>7</arg>
<doc>Sets the timeout in seconds used by various keywords.</doc>
<status status="PASS" starttime="20220422 01:44:14.453" endtime="20220422 01:44:14.454"/>
</kw>
<kw name="Open Application" library="AppiumLibrary">
<arg>http://localhost:4723/wd/hub</arg>
<arg>automationName=UiAutomator2</arg>
<arg>deviceName=SM_G980F</arg>
<arg>platformName=Android</arg>
<arg>app=${EXECDIR}/App/twp.apk</arg>
<doc>Opens a new application to given Appium server.
Capabilities of appium server, Android and iOS,
Please check https://github.com/appium/appium/blob/master/docs/en/writing-running-appium/server-args.md
| *Option*            | *Man.* | *Description*     |
| remote_url          | Yes    | Appium server url |
| alias               | no     | alias             |</doc>
<status status="PASS" starttime="20220422 01:44:14.454" endtime="20220422 01:44:22.638"/>
</kw>
<kw name="Get Started" library="helpers">
<kw name="Wait Until Page Contains" library="AppiumLibrary">
<arg>${START}</arg>
<doc>Waits until `text` appears on current page.</doc>
<status status="PASS" starttime="20220422 01:44:22.639" endtime="20220422 01:44:27.108"/>
</kw>
<kw name="Click Text" library="AppiumLibrary">
<arg>${START}</arg>
<doc>Click text identified by ``text``.</doc>
<status status="PASS" starttime="20220422 01:44:27.108" endtime="20220422 01:44:27.320"/>
</kw>
<status status="PASS" starttime="20220422 01:44:22.638" endtime="20220422 01:44:27.320"/>
</kw>
<status status="PASS" starttime="20220422 01:44:14.453" endtime="20220422 01:44:27.320"/>
</kw>
<kw name="Open Nav" library="helpers">
<kw name="Wait Until Element Is Visible" library="AppiumLibrary">
<arg>${HAMBURGER}</arg>
<doc>Waits until element specified with `locator` is visible.</doc>
<status status="PASS" starttime="20220422 01:44:27.322" endtime="20220422 01:44:28.449"/>
</kw>
<kw name="Click Element" library="AppiumLibrary">
<arg>${HAMBURGER}</arg>
<doc>Click element identified by `locator`.</doc>
<msg timestamp="20220422 01:44:28.452" level="INFO">Clicking element 'xpath=//android.widget.ImageButton[@content-desc="Open navigation drawer"]'.</msg>
<status status="PASS" starttime="20220422 01:44:28.450" endtime="20220422 01:44:28.567"/>
</kw>
<kw name="Wait Until Element Is Visible" library="AppiumLibrary">
<arg>${NAV_VIEW}</arg>
<doc>Waits until element specified with `locator` is visible.</doc>
<status status="PASS" starttime="20220422 01:44:28.568" endtime="20220422 01:44:29.554"/>
</kw>
<status status="PASS" starttime="20220422 01:44:27.321" endtime="20220422 01:44:29.555"/>
</kw>
<kw name="Click Text" library="AppiumLibrary">
<arg>SEEK BAR</arg>
<doc>Click text identified by ``text``.</doc>
<status status="PASS" starttime="20220422 01:44:29.555" endtime="20220422 01:44:29.719"/>
</kw>
<kw name="Wait Until Element Is Visible" library="AppiumLibrary">
<arg>${TOOLBAR_TITLE}</arg>
<doc>Waits until element specified with `locator` is visible.</doc>
<status status="PASS" starttime="20220422 01:44:29.720" endtime="20220422 01:44:30.682"/>
</kw>
<kw name="Element Name Should Be" library="AppiumLibrary">
<arg>${TOOLBAR_TITLE}</arg>
<arg>SEEK BAR</arg>
<msg timestamp="20220422 01:44:30.754" level="INFO">Element 'id=io.qaninja.android.twp:id/toolbarTitle' name is 'SEEK BAR' </msg>
<status status="PASS" starttime="20220422 01:44:30.683" endtime="20220422 01:44:30.754"/>
</kw>
<kw name="Wait Until Page Contains" library="AppiumLibrary">
<arg>SEEK BAR</arg>
<doc>Waits until `text` appears on current page.</doc>
<status status="PASS" starttime="20220422 01:44:30.755" endtime="20220422 01:44:30.804"/>
</kw>
<kw name="Close Session" library="base" type="TEARDOWN">
<kw name="Close Application" library="AppiumLibrary">
<doc>Closes the current application and also close webdriver session.</doc>
<status status="PASS" starttime="20220422 01:44:30.806" endtime="20220422 01:44:31.204"/>
</kw>
<status status="PASS" starttime="20220422 01:44:30.806" endtime="20220422 01:44:31.204"/>
</kw>
<status status="PASS" starttime="20220422 01:44:14.452" endtime="20220422 01:44:31.204"/>
</test>
<test id="s1-s3-t5" name="Devo acessar a tela Inputs" line="43">
<kw name="Open Session" library="base" type="SETUP">
<kw name="Set Appium Timeout" library="AppiumLibrary">
<arg>7</arg>
<doc>Sets the timeout in seconds used by various keywords.</doc>
<status status="PASS" starttime="20220422 01:44:31.207" endtime="20220422 01:44:31.208"/>
</kw>
<kw name="Open Application" library="AppiumLibrary">
<arg>http://localhost:4723/wd/hub</arg>
<arg>automationName=UiAutomator2</arg>
<arg>deviceName=SM_G980F</arg>
<arg>platformName=Android</arg>
<arg>app=${EXECDIR}/App/twp.apk</arg>
<doc>Opens a new application to given Appium server.
Capabilities of appium server, Android and iOS,
Please check https://github.com/appium/appium/blob/master/docs/en/writing-running-appium/server-args.md
| *Option*            | *Man.* | *Description*     |
| remote_url          | Yes    | Appium server url |
| alias               | no     | alias             |</doc>
<status status="PASS" starttime="20220422 01:44:31.208" endtime="20220422 01:44:39.399"/>
</kw>
<kw name="Get Started" library="helpers">
<kw name="Wait Until Page Contains" library="AppiumLibrary">
<arg>${START}</arg>
<doc>Waits until `text` appears on current page.</doc>
<status status="PASS" starttime="20220422 01:44:39.400" endtime="20220422 01:44:43.880"/>
</kw>
<kw name="Click Text" library="AppiumLibrary">
<arg>${START}</arg>
<doc>Click text identified by ``text``.</doc>
<status status="PASS" starttime="20220422 01:44:43.880" endtime="20220422 01:44:44.097"/>
</kw>
<status status="PASS" starttime="20220422 01:44:39.399" endtime="20220422 01:44:44.098"/>
</kw>
<status status="PASS" starttime="20220422 01:44:31.207" endtime="20220422 01:44:44.098"/>
</kw>
<kw name="Open Nav" library="helpers">
<kw name="Wait Until Element Is Visible" library="AppiumLibrary">
<arg>${HAMBURGER}</arg>
<doc>Waits until element specified with `locator` is visible.</doc>
<status status="PASS" starttime="20220422 01:44:44.099" endtime="20220422 01:44:45.215"/>
</kw>
<kw name="Click Element" library="AppiumLibrary">
<arg>${HAMBURGER}</arg>
<doc>Click element identified by `locator`.</doc>
<msg timestamp="20220422 01:44:45.218" level="INFO">Clicking element 'xpath=//android.widget.ImageButton[@content-desc="Open navigation drawer"]'.</msg>
<status status="PASS" starttime="20220422 01:44:45.215" endtime="20220422 01:44:45.324"/>
</kw>
<kw name="Wait Until Element Is Visible" library="AppiumLibrary">
<arg>${NAV_VIEW}</arg>
<doc>Waits until element specified with `locator` is visible.</doc>
<status status="PASS" starttime="20220422 01:44:45.324" endtime="20220422 01:44:46.264"/>
</kw>
<status status="PASS" starttime="20220422 01:44:44.099" endtime="20220422 01:44:46.266"/>
</kw>
<kw name="Click Text" library="AppiumLibrary">
<arg>INPUTS</arg>
<doc>Click text identified by ``text``.</doc>
<status status="PASS" starttime="20220422 01:44:46.266" endtime="20220422 01:44:46.422"/>
</kw>
<kw name="Wait Until Element Is Visible" library="AppiumLibrary">
<arg>${TOOLBAR_TITLE}</arg>
<doc>Waits until element specified with `locator` is visible.</doc>
<status status="PASS" starttime="20220422 01:44:46.423" endtime="20220422 01:44:47.342"/>
</kw>
<kw name="Element Name Should Be" library="AppiumLibrary">
<arg>${TOOLBAR_TITLE}</arg>
<arg>INPUTS</arg>
<msg timestamp="20220422 01:44:47.410" level="INFO">Element 'id=io.qaninja.android.twp:id/toolbarTitle' name is 'INPUTS' </msg>
<status status="PASS" starttime="20220422 01:44:47.343" endtime="20220422 01:44:47.411"/>
</kw>
<kw name="Wait Until Page Contains" library="AppiumLibrary">
<arg>INPUTS</arg>
<doc>Waits until `text` appears on current page.</doc>
<status status="PASS" starttime="20220422 01:44:47.411" endtime="20220422 01:44:47.459"/>
</kw>
<kw name="Close Session" library="base" type="TEARDOWN">
<kw name="Close Application" library="AppiumLibrary">
<doc>Closes the current application and also close webdriver session.</doc>
<status status="PASS" starttime="20220422 01:44:47.461" endtime="20220422 01:44:47.806"/>
</kw>
<status status="PASS" starttime="20220422 01:44:47.460" endtime="20220422 01:44:47.806"/>
</kw>
<status status="PASS" starttime="20220422 01:44:31.206" endtime="20220422 01:44:47.807"/>
</test>
<test id="s1-s3-t6" name="Devo acessar a tela Botões" line="51">
<kw name="Open Session" library="base" type="SETUP">
<kw name="Set Appium Timeout" library="AppiumLibrary">
<arg>7</arg>
<doc>Sets the timeout in seconds used by various keywords.</doc>
<status status="PASS" starttime="20220422 01:44:47.809" endtime="20220422 01:44:47.810"/>
</kw>
<kw name="Open Application" library="AppiumLibrary">
<arg>http://localhost:4723/wd/hub</arg>
<arg>automationName=UiAutomator2</arg>
<arg>deviceName=SM_G980F</arg>
<arg>platformName=Android</arg>
<arg>app=${EXECDIR}/App/twp.apk</arg>
<doc>Opens a new application to given Appium server.
Capabilities of appium server, Android and iOS,
Please check https://github.com/appium/appium/blob/master/docs/en/writing-running-appium/server-args.md
| *Option*            | *Man.* | *Description*     |
| remote_url          | Yes    | Appium server url |
| alias               | no     | alias             |</doc>
<status status="PASS" starttime="20220422 01:44:47.810" endtime="20220422 01:44:55.715"/>
</kw>
<kw name="Get Started" library="helpers">
<kw name="Wait Until Page Contains" library="AppiumLibrary">
<arg>${START}</arg>
<doc>Waits until `text` appears on current page.</doc>
<status status="PASS" starttime="20220422 01:44:55.716" endtime="20220422 01:45:00.232"/>
</kw>
<kw name="Click Text" library="AppiumLibrary">
<arg>${START}</arg>
<doc>Click text identified by ``text``.</doc>
<status status="PASS" starttime="20220422 01:45:00.232" endtime="20220422 01:45:00.455"/>
</kw>
<status status="PASS" starttime="20220422 01:44:55.716" endtime="20220422 01:45:00.456"/>
</kw>
<status status="PASS" starttime="20220422 01:44:47.808" endtime="20220422 01:45:00.456"/>
</kw>
<kw name="Open Nav" library="helpers">
<kw name="Wait Until Element Is Visible" library="AppiumLibrary">
<arg>${HAMBURGER}</arg>
<doc>Waits until element specified with `locator` is visible.</doc>
<status status="PASS" starttime="20220422 01:45:00.457" endtime="20220422 01:45:01.578"/>
</kw>
<kw name="Click Element" library="AppiumLibrary">
<arg>${HAMBURGER}</arg>
<doc>Click element identified by `locator`.</doc>
<msg timestamp="20220422 01:45:01.581" level="INFO">Clicking element 'xpath=//android.widget.ImageButton[@content-desc="Open navigation drawer"]'.</msg>
<status status="PASS" starttime="20220422 01:45:01.578" endtime="20220422 01:45:01.716"/>
</kw>
<kw name="Wait Until Element Is Visible" library="AppiumLibrary">
<arg>${NAV_VIEW}</arg>
<doc>Waits until element specified with `locator` is visible.</doc>
<status status="PASS" starttime="20220422 01:45:01.716" endtime="20220422 01:45:02.700"/>
</kw>
<status status="PASS" starttime="20220422 01:45:00.457" endtime="20220422 01:45:02.700"/>
</kw>
<kw name="Click Text" library="AppiumLibrary">
<arg>BOTÕES</arg>
<doc>Click text identified by ``text``.</doc>
<status status="PASS" starttime="20220422 01:45:02.701" endtime="20220422 01:45:02.830"/>
</kw>
<kw name="Wait Until Element Is Visible" library="AppiumLibrary">
<arg>${TOOLBAR_TITLE}</arg>
<doc>Waits until element specified with `locator` is visible.</doc>
<status status="PASS" starttime="20220422 01:45:02.831" endtime="20220422 01:45:03.753"/>
</kw>
<kw name="Element Name Should Be" library="AppiumLibrary">
<arg>${TOOLBAR_TITLE}</arg>
<arg>BOTÕES</arg>
<msg timestamp="20220422 01:45:03.816" level="INFO">Element 'id=io.qaninja.android.twp:id/toolbarTitle' name is 'BOTÕES' </msg>
<status status="PASS" starttime="20220422 01:45:03.755" endtime="20220422 01:45:03.816"/>
</kw>
<kw name="Wait Until Page Contains" library="AppiumLibrary">
<arg>BOTÕES</arg>
<doc>Waits until `text` appears on current page.</doc>
<status status="PASS" starttime="20220422 01:45:03.817" endtime="20220422 01:45:03.869"/>
</kw>
<kw name="Close Session" library="base" type="TEARDOWN">
<kw name="Close Application" library="AppiumLibrary">
<doc>Closes the current application and also close webdriver session.</doc>
<status status="PASS" starttime="20220422 01:45:03.871" endtime="20220422 01:45:04.243"/>
</kw>
<status status="PASS" starttime="20220422 01:45:03.870" endtime="20220422 01:45:04.243"/>
</kw>
<status status="PASS" starttime="20220422 01:44:47.808" endtime="20220422 01:45:04.243"/>
</test>
<status status="FAIL" starttime="20220422 01:43:21.121" endtime="20220422 01:45:04.245"/>
</suite>
<suite id="s1-s4" name="Radio" source="C:\Users\quint\OneDrive\Documentos\Repositorios\test_mobile_appium\twp\tests\radio.robot">
<test id="s1-s4-t1" name="Deve selecionar a opção Java" line="8">
<kw name="Open Session" library="base" type="SETUP">
<kw name="Set Appium Timeout" library="AppiumLibrary">
<arg>7</arg>
<doc>Sets the timeout in seconds used by various keywords.</doc>
<status status="PASS" starttime="20220422 01:45:04.260" endtime="20220422 01:45:04.261"/>
</kw>
<kw name="Open Application" library="AppiumLibrary">
<arg>http://localhost:4723/wd/hub</arg>
<arg>automationName=UiAutomator2</arg>
<arg>deviceName=SM_G980F</arg>
<arg>platformName=Android</arg>
<arg>app=${EXECDIR}/App/twp.apk</arg>
<doc>Opens a new application to given Appium server.
Capabilities of appium server, Android and iOS,
Please check https://github.com/appium/appium/blob/master/docs/en/writing-running-appium/server-args.md
| *Option*            | *Man.* | *Description*     |
| remote_url          | Yes    | Appium server url |
| alias               | no     | alias             |</doc>
<status status="PASS" starttime="20220422 01:45:04.261" endtime="20220422 01:45:12.179"/>
</kw>
<kw name="Get Started" library="helpers">
<kw name="Wait Until Page Contains" library="AppiumLibrary">
<arg>${START}</arg>
<doc>Waits until `text` appears on current page.</doc>
<status status="PASS" starttime="20220422 01:45:12.180" endtime="20220422 01:45:16.655"/>
</kw>
<kw name="Click Text" library="AppiumLibrary">
<arg>${START}</arg>
<doc>Click text identified by ``text``.</doc>
<status status="PASS" starttime="20220422 01:45:16.655" endtime="20220422 01:45:16.883"/>
</kw>
<status status="PASS" starttime="20220422 01:45:12.179" endtime="20220422 01:45:16.883"/>
</kw>
<status status="PASS" starttime="20220422 01:45:04.260" endtime="20220422 01:45:16.884"/>
</kw>
<kw name="Abrir Formulario De Radion Buttons" library="helpers">
<kw name="Open Nav" library="helpers">
<kw name="Wait Until Element Is Visible" library="AppiumLibrary">
<arg>${HAMBURGER}</arg>
<doc>Waits until element specified with `locator` is visible.</doc>
<status status="PASS" starttime="20220422 01:45:16.885" endtime="20220422 01:45:17.998"/>
</kw>
<kw name="Click Element" library="AppiumLibrary">
<arg>${HAMBURGER}</arg>
<doc>Click element identified by `locator`.</doc>
<msg timestamp="20220422 01:45:18.000" level="INFO">Clicking element 'xpath=//android.widget.ImageButton[@content-desc="Open navigation drawer"]'.</msg>
<status status="PASS" starttime="20220422 01:45:17.998" endtime="20220422 01:45:18.134"/>
</kw>
<kw name="Wait Until Element Is Visible" library="AppiumLibrary">
<arg>${NAV_VIEW}</arg>
<doc>Waits until element specified with `locator` is visible.</doc>
<status status="PASS" starttime="20220422 01:45:18.134" endtime="20220422 01:45:19.129"/>
</kw>
<status status="PASS" starttime="20220422 01:45:16.884" endtime="20220422 01:45:19.129"/>
</kw>
<kw name="Click Text" library="AppiumLibrary">
<arg>INPUTS</arg>
<doc>Click text identified by ``text``.</doc>
<status status="PASS" starttime="20220422 01:45:19.129" endtime="20220422 01:45:19.275"/>
</kw>
<kw name="Wait Until Page Contains" library="AppiumLibrary">
<arg>INPUTS</arg>
<doc>Waits until `text` appears on current page.</doc>
<status status="PASS" starttime="20220422 01:45:19.275" endtime="20220422 01:45:19.681"/>
</kw>
<kw name="Click Text" library="AppiumLibrary">
<arg>BOTÕES DE RADIO</arg>
<doc>Click text identified by ``text``.</doc>
<status status="PASS" starttime="20220422 01:45:19.682" endtime="20220422 01:45:20.289"/>
</kw>
<kw name="Wait Until Page Contains" library="AppiumLibrary">
<arg>Escolha sua linguagem preferida</arg>
<doc>Waits until `text` appears on current page.</doc>
<status status="PASS" starttime="20220422 01:45:20.289" endtime="20220422 01:45:21.035"/>
</kw>
<status status="PASS" starttime="20220422 01:45:16.884" endtime="20220422 01:45:21.036"/>
</kw>
<kw name="Set Variable" library="BuiltIn">
<var>${element}</var>
<arg>xpath=//android.widget.RadioButton[contains(@text, 'Java')]</arg>
<doc>Returns the given values which can then be assigned to a variables.</doc>
<msg timestamp="20220422 01:45:21.037" level="INFO">${element} = xpath=//android.widget.RadioButton[contains(@text, 'Java')]</msg>
<status status="PASS" starttime="20220422 01:45:21.037" endtime="20220422 01:45:21.037"/>
</kw>
<kw name="Click Element" library="AppiumLibrary">
<arg>${element}</arg>
<doc>Click element identified by `locator`.</doc>
<msg timestamp="20220422 01:45:21.041" level="INFO">Clicking element 'xpath=//android.widget.RadioButton[contains(@text, 'Java')]'.</msg>
<status status="PASS" starttime="20220422 01:45:21.038" endtime="20220422 01:45:21.172"/>
</kw>
<kw name="Wait Until Element Is Visible" library="AppiumLibrary">
<arg>${element}</arg>
<doc>Waits until element specified with `locator` is visible.</doc>
<status status="PASS" starttime="20220422 01:45:21.172" endtime="20220422 01:45:21.799"/>
</kw>
<kw name="Element Attribute Should Match" library="AppiumLibrary">
<arg>${element}</arg>
<arg>checked</arg>
<arg>true</arg>
<doc>Verify that an attribute of an element matches the expected criteria.</doc>
<msg timestamp="20220422 01:45:21.862" level="INFO">CAUTION: 'xpath=//android.widget.RadioButton[contains(@text, 'Java')]' matched 2 elements - using the first element only</msg>
<msg timestamp="20220422 01:45:21.885" level="INFO">Element 'xpath=//android.widget.RadioButton[contains(@text, 'Java')]' attribute 'checked' is 'true' </msg>
<status status="PASS" starttime="20220422 01:45:21.800" endtime="20220422 01:45:21.886"/>
</kw>
<kw name="Close Session" library="base" type="TEARDOWN">
<kw name="Close Application" library="AppiumLibrary">
<doc>Closes the current application and also close webdriver session.</doc>
<status status="PASS" starttime="20220422 01:45:21.899" endtime="20220422 01:45:22.309"/>
</kw>
<status status="PASS" starttime="20220422 01:45:21.899" endtime="20220422 01:45:22.310"/>
</kw>
<status status="PASS" starttime="20220422 01:45:04.259" endtime="20220422 01:45:22.310"/>
</test>
<test id="s1-s4-t2" name="Deve selecionar a opção C#" line="17">
<kw name="Open Session" library="base" type="SETUP">
<kw name="Set Appium Timeout" library="AppiumLibrary">
<arg>7</arg>
<doc>Sets the timeout in seconds used by various keywords.</doc>
<status status="PASS" starttime="20220422 01:45:22.314" endtime="20220422 01:45:22.314"/>
</kw>
<kw name="Open Application" library="AppiumLibrary">
<arg>http://localhost:4723/wd/hub</arg>
<arg>automationName=UiAutomator2</arg>
<arg>deviceName=SM_G980F</arg>
<arg>platformName=Android</arg>
<arg>app=${EXECDIR}/App/twp.apk</arg>
<doc>Opens a new application to given Appium server.
Capabilities of appium server, Android and iOS,
Please check https://github.com/appium/appium/blob/master/docs/en/writing-running-appium/server-args.md
| *Option*            | *Man.* | *Description*     |
| remote_url          | Yes    | Appium server url |
| alias               | no     | alias             |</doc>
<status status="PASS" starttime="20220422 01:45:22.314" endtime="20220422 01:45:30.450"/>
</kw>
<kw name="Get Started" library="helpers">
<kw name="Wait Until Page Contains" library="AppiumLibrary">
<arg>${START}</arg>
<doc>Waits until `text` appears on current page.</doc>
<status status="PASS" starttime="20220422 01:45:30.450" endtime="20220422 01:45:34.929"/>
</kw>
<kw name="Click Text" library="AppiumLibrary">
<arg>${START}</arg>
<doc>Click text identified by ``text``.</doc>
<status status="PASS" starttime="20220422 01:45:34.929" endtime="20220422 01:45:35.138"/>
</kw>
<status status="PASS" starttime="20220422 01:45:30.450" endtime="20220422 01:45:35.138"/>
</kw>
<status status="PASS" starttime="20220422 01:45:22.314" endtime="20220422 01:45:35.139"/>
</kw>
<kw name="Abrir Formulario De Radion Buttons" library="helpers">
<kw name="Open Nav" library="helpers">
<kw name="Wait Until Element Is Visible" library="AppiumLibrary">
<arg>${HAMBURGER}</arg>
<doc>Waits until element specified with `locator` is visible.</doc>
<status status="PASS" starttime="20220422 01:45:35.140" endtime="20220422 01:45:36.251"/>
</kw>
<kw name="Click Element" library="AppiumLibrary">
<arg>${HAMBURGER}</arg>
<doc>Click element identified by `locator`.</doc>
<msg timestamp="20220422 01:45:36.254" level="INFO">Clicking element 'xpath=//android.widget.ImageButton[@content-desc="Open navigation drawer"]'.</msg>
<status status="PASS" starttime="20220422 01:45:36.251" endtime="20220422 01:45:36.368"/>
</kw>
<kw name="Wait Until Element Is Visible" library="AppiumLibrary">
<arg>${NAV_VIEW}</arg>
<doc>Waits until element specified with `locator` is visible.</doc>
<status status="PASS" starttime="20220422 01:45:36.368" endtime="20220422 01:45:37.318"/>
</kw>
<status status="PASS" starttime="20220422 01:45:35.140" endtime="20220422 01:45:37.318"/>
</kw>
<kw name="Click Text" library="AppiumLibrary">
<arg>INPUTS</arg>
<doc>Click text identified by ``text``.</doc>
<status status="PASS" starttime="20220422 01:45:37.319" endtime="20220422 01:45:37.467"/>
</kw>
<kw name="Wait Until Page Contains" library="AppiumLibrary">
<arg>INPUTS</arg>
<doc>Waits until `text` appears on current page.</doc>
<status status="PASS" starttime="20220422 01:45:37.467" endtime="20220422 01:45:37.854"/>
</kw>
<kw name="Click Text" library="AppiumLibrary">
<arg>BOTÕES DE RADIO</arg>
<doc>Click text identified by ``text``.</doc>
<status status="PASS" starttime="20220422 01:45:37.854" endtime="20220422 01:45:38.577"/>
</kw>
<kw name="Wait Until Page Contains" library="AppiumLibrary">
<arg>Escolha sua linguagem preferida</arg>
<doc>Waits until `text` appears on current page.</doc>
<status status="PASS" starttime="20220422 01:45:38.577" endtime="20220422 01:45:39.375"/>
</kw>
<status status="PASS" starttime="20220422 01:45:35.139" endtime="20220422 01:45:39.375"/>
</kw>
<kw name="Set Variable" library="BuiltIn">
<var>${element}</var>
<arg>xpath=//android.widget.RadioButton[contains(@text, 'C#')]</arg>
<doc>Returns the given values which can then be assigned to a variables.</doc>
<msg timestamp="20220422 01:45:39.376" level="INFO">${element} = xpath=//android.widget.RadioButton[contains(@text, 'C#')]</msg>
<status status="PASS" starttime="20220422 01:45:39.376" endtime="20220422 01:45:39.376"/>
</kw>
<kw name="Click Element" library="AppiumLibrary">
<arg>${element}</arg>
<doc>Click element identified by `locator`.</doc>
<msg timestamp="20220422 01:45:39.379" level="INFO">Clicking element 'xpath=//android.widget.RadioButton[contains(@text, 'C#')]'.</msg>
<status status="PASS" starttime="20220422 01:45:39.377" endtime="20220422 01:45:39.576"/>
</kw>
<kw name="Wait Until Element Is Visible" library="AppiumLibrary">
<arg>${element}</arg>
<doc>Waits until element specified with `locator` is visible.</doc>
<status status="PASS" starttime="20220422 01:45:39.577" endtime="20220422 01:45:40.308"/>
</kw>
<kw name="Element Attribute Should Match" library="AppiumLibrary">
<arg>${element}</arg>
<arg>checked</arg>
<arg>true</arg>
<doc>Verify that an attribute of an element matches the expected criteria.</doc>
<msg timestamp="20220422 01:45:40.462" level="INFO">Element 'xpath=//android.widget.RadioButton[contains(@text, 'C#')]' attribute 'checked' is 'true' </msg>
<status status="PASS" starttime="20220422 01:45:40.309" endtime="20220422 01:45:40.463"/>
</kw>
<kw name="Close Session" library="base" type="TEARDOWN">
<kw name="Close Application" library="AppiumLibrary">
<doc>Closes the current application and also close webdriver session.</doc>
<status status="PASS" starttime="20220422 01:45:40.465" endtime="20220422 01:45:40.831"/>
</kw>
<status status="PASS" starttime="20220422 01:45:40.464" endtime="20220422 01:45:40.831"/>
</kw>
<status status="PASS" starttime="20220422 01:45:22.313" endtime="20220422 01:45:40.832"/>
</test>
<test id="s1-s4-t3" name="Deve selecionar a opção Ruby" line="26">
<kw name="Open Session" library="base" type="SETUP">
<kw name="Set Appium Timeout" library="AppiumLibrary">
<arg>7</arg>
<doc>Sets the timeout in seconds used by various keywords.</doc>
<status status="PASS" starttime="20220422 01:45:40.835" endtime="20220422 01:45:40.835"/>
</kw>
<kw name="Open Application" library="AppiumLibrary">
<arg>http://localhost:4723/wd/hub</arg>
<arg>automationName=UiAutomator2</arg>
<arg>deviceName=SM_G980F</arg>
<arg>platformName=Android</arg>
<arg>app=${EXECDIR}/App/twp.apk</arg>
<doc>Opens a new application to given Appium server.
Capabilities of appium server, Android and iOS,
Please check https://github.com/appium/appium/blob/master/docs/en/writing-running-appium/server-args.md
| *Option*            | *Man.* | *Description*     |
| remote_url          | Yes    | Appium server url |
| alias               | no     | alias             |</doc>
<status status="PASS" starttime="20220422 01:45:40.835" endtime="20220422 01:45:51.342"/>
</kw>
<kw name="Get Started" library="helpers">
<kw name="Wait Until Page Contains" library="AppiumLibrary">
<arg>${START}</arg>
<doc>Waits until `text` appears on current page.</doc>
<status status="PASS" starttime="20220422 01:45:51.342" endtime="20220422 01:45:55.824"/>
</kw>
<kw name="Click Text" library="AppiumLibrary">
<arg>${START}</arg>
<doc>Click text identified by ``text``.</doc>
<status status="PASS" starttime="20220422 01:45:55.824" endtime="20220422 01:45:56.032"/>
</kw>
<status status="PASS" starttime="20220422 01:45:51.342" endtime="20220422 01:45:56.032"/>
</kw>
<status status="PASS" starttime="20220422 01:45:40.834" endtime="20220422 01:45:56.033"/>
</kw>
<kw name="Abrir Formulario De Radion Buttons" library="helpers">
<kw name="Open Nav" library="helpers">
<kw name="Wait Until Element Is Visible" library="AppiumLibrary">
<arg>${HAMBURGER}</arg>
<doc>Waits until element specified with `locator` is visible.</doc>
<status status="PASS" starttime="20220422 01:45:56.035" endtime="20220422 01:45:57.162"/>
</kw>
<kw name="Click Element" library="AppiumLibrary">
<arg>${HAMBURGER}</arg>
<doc>Click element identified by `locator`.</doc>
<msg timestamp="20220422 01:45:57.165" level="INFO">Clicking element 'xpath=//android.widget.ImageButton[@content-desc="Open navigation drawer"]'.</msg>
<status status="PASS" starttime="20220422 01:45:57.163" endtime="20220422 01:45:57.299"/>
</kw>
<kw name="Wait Until Element Is Visible" library="AppiumLibrary">
<arg>${NAV_VIEW}</arg>
<doc>Waits until element specified with `locator` is visible.</doc>
<status status="PASS" starttime="20220422 01:45:57.300" endtime="20220422 01:45:58.285"/>
</kw>
<status status="PASS" starttime="20220422 01:45:56.034" endtime="20220422 01:45:58.285"/>
</kw>
<kw name="Click Text" library="AppiumLibrary">
<arg>INPUTS</arg>
<doc>Click text identified by ``text``.</doc>
<status status="PASS" starttime="20220422 01:45:58.285" endtime="20220422 01:45:58.408"/>
</kw>
<kw name="Wait Until Page Contains" library="AppiumLibrary">
<arg>INPUTS</arg>
<doc>Waits until `text` appears on current page.</doc>
<status status="PASS" starttime="20220422 01:45:58.408" endtime="20220422 01:45:58.583"/>
</kw>
<kw name="Click Text" library="AppiumLibrary">
<arg>BOTÕES DE RADIO</arg>
<doc>Click text identified by ``text``.</doc>
<status status="PASS" starttime="20220422 01:45:58.583" endtime="20220422 01:45:59.438"/>
</kw>
<kw name="Wait Until Page Contains" library="AppiumLibrary">
<arg>Escolha sua linguagem preferida</arg>
<doc>Waits until `text` appears on current page.</doc>
<status status="PASS" starttime="20220422 01:45:59.438" endtime="20220422 01:46:00.180"/>
</kw>
<status status="PASS" starttime="20220422 01:45:56.033" endtime="20220422 01:46:00.180"/>
</kw>
<kw name="Set Variable" library="BuiltIn">
<var>${element}</var>
<arg>xpath=//android.widget.RadioButton[contains(@text, 'Ruby')]</arg>
<doc>Returns the given values which can then be assigned to a variables.</doc>
<msg timestamp="20220422 01:46:00.181" level="INFO">${element} = xpath=//android.widget.RadioButton[contains(@text, 'Ruby')]</msg>
<status status="PASS" starttime="20220422 01:46:00.181" endtime="20220422 01:46:00.181"/>
</kw>
<kw name="Click Element" library="AppiumLibrary">
<arg>${element}</arg>
<doc>Click element identified by `locator`.</doc>
<msg timestamp="20220422 01:46:00.185" level="INFO">Clicking element 'xpath=//android.widget.RadioButton[contains(@text, 'Ruby')]'.</msg>
<status status="PASS" starttime="20220422 01:46:00.182" endtime="20220422 01:46:00.290"/>
</kw>
<kw name="Wait Until Element Is Visible" library="AppiumLibrary">
<arg>${element}</arg>
<doc>Waits until element specified with `locator` is visible.</doc>
<status status="PASS" starttime="20220422 01:46:00.290" endtime="20220422 01:46:01.111"/>
</kw>
<kw name="Element Attribute Should Match" library="AppiumLibrary">
<arg>${element}</arg>
<arg>checked</arg>
<arg>true</arg>
<doc>Verify that an attribute of an element matches the expected criteria.</doc>
<msg timestamp="20220422 01:46:01.180" level="INFO">Element 'xpath=//android.widget.RadioButton[contains(@text, 'Ruby')]' attribute 'checked' is 'true' </msg>
<status status="PASS" starttime="20220422 01:46:01.111" endtime="20220422 01:46:01.180"/>
</kw>
<kw name="Close Session" library="base" type="TEARDOWN">
<kw name="Close Application" library="AppiumLibrary">
<doc>Closes the current application and also close webdriver session.</doc>
<status status="PASS" starttime="20220422 01:46:01.182" endtime="20220422 01:46:01.509"/>
</kw>
<status status="PASS" starttime="20220422 01:46:01.182" endtime="20220422 01:46:01.510"/>
</kw>
<status status="PASS" starttime="20220422 01:45:40.833" endtime="20220422 01:46:01.510"/>
</test>
<test id="s1-s4-t4" name="Deve selecionar a opção Python" line="35">
<kw name="Open Session" library="base" type="SETUP">
<kw name="Set Appium Timeout" library="AppiumLibrary">
<arg>7</arg>
<doc>Sets the timeout in seconds used by various keywords.</doc>
<status status="PASS" starttime="20220422 01:46:01.513" endtime="20220422 01:46:01.513"/>
</kw>
<kw name="Open Application" library="AppiumLibrary">
<arg>http://localhost:4723/wd/hub</arg>
<arg>automationName=UiAutomator2</arg>
<arg>deviceName=SM_G980F</arg>
<arg>platformName=Android</arg>
<arg>app=${EXECDIR}/App/twp.apk</arg>
<doc>Opens a new application to given Appium server.
Capabilities of appium server, Android and iOS,
Please check https://github.com/appium/appium/blob/master/docs/en/writing-running-appium/server-args.md
| *Option*            | *Man.* | *Description*     |
| remote_url          | Yes    | Appium server url |
| alias               | no     | alias             |</doc>
<status status="PASS" starttime="20220422 01:46:01.513" endtime="20220422 01:46:09.465"/>
</kw>
<kw name="Get Started" library="helpers">
<kw name="Wait Until Page Contains" library="AppiumLibrary">
<arg>${START}</arg>
<doc>Waits until `text` appears on current page.</doc>
<status status="PASS" starttime="20220422 01:46:09.466" endtime="20220422 01:46:13.918"/>
</kw>
<kw name="Click Text" library="AppiumLibrary">
<arg>${START}</arg>
<doc>Click text identified by ``text``.</doc>
<status status="PASS" starttime="20220422 01:46:13.918" endtime="20220422 01:46:14.159"/>
</kw>
<status status="PASS" starttime="20220422 01:46:09.465" endtime="20220422 01:46:14.159"/>
</kw>
<status status="PASS" starttime="20220422 01:46:01.512" endtime="20220422 01:46:14.159"/>
</kw>
<kw name="Abrir Formulario De Radion Buttons" library="helpers">
<kw name="Open Nav" library="helpers">
<kw name="Wait Until Element Is Visible" library="AppiumLibrary">
<arg>${HAMBURGER}</arg>
<doc>Waits until element specified with `locator` is visible.</doc>
<status status="PASS" starttime="20220422 01:46:14.161" endtime="20220422 01:46:15.279"/>
</kw>
<kw name="Click Element" library="AppiumLibrary">
<arg>${HAMBURGER}</arg>
<doc>Click element identified by `locator`.</doc>
<msg timestamp="20220422 01:46:15.281" level="INFO">Clicking element 'xpath=//android.widget.ImageButton[@content-desc="Open navigation drawer"]'.</msg>
<status status="PASS" starttime="20220422 01:46:15.279" endtime="20220422 01:46:15.387"/>
</kw>
<kw name="Wait Until Element Is Visible" library="AppiumLibrary">
<arg>${NAV_VIEW}</arg>
<doc>Waits until element specified with `locator` is visible.</doc>
<status status="PASS" starttime="20220422 01:46:15.388" endtime="20220422 01:46:16.387"/>
</kw>
<status status="PASS" starttime="20220422 01:46:14.160" endtime="20220422 01:46:16.388"/>
</kw>
<kw name="Click Text" library="AppiumLibrary">
<arg>INPUTS</arg>
<doc>Click text identified by ``text``.</doc>
<status status="PASS" starttime="20220422 01:46:16.388" endtime="20220422 01:46:16.531"/>
</kw>
<kw name="Wait Until Page Contains" library="AppiumLibrary">
<arg>INPUTS</arg>
<doc>Waits until `text` appears on current page.</doc>
<status status="PASS" starttime="20220422 01:46:16.531" endtime="20220422 01:46:16.969"/>
</kw>
<kw name="Click Text" library="AppiumLibrary">
<arg>BOTÕES DE RADIO</arg>
<doc>Click text identified by ``text``.</doc>
<status status="PASS" starttime="20220422 01:46:16.969" endtime="20220422 01:46:17.542"/>
</kw>
<kw name="Wait Until Page Contains" library="AppiumLibrary">
<arg>Escolha sua linguagem preferida</arg>
<doc>Waits until `text` appears on current page.</doc>
<status status="PASS" starttime="20220422 01:46:17.542" endtime="20220422 01:46:18.339"/>
</kw>
<status status="PASS" starttime="20220422 01:46:14.160" endtime="20220422 01:46:18.339"/>
</kw>
<kw name="Set Variable" library="BuiltIn">
<var>${element}</var>
<arg>xpath=//android.widget.RadioButton[contains(@text, 'Python')]</arg>
<doc>Returns the given values which can then be assigned to a variables.</doc>
<msg timestamp="20220422 01:46:18.340" level="INFO">${element} = xpath=//android.widget.RadioButton[contains(@text, 'Python')]</msg>
<status status="PASS" starttime="20220422 01:46:18.340" endtime="20220422 01:46:18.340"/>
</kw>
<kw name="Click Element" library="AppiumLibrary">
<arg>${element}</arg>
<doc>Click element identified by `locator`.</doc>
<msg timestamp="20220422 01:46:18.343" level="INFO">Clicking element 'xpath=//android.widget.RadioButton[contains(@text, 'Python')]'.</msg>
<status status="PASS" starttime="20220422 01:46:18.341" endtime="20220422 01:46:18.551"/>
</kw>
<kw name="Wait Until Element Is Visible" library="AppiumLibrary">
<arg>${element}</arg>
<doc>Waits until element specified with `locator` is visible.</doc>
<status status="PASS" starttime="20220422 01:46:18.552" endtime="20220422 01:46:19.294"/>
</kw>
<kw name="Element Attribute Should Match" library="AppiumLibrary">
<arg>${element}</arg>
<arg>checked</arg>
<arg>true</arg>
<doc>Verify that an attribute of an element matches the expected criteria.</doc>
<msg timestamp="20220422 01:46:19.434" level="INFO">Element 'xpath=//android.widget.RadioButton[contains(@text, 'Python')]' attribute 'checked' is 'true' </msg>
<status status="PASS" starttime="20220422 01:46:19.294" endtime="20220422 01:46:19.434"/>
</kw>
<kw name="Close Session" library="base" type="TEARDOWN">
<kw name="Close Application" library="AppiumLibrary">
<doc>Closes the current application and also close webdriver session.</doc>
<status status="PASS" starttime="20220422 01:46:19.435" endtime="20220422 01:46:19.793"/>
</kw>
<status status="PASS" starttime="20220422 01:46:19.435" endtime="20220422 01:46:19.794"/>
</kw>
<status status="PASS" starttime="20220422 01:46:01.511" endtime="20220422 01:46:19.794"/>
</test>
<test id="s1-s4-t5" name="Deve selecionar a opção Javascript" line="44">
<kw name="Open Session" library="base" type="SETUP">
<kw name="Set Appium Timeout" library="AppiumLibrary">
<arg>7</arg>
<doc>Sets the timeout in seconds used by various keywords.</doc>
<status status="PASS" starttime="20220422 01:46:19.797" endtime="20220422 01:46:19.798"/>
</kw>
<kw name="Open Application" library="AppiumLibrary">
<arg>http://localhost:4723/wd/hub</arg>
<arg>automationName=UiAutomator2</arg>
<arg>deviceName=SM_G980F</arg>
<arg>platformName=Android</arg>
<arg>app=${EXECDIR}/App/twp.apk</arg>
<doc>Opens a new application to given Appium server.
Capabilities of appium server, Android and iOS,
Please check https://github.com/appium/appium/blob/master/docs/en/writing-running-appium/server-args.md
| *Option*            | *Man.* | *Description*     |
| remote_url          | Yes    | Appium server url |
| alias               | no     | alias             |</doc>
<status status="PASS" starttime="20220422 01:46:19.798" endtime="20220422 01:46:27.727"/>
</kw>
<kw name="Get Started" library="helpers">
<kw name="Wait Until Page Contains" library="AppiumLibrary">
<arg>${START}</arg>
<doc>Waits until `text` appears on current page.</doc>
<status status="PASS" starttime="20220422 01:46:27.728" endtime="20220422 01:46:32.214"/>
</kw>
<kw name="Click Text" library="AppiumLibrary">
<arg>${START}</arg>
<doc>Click text identified by ``text``.</doc>
<status status="PASS" starttime="20220422 01:46:32.214" endtime="20220422 01:46:32.447"/>
</kw>
<status status="PASS" starttime="20220422 01:46:27.727" endtime="20220422 01:46:32.447"/>
</kw>
<status status="PASS" starttime="20220422 01:46:19.797" endtime="20220422 01:46:32.448"/>
</kw>
<kw name="Abrir Formulario De Radion Buttons" library="helpers">
<kw name="Open Nav" library="helpers">
<kw name="Wait Until Element Is Visible" library="AppiumLibrary">
<arg>${HAMBURGER}</arg>
<doc>Waits until element specified with `locator` is visible.</doc>
<status status="PASS" starttime="20220422 01:46:32.449" endtime="20220422 01:46:33.558"/>
</kw>
<kw name="Click Element" library="AppiumLibrary">
<arg>${HAMBURGER}</arg>
<doc>Click element identified by `locator`.</doc>
<msg timestamp="20220422 01:46:33.561" level="INFO">Clicking element 'xpath=//android.widget.ImageButton[@content-desc="Open navigation drawer"]'.</msg>
<status status="PASS" starttime="20220422 01:46:33.558" endtime="20220422 01:46:33.672"/>
</kw>
<kw name="Wait Until Element Is Visible" library="AppiumLibrary">
<arg>${NAV_VIEW}</arg>
<doc>Waits until element specified with `locator` is visible.</doc>
<status status="PASS" starttime="20220422 01:46:33.672" endtime="20220422 01:46:34.666"/>
</kw>
<status status="PASS" starttime="20220422 01:46:32.448" endtime="20220422 01:46:34.666"/>
</kw>
<kw name="Click Text" library="AppiumLibrary">
<arg>INPUTS</arg>
<doc>Click text identified by ``text``.</doc>
<status status="PASS" starttime="20220422 01:46:34.666" endtime="20220422 01:46:34.819"/>
</kw>
<kw name="Wait Until Page Contains" library="AppiumLibrary">
<arg>INPUTS</arg>
<doc>Waits until `text` appears on current page.</doc>
<status status="PASS" starttime="20220422 01:46:34.819" endtime="20220422 01:46:35.243"/>
</kw>
<kw name="Click Text" library="AppiumLibrary">
<arg>BOTÕES DE RADIO</arg>
<doc>Click text identified by ``text``.</doc>
<status status="PASS" starttime="20220422 01:46:35.243" endtime="20220422 01:46:35.846"/>
</kw>
<kw name="Wait Until Page Contains" library="AppiumLibrary">
<arg>Escolha sua linguagem preferida</arg>
<doc>Waits until `text` appears on current page.</doc>
<status status="PASS" starttime="20220422 01:46:35.846" endtime="20220422 01:46:36.569"/>
</kw>
<status status="PASS" starttime="20220422 01:46:32.448" endtime="20220422 01:46:36.569"/>
</kw>
<kw name="Set Variable" library="BuiltIn">
<var>${element}</var>
<arg>xpath=//android.widget.RadioButton[contains(@text, 'Javascript')]</arg>
<doc>Returns the given values which can then be assigned to a variables.</doc>
<msg timestamp="20220422 01:46:36.570" level="INFO">${element} = xpath=//android.widget.RadioButton[contains(@text, 'Javascript')]</msg>
<status status="PASS" starttime="20220422 01:46:36.570" endtime="20220422 01:46:36.570"/>
</kw>
<kw name="Click Element" library="AppiumLibrary">
<arg>${element}</arg>
<doc>Click element identified by `locator`.</doc>
<msg timestamp="20220422 01:46:36.572" level="INFO">Clicking element 'xpath=//android.widget.RadioButton[contains(@text, 'Javascript')]'.</msg>
<status status="PASS" starttime="20220422 01:46:36.570" endtime="20220422 01:46:36.682"/>
</kw>
<kw name="Wait Until Element Is Visible" library="AppiumLibrary">
<arg>${element}</arg>
<doc>Waits until element specified with `locator` is visible.</doc>
<status status="PASS" starttime="20220422 01:46:36.683" endtime="20220422 01:46:37.306"/>
</kw>
<kw name="Element Attribute Should Match" library="AppiumLibrary">
<arg>${element}</arg>
<arg>checked</arg>
<arg>true</arg>
<doc>Verify that an attribute of an element matches the expected criteria.</doc>
<msg timestamp="20220422 01:46:37.382" level="INFO">Element 'xpath=//android.widget.RadioButton[contains(@text, 'Javascript')]' attribute 'checked' is 'true' </msg>
<status status="PASS" starttime="20220422 01:46:37.307" endtime="20220422 01:46:37.382"/>
</kw>
<kw name="Close Session" library="base" type="TEARDOWN">
<kw name="Close Application" library="AppiumLibrary">
<doc>Closes the current application and also close webdriver session.</doc>
<status status="PASS" starttime="20220422 01:46:37.384" endtime="20220422 01:46:37.689"/>
</kw>
<status status="PASS" starttime="20220422 01:46:37.383" endtime="20220422 01:46:37.689"/>
</kw>
<status status="PASS" starttime="20220422 01:46:19.796" endtime="20220422 01:46:37.689"/>
</test>
<test id="s1-s4-t6" name="Deve selecionar a opção Elixir" line="53">
<kw name="Open Session" library="base" type="SETUP">
<kw name="Set Appium Timeout" library="AppiumLibrary">
<arg>7</arg>
<doc>Sets the timeout in seconds used by various keywords.</doc>
<status status="PASS" starttime="20220422 01:46:37.693" endtime="20220422 01:46:37.693"/>
</kw>
<kw name="Open Application" library="AppiumLibrary">
<arg>http://localhost:4723/wd/hub</arg>
<arg>automationName=UiAutomator2</arg>
<arg>deviceName=SM_G980F</arg>
<arg>platformName=Android</arg>
<arg>app=${EXECDIR}/App/twp.apk</arg>
<doc>Opens a new application to given Appium server.
Capabilities of appium server, Android and iOS,
Please check https://github.com/appium/appium/blob/master/docs/en/writing-running-appium/server-args.md
| *Option*            | *Man.* | *Description*     |
| remote_url          | Yes    | Appium server url |
| alias               | no     | alias             |</doc>
<status status="PASS" starttime="20220422 01:46:37.693" endtime="20220422 01:46:45.663"/>
</kw>
<kw name="Get Started" library="helpers">
<kw name="Wait Until Page Contains" library="AppiumLibrary">
<arg>${START}</arg>
<doc>Waits until `text` appears on current page.</doc>
<status status="PASS" starttime="20220422 01:46:45.664" endtime="20220422 01:46:50.139"/>
</kw>
<kw name="Click Text" library="AppiumLibrary">
<arg>${START}</arg>
<doc>Click text identified by ``text``.</doc>
<status status="PASS" starttime="20220422 01:46:50.139" endtime="20220422 01:46:50.366"/>
</kw>
<status status="PASS" starttime="20220422 01:46:45.663" endtime="20220422 01:46:50.366"/>
</kw>
<status status="PASS" starttime="20220422 01:46:37.692" endtime="20220422 01:46:50.366"/>
</kw>
<kw name="Abrir Formulario De Radion Buttons" library="helpers">
<kw name="Open Nav" library="helpers">
<kw name="Wait Until Element Is Visible" library="AppiumLibrary">
<arg>${HAMBURGER}</arg>
<doc>Waits until element specified with `locator` is visible.</doc>
<status status="PASS" starttime="20220422 01:46:50.368" endtime="20220422 01:46:51.491"/>
</kw>
<kw name="Click Element" library="AppiumLibrary">
<arg>${HAMBURGER}</arg>
<doc>Click element identified by `locator`.</doc>
<msg timestamp="20220422 01:46:51.494" level="INFO">Clicking element 'xpath=//android.widget.ImageButton[@content-desc="Open navigation drawer"]'.</msg>
<status status="PASS" starttime="20220422 01:46:51.491" endtime="20220422 01:46:51.611"/>
</kw>
<kw name="Wait Until Element Is Visible" library="AppiumLibrary">
<arg>${NAV_VIEW}</arg>
<doc>Waits until element specified with `locator` is visible.</doc>
<status status="PASS" starttime="20220422 01:46:51.611" endtime="20220422 01:46:52.550"/>
</kw>
<status status="PASS" starttime="20220422 01:46:50.367" endtime="20220422 01:46:52.550"/>
</kw>
<kw name="Click Text" library="AppiumLibrary">
<arg>INPUTS</arg>
<doc>Click text identified by ``text``.</doc>
<status status="PASS" starttime="20220422 01:46:52.551" endtime="20220422 01:46:52.691"/>
</kw>
<kw name="Wait Until Page Contains" library="AppiumLibrary">
<arg>INPUTS</arg>
<doc>Waits until `text` appears on current page.</doc>
<status status="PASS" starttime="20220422 01:46:52.691" endtime="20220422 01:46:53.146"/>
</kw>
<kw name="Click Text" library="AppiumLibrary">
<arg>BOTÕES DE RADIO</arg>
<doc>Click text identified by ``text``.</doc>
<status status="PASS" starttime="20220422 01:46:53.146" endtime="20220422 01:46:53.719"/>
</kw>
<kw name="Wait Until Page Contains" library="AppiumLibrary">
<arg>Escolha sua linguagem preferida</arg>
<doc>Waits until `text` appears on current page.</doc>
<status status="PASS" starttime="20220422 01:46:53.719" endtime="20220422 01:46:54.443"/>
</kw>
<status status="PASS" starttime="20220422 01:46:50.367" endtime="20220422 01:46:54.444"/>
</kw>
<kw name="Set Variable" library="BuiltIn">
<var>${element}</var>
<arg>xpath=//android.widget.RadioButton[contains(@text, 'Elixir')]</arg>
<doc>Returns the given values which can then be assigned to a variables.</doc>
<msg timestamp="20220422 01:46:54.445" level="INFO">${element} = xpath=//android.widget.RadioButton[contains(@text, 'Elixir')]</msg>
<status status="PASS" starttime="20220422 01:46:54.444" endtime="20220422 01:46:54.445"/>
</kw>
<kw name="Click Element" library="AppiumLibrary">
<arg>${element}</arg>
<doc>Click element identified by `locator`.</doc>
<msg timestamp="20220422 01:46:54.447" level="INFO">Clicking element 'xpath=//android.widget.RadioButton[contains(@text, 'Elixir')]'.</msg>
<status status="PASS" starttime="20220422 01:46:54.445" endtime="20220422 01:46:54.553"/>
</kw>
<kw name="Wait Until Element Is Visible" library="AppiumLibrary">
<arg>${element}</arg>
<doc>Waits until element specified with `locator` is visible.</doc>
<status status="PASS" starttime="20220422 01:46:54.554" endtime="20220422 01:46:55.175"/>
</kw>
<kw name="Element Attribute Should Match" library="AppiumLibrary">
<arg>${element}</arg>
<arg>checked</arg>
<arg>true</arg>
<doc>Verify that an attribute of an element matches the expected criteria.</doc>
<msg timestamp="20220422 01:46:55.256" level="INFO">Element 'xpath=//android.widget.RadioButton[contains(@text, 'Elixir')]' attribute 'checked' is 'true' </msg>
<status status="PASS" starttime="20220422 01:46:55.175" endtime="20220422 01:46:55.257"/>
</kw>
<kw name="Close Session" library="base" type="TEARDOWN">
<kw name="Close Application" library="AppiumLibrary">
<doc>Closes the current application and also close webdriver session.</doc>
<status status="PASS" starttime="20220422 01:46:55.257" endtime="20220422 01:46:55.577"/>
</kw>
<status status="PASS" starttime="20220422 01:46:55.257" endtime="20220422 01:46:55.577"/>
</kw>
<status status="PASS" starttime="20220422 01:46:37.691" endtime="20220422 01:46:55.578"/>
</test>
<test id="s1-s4-t7" name="Deve selecionar a opção Go Lang" line="62">
<kw name="Open Session" library="base" type="SETUP">
<kw name="Set Appium Timeout" library="AppiumLibrary">
<arg>7</arg>
<doc>Sets the timeout in seconds used by various keywords.</doc>
<status status="PASS" starttime="20220422 01:46:55.581" endtime="20220422 01:46:55.581"/>
</kw>
<kw name="Open Application" library="AppiumLibrary">
<arg>http://localhost:4723/wd/hub</arg>
<arg>automationName=UiAutomator2</arg>
<arg>deviceName=SM_G980F</arg>
<arg>platformName=Android</arg>
<arg>app=${EXECDIR}/App/twp.apk</arg>
<doc>Opens a new application to given Appium server.
[...]
<status status="PASS" starttime="20220422 01:47:13.300" endtime="20220422 01:47:13.374"/>
</kw>
<kw name="Close Session" library="base" type="TEARDOWN">
<kw name="Close Application" library="AppiumLibrary">
<doc>Closes the current application and also close webdriver session.</doc>
<status status="PASS" starttime="20220422 01:47:13.375" endtime="20220422 01:47:13.695"/>
</kw>
<status status="PASS" starttime="20220422 01:47:13.375" endtime="20220422 01:47:13.695"/>
</kw>
<status status="PASS" starttime="20220422 01:46:55.579" endtime="20220422 01:47:13.696"/>
</test>
<status status="PASS" starttime="20220422 01:45:04.249" endtime="20220422 01:47:13.697"/>
</suite>
<suite id="s1-s5" name="radio Todos Elementos" source="C:\Users\quint\OneDrive\Documentos\Repositorios\test_mobile_appium\twp\tests\radio_Todos_Elementos.robot">
<test id="s1-s5-t1" name="Deve selecionar todas as opções de Radions Buttons" line="8">
<kw name="Open Session" library="base" type="SETUP">
<kw name="Set Appium Timeout" library="AppiumLibrary">
<arg>7</arg>
<doc>Sets the timeout in seconds used by various keywords.</doc>
<status status="PASS" starttime="20220422 01:47:13.713" endtime="20220422 01:47:13.714"/>
</kw>
<kw name="Open Application" library="AppiumLibrary">
<arg>http://localhost:4723/wd/hub</arg>
<arg>automationName=UiAutomator2</arg>
<arg>deviceName=SM_G980F</arg>
<arg>platformName=Android</arg>
<arg>app=${EXECDIR}/App/twp.apk</arg>
<doc>Opens a new application to given Appium server.
Capabilities of appium server, Android and iOS,
Please check https://github.com/appium/appium/blob/master/docs/en/writing-running-appium/server-args.md
| *Option*            | *Man.* | *Description*     |
| remote_url          | Yes    | Appium server url |
| alias               | no     | alias             |</doc>
<status status="PASS" starttime="20220422 01:47:13.714" endtime="20220422 01:47:21.516"/>
</kw>
<kw name="Get Started" library="helpers">
<kw name="Wait Until Page Contains" library="AppiumLibrary">
<arg>${START}</arg>
<doc>Waits until `text` appears on current page.</doc>
<status status="PASS" starttime="20220422 01:47:21.516" endtime="20220422 01:47:25.973"/>
</kw>
<kw name="Click Text" library="AppiumLibrary">
<arg>${START}</arg>
<doc>Click text identified by ``text``.</doc>
<status status="PASS" starttime="20220422 01:47:25.973" endtime="20220422 01:47:26.195"/>
</kw>
<status status="PASS" starttime="20220422 01:47:21.516" endtime="20220422 01:47:26.195"/>
</kw>
<status status="PASS" starttime="20220422 01:47:13.713" endtime="20220422 01:47:26.196"/>
</kw>
<kw name="Abrir Formulario De Radion Buttons" library="helpers">
<kw name="Open Nav" library="helpers">
<kw name="Wait Until Element Is Visible" library="AppiumLibrary">
<arg>${HAMBURGER}</arg>
<doc>Waits until element specified with `locator` is visible.</doc>
<status status="PASS" starttime="20220422 01:47:26.197" endtime="20220422 01:47:27.312"/>
</kw>
<kw name="Click Element" library="AppiumLibrary">
<arg>${HAMBURGER}</arg>
<doc>Click element identified by `locator`.</doc>
<msg timestamp="20220422 01:47:27.314" level="INFO">Clicking element 'xpath=//android.widget.ImageButton[@content-desc="Open navigation drawer"]'.</msg>
<status status="PASS" starttime="20220422 01:47:27.312" endtime="20220422 01:47:27.441"/>
</kw>
<kw name="Wait Until Element Is Visible" library="AppiumLibrary">
<arg>${NAV_VIEW}</arg>
<doc>Waits until element specified with `locator` is visible.</doc>
<status status="PASS" starttime="20220422 01:47:27.441" endtime="20220422 01:47:28.425"/>
</kw>
<status status="PASS" starttime="20220422 01:47:26.196" endtime="20220422 01:47:28.425"/>
</kw>
<kw name="Click Text" library="AppiumLibrary">
<arg>INPUTS</arg>
<doc>Click text identified by ``text``.</doc>
<status status="PASS" starttime="20220422 01:47:28.425" endtime="20220422 01:47:28.573"/>
</kw>
<kw name="Wait Until Page Contains" library="AppiumLibrary">
<arg>INPUTS</arg>
<doc>Waits until `text` appears on current page.</doc>
<status status="PASS" starttime="20220422 01:47:28.574" endtime="20220422 01:47:28.747"/>
</kw>
<kw name="Click Text" library="AppiumLibrary">
<arg>BOTÕES DE RADIO</arg>
<doc>Click text identified by ``text``.</doc>
<status status="PASS" starttime="20220422 01:47:28.747" endtime="20220422 01:47:29.597"/>
</kw>
<kw name="Wait Until Page Contains" library="AppiumLibrary">
<arg>Escolha sua linguagem preferida</arg>
<doc>Waits until `text` appears on current page.</doc>
<status status="PASS" starttime="20220422 01:47:29.597" endtime="20220422 01:47:30.341"/>
</kw>
<status status="PASS" starttime="20220422 01:47:26.196" endtime="20220422 01:47:30.342"/>
</kw>
<kw name="Set Variable" library="BuiltIn">
<var>${element}</var>
<arg>xpath=//android.widget.RadioButton[contains(@text, 'Java')]</arg>
<doc>Returns the given values which can then be assigned to a variables.</doc>
<msg timestamp="20220422 01:47:30.343" level="INFO">${element} = xpath=//android.widget.RadioButton[contains(@text, 'Java')]</msg>
<status status="PASS" starttime="20220422 01:47:30.342" endtime="20220422 01:47:30.343"/>
</kw>
<kw name="Click Element" library="AppiumLibrary">
<arg>${element}</arg>
<doc>Click element identified by `locator`.</doc>
<msg timestamp="20220422 01:47:30.345" level="INFO">Clicking element 'xpath=//android.widget.RadioButton[contains(@text, 'Java')]'.</msg>
<status status="PASS" starttime="20220422 01:47:30.343" endtime="20220422 01:47:30.447"/>
</kw>
<kw name="Wait Until Element Is Visible" library="AppiumLibrary">
<arg>${element}</arg>
<doc>Waits until element specified with `locator` is visible.</doc>
<status status="PASS" starttime="20220422 01:47:30.447" endtime="20220422 01:47:31.067"/>
</kw>
<kw name="Element Attribute Should Match" library="AppiumLibrary">
<arg>${element}</arg>
<arg>checked</arg>
<arg>true</arg>
<doc>Verify that an attribute of an element matches the expected criteria.</doc>
<msg timestamp="20220422 01:47:31.123" level="INFO">CAUTION: 'xpath=//android.widget.RadioButton[contains(@text, 'Java')]' matched 2 elements - using the first element only</msg>
<msg timestamp="20220422 01:47:31.140" level="INFO">Element 'xpath=//android.widget.RadioButton[contains(@text, 'Java')]' attribute 'checked' is 'true' </msg>
<status status="PASS" starttime="20220422 01:47:31.068" endtime="20220422 01:47:31.140"/>
</kw>
<kw name="Set Variable" library="BuiltIn">
<var>${element}</var>
<arg>xpath=//android.widget.RadioButton[contains(@text, 'C#')]</arg>
<doc>Returns the given values which can then be assigned to a variables.</doc>
<msg timestamp="20220422 01:47:31.140" level="INFO">${element} = xpath=//android.widget.RadioButton[contains(@text, 'C#')]</msg>
<status status="PASS" starttime="20220422 01:47:31.140" endtime="20220422 01:47:31.140"/>
</kw>
<kw name="Click Element" library="AppiumLibrary">
<arg>${element}</arg>
<doc>Click element identified by `locator`.</doc>
<msg timestamp="20220422 01:47:31.142" level="INFO">Clicking element 'xpath=//android.widget.RadioButton[contains(@text, 'C#')]'.</msg>
<status status="PASS" starttime="20220422 01:47:31.141" endtime="20220422 01:47:31.243"/>
</kw>
<kw name="Wait Until Element Is Visible" library="AppiumLibrary">
<arg>${element}</arg>
<doc>Waits until element specified with `locator` is visible.</doc>
<status status="PASS" starttime="20220422 01:47:31.243" endtime="20220422 01:47:31.864"/>
</kw>
<kw name="Element Attribute Should Match" library="AppiumLibrary">
<arg>${element}</arg>
<arg>checked</arg>
<arg>true</arg>
<doc>Verify that an attribute of an element matches the expected criteria.</doc>
<msg timestamp="20220422 01:47:31.948" level="INFO">Element 'xpath=//android.widget.RadioButton[contains(@text, 'C#')]' attribute 'checked' is 'true' </msg>
<status status="PASS" starttime="20220422 01:47:31.865" endtime="20220422 01:47:31.948"/>
</kw>
<kw name="Set Variable" library="BuiltIn">
<var>${element}</var>
<arg>xpath=//android.widget.RadioButton[contains(@text, 'Ruby')]</arg>
<doc>Returns the given values which can then be assigned to a variables.</doc>
<msg timestamp="20220422 01:47:31.949" level="INFO">${element} = xpath=//android.widget.RadioButton[contains(@text, 'Ruby')]</msg>
<status status="PASS" starttime="20220422 01:47:31.948" endtime="20220422 01:47:31.949"/>
</kw>
<kw name="Click Element" library="AppiumLibrary">
<arg>${element}</arg>
<doc>Click element identified by `locator`.</doc>
<msg timestamp="20220422 01:47:31.952" level="INFO">Clicking element 'xpath=//android.widget.RadioButton[contains(@text, 'Ruby')]'.</msg>
<status status="PASS" starttime="20220422 01:47:31.949" endtime="20220422 01:47:32.063"/>
</kw>
<kw name="Wait Until Element Is Visible" library="AppiumLibrary">
<arg>${element}</arg>
<doc>Waits until element specified with `locator` is visible.</doc>
<status status="PASS" starttime="20220422 01:47:32.064" endtime="20220422 01:47:32.683"/>
</kw>
<kw name="Element Attribute Should Match" library="AppiumLibrary">
<arg>${element}</arg>
<arg>checked</arg>
<arg>true</arg>
<doc>Verify that an attribute of an element matches the expected criteria.</doc>
<msg timestamp="20220422 01:47:32.747" level="INFO">Element 'xpath=//android.widget.RadioButton[contains(@text, 'Ruby')]' attribute 'checked' is 'true' </msg>
<status status="PASS" starttime="20220422 01:47:32.683" endtime="20220422 01:47:32.747"/>
</kw>
<kw name="Set Variable" library="BuiltIn">
<var>${element}</var>
<arg>xpath=//android.widget.RadioButton[contains(@text, 'Python')]</arg>
<doc>Returns the given values which can then be assigned to a variables.</doc>
<msg timestamp="20220422 01:47:32.748" level="INFO">${element} = xpath=//android.widget.RadioButton[contains(@text, 'Python')]</msg>
<status status="PASS" starttime="20220422 01:47:32.748" endtime="20220422 01:47:32.748"/>
</kw>
<kw name="Click Element" library="AppiumLibrary">
<arg>${element}</arg>
<doc>Click element identified by `locator`.</doc>
<msg timestamp="20220422 01:47:32.750" level="INFO">Clicking element 'xpath=//android.widget.RadioButton[contains(@text, 'Python')]'.</msg>
<status status="PASS" starttime="20220422 01:47:32.748" endtime="20220422 01:47:32.860"/>
</kw>
<kw name="Wait Until Element Is Visible" library="AppiumLibrary">
<arg>${element}</arg>
<doc>Waits until element specified with `locator` is visible.</doc>
<status status="PASS" starttime="20220422 01:47:32.861" endtime="20220422 01:47:33.460"/>
</kw>
<kw name="Element Attribute Should Match" library="AppiumLibrary">
<arg>${element}</arg>
<arg>checked</arg>
<arg>true</arg>
<doc>Verify that an attribute of an element matches the expected criteria.</doc>
<msg timestamp="20220422 01:47:33.522" level="INFO">Element 'xpath=//android.widget.RadioButton[contains(@text, 'Python')]' attribute 'checked' is 'true' </msg>
<status status="PASS" starttime="20220422 01:47:33.460" endtime="20220422 01:47:33.522"/>
</kw>
<kw name="Set Variable" library="BuiltIn">
<var>${element}</var>
<arg>xpath=//android.widget.RadioButton[contains(@text, 'Javascript')]</arg>
<doc>Returns the given values which can then be assigned to a variables.</doc>
<msg timestamp="20220422 01:47:33.523" level="INFO">${element} = xpath=//android.widget.RadioButton[contains(@text, 'Javascript')]</msg>
<status status="PASS" starttime="20220422 01:47:33.523" endtime="20220422 01:47:33.523"/>
</kw>
<kw name="Click Element" library="AppiumLibrary">
<arg>${element}</arg>
<doc>Click element identified by `locator`.</doc>
<msg timestamp="20220422 01:47:33.526" level="INFO">Clicking element 'xpath=//android.widget.RadioButton[contains(@text, 'Javascript')]'.</msg>
<status status="PASS" starttime="20220422 01:47:33.523" endtime="20220422 01:47:33.655"/>
</kw>
<kw name="Wait Until Element Is Visible" library="AppiumLibrary">
<arg>${element}</arg>
<doc>Waits until element specified with `locator` is visible.</doc>
<status status="PASS" starttime="20220422 01:47:33.656" endtime="20220422 01:47:34.261"/>
</kw>
<kw name="Element Attribute Should Match" library="AppiumLibrary">
<arg>${element}</arg>
<arg>checked</arg>
<arg>true</arg>
<doc>Verify that an attribute of an element matches the expected criteria.</doc>
<msg timestamp="20220422 01:47:34.326" level="INFO">Element 'xpath=//android.widget.RadioButton[contains(@text, 'Javascript')]' attribute 'checked' is 'true' </msg>
<status status="PASS" starttime="20220422 01:47:34.262" endtime="20220422 01:47:34.326"/>
</kw>
<kw name="Set Variable" library="BuiltIn">
<var>${element}</var>
<arg>xpath=//android.widget.RadioButton[contains(@text, 'Elixir')]</arg>
<doc>Returns the given values which can then be assigned to a variables.</doc>
<msg timestamp="20220422 01:47:34.327" level="INFO">${element} = xpath=//android.widget.RadioButton[contains(@text, 'Elixir')]</msg>
<status status="PASS" starttime="20220422 01:47:34.327" endtime="20220422 01:47:34.327"/>
</kw>
<kw name="Click Element" library="AppiumLibrary">
<arg>${element}</arg>
<doc>Click element identified by `locator`.</doc>
<msg timestamp="20220422 01:47:34.331" level="INFO">Clicking element 'xpath=//android.widget.RadioButton[contains(@text, 'Elixir')]'.</msg>
<status status="PASS" starttime="20220422 01:47:34.328" endtime="20220422 01:47:34.452"/>
</kw>
<kw name="Wait Until Element Is Visible" library="AppiumLibrary">
<arg>${element}</arg>
<doc>Waits until element specified with `locator` is visible.</doc>
<status status="PASS" starttime="20220422 01:47:34.453" endtime="20220422 01:47:35.057"/>
</kw>
<kw name="Element Attribute Should Match" library="AppiumLibrary">
<arg>${element}</arg>
<arg>checked</arg>
<arg>true</arg>
<doc>Verify that an attribute of an element matches the expected criteria.</doc>
<msg timestamp="20220422 01:47:35.126" level="INFO">Element 'xpath=//android.widget.RadioButton[contains(@text, 'Elixir')]' attribute 'checked' is 'true' </msg>
<status status="PASS" starttime="20220422 01:47:35.058" endtime="20220422 01:47:35.126"/>
</kw>
<kw name="Set Variable" library="BuiltIn">
<var>${element}</var>
<arg>xpath=//android.widget.RadioButton[contains(@text, 'Go Lang')]</arg>
<doc>Returns the given values which can then be assigned to a variables.</doc>
<msg timestamp="20220422 01:47:35.127" level="INFO">${element} = xpath=//android.widget.RadioButton[contains(@text, 'Go Lang')]</msg>
<status status="PASS" starttime="20220422 01:47:35.126" endtime="20220422 01:47:35.127"/>
</kw>
<kw name="Click Element" library="AppiumLibrary">
<arg>${element}</arg>
<doc>Click element identified by `locator`.</doc>
<msg timestamp="20220422 01:47:35.129" level="INFO">Clicking element 'xpath=//android.widget.RadioButton[contains(@text, 'Go Lang')]'.</msg>
<status status="PASS" starttime="20220422 01:47:35.127" endtime="20220422 01:47:35.249"/>
</kw>
<kw name="Wait Until Element Is Visible" library="AppiumLibrary">
<arg>${element}</arg>
<doc>Waits until element specified with `locator` is visible.</doc>
<status status="PASS" starttime="20220422 01:47:35.249" endtime="20220422 01:47:35.851"/>
</kw>
<kw name="Element Attribute Should Match" library="AppiumLibrary">
<arg>${element}</arg>
<arg>checked</arg>
<arg>true</arg>
<doc>Verify that an attribute of an element matches the expected criteria.</doc>
<msg timestamp="20220422 01:47:35.915" level="INFO">Element 'xpath=//android.widget.RadioButton[contains(@text, 'Go Lang')]' attribute 'checked' is 'true' </msg>
<status status="PASS" starttime="20220422 01:47:35.852" endtime="20220422 01:47:35.915"/>
</kw>
<kw name="Close Session" library="base" type="TEARDOWN">
<kw name="Close Application" library="AppiumLibrary">
<doc>Closes the current application and also close webdriver session.</doc>
<status status="PASS" starttime="20220422 01:47:35.916" endtime="20220422 01:47:36.280"/>
</kw>
<status status="PASS" starttime="20220422 01:47:35.916" endtime="20220422 01:47:36.280"/>
</kw>
<status status="PASS" starttime="20220422 01:47:13.711" endtime="20220422 01:47:36.280"/>
</test>
<status status="PASS" starttime="20220422 01:47:13.701" endtime="20220422 01:47:36.282"/>
</suite>
<suite id="s1-s6" name="Tela Inicial" source="C:\Users\quint\OneDrive\Documentos\Repositorios\test_mobile_appium\twp\tests\tela_inicial.robot">
<test id="s1-s6-t1" name="Dado que estou na tela inicial" line="12">
<kw name="Open Session2" library="base" type="SETUP">
<kw name="Set Appium Timeout" library="AppiumLibrary">
<arg>7</arg>
<doc>Sets the timeout in seconds used by various keywords.</doc>
<status status="PASS" starttime="20220422 01:47:36.296" endtime="20220422 01:47:36.296"/>
</kw>
<kw name="Open Application" library="AppiumLibrary">
<arg>http://localhost:4723/wd/hub</arg>
<arg>automationName=UiAutomator2</arg>
<arg>deviceName=SM_G980F</arg>
<arg>platformName=Android</arg>
<arg>app=${EXECDIR}/App/twp.apk</arg>
<doc>Opens a new application to given Appium server.
Capabilities of appium server, Android and iOS,
Please check https://github.com/appium/appium/blob/master/docs/en/writing-running-appium/server-args.md
| *Option*            | *Man.* | *Description*     |
| remote_url          | Yes    | Appium server url |
| alias               | no     | alias             |</doc>
<status status="PASS" starttime="20220422 01:47:36.296" endtime="20220422 01:47:44.048"/>
</kw>
<status status="PASS" starttime="20220422 01:47:36.295" endtime="20220422 01:47:44.048"/>
</kw>
<kw name="Wait Until Page Contains" library="AppiumLibrary">
<arg>Training Wheels Protocol</arg>
<doc>Waits until `text` appears on current page.</doc>
<status status="PASS" starttime="20220422 01:47:44.049" endtime="20220422 01:47:48.525"/>
</kw>
<kw name="Wait Until Page Contains" library="AppiumLibrary">
<arg>Mobile Version</arg>
<doc>Waits until `text` appears on current page.</doc>
<status status="PASS" starttime="20220422 01:47:48.526" endtime="20220422 01:47:48.563"/>
</kw>
<kw name="Close Session" library="base" type="TEARDOWN">
<kw name="Close Application" library="AppiumLibrary">
<doc>Closes the current application and also close webdriver session.</doc>
<status status="PASS" starttime="20220422 01:47:48.565" endtime="20220422 01:47:48.883"/>
</kw>
<status status="PASS" starttime="20220422 01:47:48.564" endtime="20220422 01:47:48.883"/>
</kw>
<status status="PASS" starttime="20220422 01:47:36.294" endtime="20220422 01:47:48.884"/>
</test>
<status status="PASS" starttime="20220422 01:47:36.285" endtime="20220422 01:47:48.885"/>
</suite>
<status status="FAIL" starttime="20220422 01:42:24.011" endtime="20220422 01:47:48.888"/>
</suite>
<statistics>
<total>
<stat pass="17" fail="1" skip="0">All Tests</stat>
</total>
<tag>
</tag>
<suite>
<stat pass="17" fail="1" skip="0" id="s1" name="Checkbox &amp; Login &amp; Nav &amp; Radio &amp; radio Todos Elementos &amp; Tela Inicial">Checkbox &amp; Login &amp; Nav &amp; Radio &amp; radio Todos Elementos &amp; Tela Inicial</stat>
<stat pass="1" fail="0" skip="0" id="s1-s1" name="Checkbox">Checkbox &amp; Login &amp; Nav &amp; Radio &amp; radio Todos Elementos &amp; Tela Inicial.Checkbox</stat>
<stat pass="2" fail="0" skip="0" id="s1-s2" name="Login">Checkbox &amp; Login &amp; Nav &amp; Radio &amp; radio Todos Elementos &amp; Tela Inicial.Login</stat>
<stat pass="5" fail="1" skip="0" id="s1-s3" name="Nav">Checkbox &amp; Login &amp; Nav &amp; Radio &amp; radio Todos Elementos &amp; Tela Inicial.Nav</stat>
<stat pass="7" fail="0" skip="0" id="s1-s4" name="Radio">Checkbox &amp; Login &amp; Nav &amp; Radio &amp; radio Todos Elementos &amp; Tela Inicial.Radio</stat>
<stat pass="1" fail="0" skip="0" id="s1-s5" name="radio Todos Elementos">Checkbox &amp; Login &amp; Nav &amp; Radio &amp; radio Todos Elementos &amp; Tela Inicial.radio Todos Elementos</stat>
<stat pass="1" fail="0" skip="0" id="s1-s6" name="Tela Inicial">Checkbox &amp; Login &amp; Nav &amp; Radio &amp; radio Todos Elementos &amp; Tela Inicial.Tela Inicial</stat>
</suite>
</statistics>
<errors>
</errors>
</robot>
