<?xml version="1.0" encoding="UTF-8"?>
<robot generator="Robot 5.0 (Python 3.10.4 on win32)" generated="20220430 12:19:45.584" rpa="false" schemaversion="3">
<suite id="s1" name="Buttons Click &amp; Checkbox &amp; Login &amp; Nav &amp; Radio &amp; radio Todos Elementos &amp; Tela Inicial">
<suite id="s1-s1" name="Buttons Click" source="C:\Users\quint\OneDrive\Documentos\Repositorios\test_mobile_appium\twp\tests\buttons_click.robot">
<test id="s1-s1-t1" name="Deve realizar um click simples" line="8">
<kw name="Open Session" library="base" type="SETUP">
<kw name="Set Appium Timeout" library="AppiumLibrary">
<arg>7</arg>
<doc>Sets the timeout in seconds used by various keywords.</doc>
<status status="PASS" starttime="20220430 12:19:46.184" endtime="20220430 12:19:46.184"/>
</kw>
<kw name="Open Application" library="AppiumLibrary">
<arg>http://localhost:4723/wd/hub</arg>
<arg>automationName=UiAutomator2</arg>
<arg>deviceName=SM_G980F</arg>
<arg>platformName=Android</arg>
<arg>app=${EXECDIR}/App/twp.apk</arg>
<doc>Opens a new application to given Appium server.
Capabilities of appium server, Android and iOS,
Please check https://github.com/appium/appium/blob/master/docs/en/writing-running-appium/server-args.md
| *Option*            | *Man.* | *Description*     |
| remote_url          | Yes    | Appium server url |
| alias               | no     | alias             |</doc>
<status status="PASS" starttime="20220430 12:19:46.184" endtime="20220430 12:19:58.357"/>
</kw>
<kw name="Get Started" library="helpers">
<kw name="Wait Until Page Contains" library="AppiumLibrary">
<arg>${START}</arg>
<doc>Waits until `text` appears on current page.</doc>
<status status="PASS" starttime="20220430 12:19:58.359" endtime="20220430 12:20:03.009"/>
</kw>
<kw name="Click Text" library="AppiumLibrary">
<arg>${START}</arg>
<doc>Click text identified by ``text``.</doc>
<status status="PASS" starttime="20220430 12:20:03.010" endtime="20220430 12:20:03.470"/>
</kw>
<status status="PASS" starttime="20220430 12:19:58.358" endtime="20220430 12:20:03.470"/>
</kw>
<status status="PASS" starttime="20220430 12:19:46.184" endtime="20220430 12:20:03.471"/>
</kw>
<kw name="Go To Short Click" library="helpers">
<kw name="Open Nav" library="helpers">
<kw name="Wait Until Element Is Visible" library="AppiumLibrary">
<arg>${HAMBURGER}</arg>
<doc>Waits until element specified with `locator` is visible.</doc>
<status status="PASS" starttime="20220430 12:20:03.472" endtime="20220430 12:20:04.727"/>
</kw>
<kw name="Click Element" library="AppiumLibrary">
<arg>${HAMBURGER}</arg>
<doc>Click element identified by `locator`.</doc>
<msg timestamp="20220430 12:20:04.730" level="INFO">Clicking element 'xpath=//android.widget.ImageButton[@content-desc="Open navigation drawer"]'.</msg>
<status status="PASS" starttime="20220430 12:20:04.727" endtime="20220430 12:20:04.843"/>
</kw>
<kw name="Wait Until Element Is Visible" library="AppiumLibrary">
<arg>${NAV_VIEW}</arg>
<doc>Waits until element specified with `locator` is visible.</doc>
<status status="PASS" starttime="20220430 12:20:04.844" endtime="20220430 12:20:05.793"/>
</kw>
<status status="PASS" starttime="20220430 12:20:03.472" endtime="20220430 12:20:05.794"/>
</kw>
<kw name="Click Text" library="AppiumLibrary">
<arg>BOTÕES</arg>
<doc>Click text identified by ``text``.</doc>
<status status="PASS" starttime="20220430 12:20:05.794" endtime="20220430 12:20:05.975"/>
</kw>
<kw name="Wait Until Page Contains" library="AppiumLibrary">
<arg>${TEXT_CLICK}</arg>
<doc>Waits until `text` appears on current page.</doc>
<status status="PASS" starttime="20220430 12:20:05.975" endtime="20220430 12:20:06.441"/>
</kw>
<kw name="Click Text" library="AppiumLibrary">
<arg>${TEXT_CLICK}</arg>
<doc>Click text identified by ``text``.</doc>
<status status="PASS" starttime="20220430 12:20:06.441" endtime="20220430 12:20:07.030"/>
</kw>
<kw name="Wait Until Page Contains" library="AppiumLibrary">
<arg>Botão clique simples</arg>
<doc>Waits until `text` appears on current page.</doc>
<status status="PASS" starttime="20220430 12:20:07.030" endtime="20220430 12:20:07.755"/>
</kw>
<status status="PASS" starttime="20220430 12:20:03.471" endtime="20220430 12:20:07.755"/>
</kw>
<kw name="Click Element" library="AppiumLibrary">
<arg>io.qaninja.android.twp:id/short_click</arg>
<doc>Click element identified by `locator`.</doc>
<msg timestamp="20220430 12:20:07.760" level="INFO">Clicking element 'io.qaninja.android.twp:id/short_click'.</msg>
<status status="PASS" starttime="20220430 12:20:07.756" endtime="20220430 12:20:07.855"/>
</kw>
<kw name="Wait Until Page Contains" library="AppiumLibrary">
<arg>Isso é um clique simples</arg>
<doc>Waits until `text` appears on current page.</doc>
<status status="PASS" starttime="20220430 12:20:07.856" endtime="20220430 12:20:07.943"/>
</kw>
<kw name="Close Session" library="base" type="TEARDOWN">
<kw name="Close Application" library="AppiumLibrary">
<doc>Closes the current application and also close webdriver session.</doc>
<status status="PASS" starttime="20220430 12:20:07.949" endtime="20220430 12:20:08.479"/>
</kw>
<status status="PASS" starttime="20220430 12:20:07.947" endtime="20220430 12:20:08.480"/>
</kw>
<status status="PASS" starttime="20220430 12:19:46.183" endtime="20220430 12:20:08.481"/>
</test>
<status status="PASS" starttime="20220430 12:19:45.660" endtime="20220430 12:20:08.483"/>
</suite>
<suite id="s1-s2" name="Checkbox" source="C:\Users\quint\OneDrive\Documentos\Repositorios\test_mobile_appium\twp\tests\checkbox.robot">
<test id="s1-s2-t1" name="Deve a opção Robot Framework" line="8">
<kw name="Open Session" library="base" type="SETUP">
<kw name="Set Appium Timeout" library="AppiumLibrary">
<arg>7</arg>
<doc>Sets the timeout in seconds used by various keywords.</doc>
<status status="PASS" starttime="20220430 12:20:08.506" endtime="20220430 12:20:08.506"/>
</kw>
<kw name="Open Application" library="AppiumLibrary">
<arg>http://localhost:4723/wd/hub</arg>
<arg>automationName=UiAutomator2</arg>
<arg>deviceName=SM_G980F</arg>
<arg>platformName=Android</arg>
<arg>app=${EXECDIR}/App/twp.apk</arg>
<doc>Opens a new application to given Appium server.
Capabilities of appium server, Android and iOS,
Please check https://github.com/appium/appium/blob/master/docs/en/writing-running-appium/server-args.md
| *Option*            | *Man.* | *Description*     |
| remote_url          | Yes    | Appium server url |
| alias               | no     | alias             |</doc>
<status status="PASS" starttime="20220430 12:20:08.507" endtime="20220430 12:20:20.499"/>
</kw>
<kw name="Get Started" library="helpers">
<kw name="Wait Until Page Contains" library="AppiumLibrary">
<arg>${START}</arg>
<doc>Waits until `text` appears on current page.</doc>
<status status="PASS" starttime="20220430 12:20:20.500" endtime="20220430 12:20:25.180"/>
</kw>
<kw name="Click Text" library="AppiumLibrary">
<arg>${START}</arg>
<doc>Click text identified by ``text``.</doc>
<status status="PASS" starttime="20220430 12:20:25.180" endtime="20220430 12:20:25.648"/>
</kw>
<status status="PASS" starttime="20220430 12:20:20.499" endtime="20220430 12:20:25.648"/>
</kw>
<status status="PASS" starttime="20220430 12:20:08.504" endtime="20220430 12:20:25.648"/>
</kw>
<kw name="Abrir Formulario De CheckBox" library="helpers">
<kw name="Open Nav" library="helpers">
<kw name="Wait Until Element Is Visible" library="AppiumLibrary">
<arg>${HAMBURGER}</arg>
<doc>Waits until element specified with `locator` is visible.</doc>
<status status="PASS" starttime="20220430 12:20:25.650" endtime="20220430 12:20:26.905"/>
</kw>
<kw name="Click Element" library="AppiumLibrary">
<arg>${HAMBURGER}</arg>
<doc>Click element identified by `locator`.</doc>
<msg timestamp="20220430 12:20:26.908" level="INFO">Clicking element 'xpath=//android.widget.ImageButton[@content-desc="Open navigation drawer"]'.</msg>
<status status="PASS" starttime="20220430 12:20:26.905" endtime="20220430 12:20:27.029"/>
</kw>
<kw name="Wait Until Element Is Visible" library="AppiumLibrary">
<arg>${NAV_VIEW}</arg>
<doc>Waits until element specified with `locator` is visible.</doc>
<status status="PASS" starttime="20220430 12:20:27.029" endtime="20220430 12:20:27.976"/>
</kw>
<status status="PASS" starttime="20220430 12:20:25.650" endtime="20220430 12:20:27.977"/>
</kw>
<kw name="Click Text" library="AppiumLibrary">
<arg>INPUTS</arg>
<doc>Click text identified by ``text``.</doc>
<status status="PASS" starttime="20220430 12:20:27.977" endtime="20220430 12:20:28.163"/>
</kw>
<kw name="Wait Until Page Contains" library="AppiumLibrary">
<arg>INPUTS</arg>
<doc>Waits until `text` appears on current page.</doc>
<status status="PASS" starttime="20220430 12:20:28.164" endtime="20220430 12:20:28.620"/>
</kw>
<kw name="Click Text" library="AppiumLibrary">
<arg>CHECKBOX</arg>
<doc>Click text identified by ``text``.</doc>
<status status="PASS" starttime="20220430 12:20:28.620" endtime="20220430 12:20:29.237"/>
</kw>
<kw name="Wait Until Page Contains" library="AppiumLibrary">
<arg>Marque as techs que usam Appium</arg>
<doc>Waits until `text` appears on current page.</doc>
<status status="PASS" starttime="20220430 12:20:29.238" endtime="20220430 12:20:30.058"/>
</kw>
<status status="PASS" starttime="20220430 12:20:25.648" endtime="20220430 12:20:30.058"/>
</kw>
<kw name="Set Variable" library="BuiltIn">
<var>${element}</var>
<arg>xpath=//android.widget.CheckBox[contains(@text, 'Robot Framework')]</arg>
<doc>Returns the given values which can then be assigned to a variables.</doc>
<msg timestamp="20220430 12:20:30.059" level="INFO">${element} = xpath=//android.widget.CheckBox[contains(@text, 'Robot Framework')]</msg>
<status status="PASS" starttime="20220430 12:20:30.059" endtime="20220430 12:20:30.059"/>
</kw>
<kw name="Click Element" library="AppiumLibrary">
<arg>${element}</arg>
<doc>Click element identified by `locator`.</doc>
<msg timestamp="20220430 12:20:30.063" level="INFO">Clicking element 'xpath=//android.widget.CheckBox[contains(@text, 'Robot Framework')]'.</msg>
<status status="PASS" starttime="20220430 12:20:30.060" endtime="20220430 12:20:30.253"/>
</kw>
<kw name="Wait Until Element Is Visible" library="AppiumLibrary">
<arg>id=io.qaninja.android.twp:id/rvContainer</arg>
<doc>Waits until element specified with `locator` is visible.</doc>
<status status="PASS" starttime="20220430 12:20:30.253" endtime="20220430 12:20:31.164"/>
</kw>
<kw name="Element Attribute Should Match" library="AppiumLibrary">
<arg>${element}</arg>
<arg>checked</arg>
<arg>true</arg>
<doc>Verify that an attribute of an element matches the expected criteria.</doc>
<msg timestamp="20220430 12:20:31.289" level="INFO">Element 'xpath=//android.widget.CheckBox[contains(@text, 'Robot Framework')]' attribute 'checked' is 'true' </msg>
<status status="PASS" starttime="20220430 12:20:31.165" endtime="20220430 12:20:31.289"/>
</kw>
<kw name="Close Session" library="base" type="TEARDOWN">
<kw name="Close Application" library="AppiumLibrary">
<doc>Closes the current application and also close webdriver session.</doc>
<status status="PASS" starttime="20220430 12:20:31.292" endtime="20220430 12:20:31.741"/>
</kw>
<status status="PASS" starttime="20220430 12:20:31.290" endtime="20220430 12:20:31.742"/>
</kw>
<status status="PASS" starttime="20220430 12:20:08.502" endtime="20220430 12:20:31.742"/>
</test>
<status status="PASS" starttime="20220430 12:20:08.486" endtime="20220430 12:20:31.746"/>
</suite>
<suite id="s1-s3" name="Login" source="C:\Users\quint\OneDrive\Documentos\Repositorios\test_mobile_appium\twp\tests\login.robot">
<test id="s1-s3-t1" name="Deve logar com sucesso" line="8">
<kw name="Open Session" library="base" type="SETUP">
<kw name="Set Appium Timeout" library="AppiumLibrary">
<arg>7</arg>
<doc>Sets the timeout in seconds used by various keywords.</doc>
<status status="PASS" starttime="20220430 12:20:31.768" endtime="20220430 12:20:31.769"/>
</kw>
<kw name="Open Application" library="AppiumLibrary">
<arg>http://localhost:4723/wd/hub</arg>
<arg>automationName=UiAutomator2</arg>
<arg>deviceName=SM_G980F</arg>
<arg>platformName=Android</arg>
<arg>app=${EXECDIR}/App/twp.apk</arg>
<doc>Opens a new application to given Appium server.
Capabilities of appium server, Android and iOS,
Please check https://github.com/appium/appium/blob/master/docs/en/writing-running-appium/server-args.md
| *Option*            | *Man.* | *Description*     |
| remote_url          | Yes    | Appium server url |
| alias               | no     | alias             |</doc>
<status status="PASS" starttime="20220430 12:20:31.769" endtime="20220430 12:20:43.950"/>
</kw>
<kw name="Get Started" library="helpers">
<kw name="Wait Until Page Contains" library="AppiumLibrary">
<arg>${START}</arg>
<doc>Waits until `text` appears on current page.</doc>
<status status="PASS" starttime="20220430 12:20:43.952" endtime="20220430 12:20:48.626"/>
</kw>
<kw name="Click Text" library="AppiumLibrary">
<arg>${START}</arg>
<doc>Click text identified by ``text``.</doc>
<status status="PASS" starttime="20220430 12:20:48.626" endtime="20220430 12:20:49.079"/>
</kw>
<status status="PASS" starttime="20220430 12:20:43.950" endtime="20220430 12:20:49.079"/>
</kw>
<status status="PASS" starttime="20220430 12:20:31.767" endtime="20220430 12:20:49.080"/>
</kw>
<kw name="Abrir Formulario De Login" library="helpers">
<kw name="Open Nav" library="helpers">
<kw name="Wait Until Element Is Visible" library="AppiumLibrary">
<arg>${HAMBURGER}</arg>
<doc>Waits until element specified with `locator` is visible.</doc>
<status status="PASS" starttime="20220430 12:20:49.081" endtime="20220430 12:20:50.218"/>
</kw>
<kw name="Click Element" library="AppiumLibrary">
<arg>${HAMBURGER}</arg>
<doc>Click element identified by `locator`.</doc>
<msg timestamp="20220430 12:20:50.220" level="INFO">Clicking element 'xpath=//android.widget.ImageButton[@content-desc="Open navigation drawer"]'.</msg>
<status status="PASS" starttime="20220430 12:20:50.219" endtime="20220430 12:20:50.338"/>
</kw>
<kw name="Wait Until Element Is Visible" library="AppiumLibrary">
<arg>${NAV_VIEW}</arg>
<doc>Waits until element specified with `locator` is visible.</doc>
<status status="PASS" starttime="20220430 12:20:50.339" endtime="20220430 12:20:51.291"/>
</kw>
<status status="PASS" starttime="20220430 12:20:49.080" endtime="20220430 12:20:51.291"/>
</kw>
<kw name="Click Text" library="AppiumLibrary">
<arg>FORMS</arg>
<doc>Click text identified by ``text``.</doc>
<status status="PASS" starttime="20220430 12:20:51.292" endtime="20220430 12:20:51.522"/>
</kw>
<kw name="Wait Until Page Contains" library="AppiumLibrary">
<arg>FORMS</arg>
<doc>Waits until `text` appears on current page.</doc>
<status status="PASS" starttime="20220430 12:20:51.523" endtime="20220430 12:20:51.999"/>
</kw>
<kw name="Click Text" library="AppiumLibrary">
<arg>LOGIN</arg>
<doc>Click text identified by ``text``.</doc>
<status status="PASS" starttime="20220430 12:20:51.999" endtime="20220430 12:20:52.586"/>
</kw>
<kw name="Wait Until Page Contains" library="AppiumLibrary">
<arg>Fala QA, vamos testar o login?</arg>
<doc>Waits until `text` appears on current page.</doc>
<status status="PASS" starttime="20220430 12:20:52.586" endtime="20220430 12:20:53.398"/>
</kw>
<status status="PASS" starttime="20220430 12:20:49.080" endtime="20220430 12:20:53.399"/>
</kw>
<kw name="Input Text" library="AppiumLibrary">
<arg>${ET_EMAIL}</arg>
<arg>eu@papito.io</arg>
<doc>Types the given `text` into text field identified by `locator`.</doc>
<msg timestamp="20220430 12:20:53.401" level="INFO">Typing text 'eu@papito.io' into text field 'id=io.qaninja.android.twp:id/etEmail'</msg>
<status status="PASS" starttime="20220430 12:20:53.399" endtime="20220430 12:20:53.522"/>
</kw>
<kw name="Input Text" library="AppiumLibrary">
<arg>${ET_PASSWORD}</arg>
<arg>qaninja</arg>
<doc>Types the given `text` into text field identified by `locator`.</doc>
<msg timestamp="20220430 12:20:53.527" level="INFO">Typing text 'qaninja' into text field 'id=io.qaninja.android.twp:id/etPassword'</msg>
<status status="PASS" starttime="20220430 12:20:53.524" endtime="20220430 12:20:54.618"/>
</kw>
<kw name="Click Element" library="AppiumLibrary">
<arg>${BTN_SUBMIT}</arg>
<doc>Click element identified by `locator`.</doc>
<msg timestamp="20220430 12:20:54.620" level="INFO">Clicking element 'id=io.qaninja.android.twp:id/btnSubmit'.</msg>
<status status="PASS" starttime="20220430 12:20:54.618" endtime="20220430 12:20:55.208"/>
</kw>
<kw name="Wait Until Page Contains" library="AppiumLibrary">
<arg>Show! Suas credenciais são validas.</arg>
<doc>Waits until `text` appears on current page.</doc>
<status status="PASS" starttime="20220430 12:20:55.209" endtime="20220430 12:20:55.290"/>
</kw>
<kw name="Close Session" library="base" type="TEARDOWN">
<kw name="Close Application" library="AppiumLibrary">
<doc>Closes the current application and also close webdriver session.</doc>
<status status="PASS" starttime="20220430 12:20:55.293" endtime="20220430 12:20:55.717"/>
</kw>
<status status="PASS" starttime="20220430 12:20:55.292" endtime="20220430 12:20:55.718"/>
</kw>
<status status="PASS" starttime="20220430 12:20:31.766" endtime="20220430 12:20:55.718"/>
</test>
<test id="s1-s3-t2" name="Deve mostrar senha inválida" line="17">
<kw name="Open Session" library="base" type="SETUP">
<kw name="Set Appium Timeout" library="AppiumLibrary">
<arg>7</arg>
<doc>Sets the timeout in seconds used by various keywords.</doc>
<status status="PASS" starttime="20220430 12:20:55.720" endtime="20220430 12:20:55.720"/>
</kw>
<kw name="Open Application" library="AppiumLibrary">
<arg>http://localhost:4723/wd/hub</arg>
<arg>automationName=UiAutomator2</arg>
<arg>deviceName=SM_G980F</arg>
<arg>platformName=Android</arg>
<arg>app=${EXECDIR}/App/twp.apk</arg>
<doc>Opens a new application to given Appium server.
Capabilities of appium server, Android and iOS,
Please check https://github.com/appium/appium/blob/master/docs/en/writing-running-appium/server-args.md
| *Option*            | *Man.* | *Description*     |
| remote_url          | Yes    | Appium server url |
| alias               | no     | alias             |</doc>
<status status="PASS" starttime="20220430 12:20:55.720" endtime="20220430 12:21:08.029"/>
</kw>
<kw name="Get Started" library="helpers">
<kw name="Wait Until Page Contains" library="AppiumLibrary">
<arg>${START}</arg>
<doc>Waits until `text` appears on current page.</doc>
<status status="PASS" starttime="20220430 12:21:08.031" endtime="20220430 12:21:12.722"/>
</kw>
<kw name="Click Text" library="AppiumLibrary">
<arg>${START}</arg>
<doc>Click text identified by ``text``.</doc>
<status status="PASS" starttime="20220430 12:21:12.722" endtime="20220430 12:21:13.156"/>
</kw>
<status status="PASS" starttime="20220430 12:21:08.029" endtime="20220430 12:21:13.156"/>
</kw>
<status status="PASS" starttime="20220430 12:20:55.720" endtime="20220430 12:21:13.156"/>
</kw>
<kw name="Abrir Formulario De Login" library="helpers">
<kw name="Open Nav" library="helpers">
<kw name="Wait Until Element Is Visible" library="AppiumLibrary">
<arg>${HAMBURGER}</arg>
<doc>Waits until element specified with `locator` is visible.</doc>
<status status="PASS" starttime="20220430 12:21:13.158" endtime="20220430 12:21:14.411"/>
</kw>
<kw name="Click Element" library="AppiumLibrary">
<arg>${HAMBURGER}</arg>
<doc>Click element identified by `locator`.</doc>
<msg timestamp="20220430 12:21:14.414" level="INFO">Clicking element 'xpath=//android.widget.ImageButton[@content-desc="Open navigation drawer"]'.</msg>
<status status="PASS" starttime="20220430 12:21:14.411" endtime="20220430 12:21:14.535"/>
</kw>
<kw name="Wait Until Element Is Visible" library="AppiumLibrary">
<arg>${NAV_VIEW}</arg>
<doc>Waits until element specified with `locator` is visible.</doc>
<status status="PASS" starttime="20220430 12:21:14.535" endtime="20220430 12:21:15.490"/>
</kw>
<status status="PASS" starttime="20220430 12:21:13.158" endtime="20220430 12:21:15.492"/>
</kw>
<kw name="Click Text" library="AppiumLibrary">
<arg>FORMS</arg>
<doc>Click text identified by ``text``.</doc>
<status status="PASS" starttime="20220430 12:21:15.492" endtime="20220430 12:21:15.700"/>
</kw>
<kw name="Wait Until Page Contains" library="AppiumLibrary">
<arg>FORMS</arg>
<doc>Waits until `text` appears on current page.</doc>
<status status="PASS" starttime="20220430 12:21:15.700" endtime="20220430 12:21:16.180"/>
</kw>
<kw name="Click Text" library="AppiumLibrary">
<arg>LOGIN</arg>
<doc>Click text identified by ``text``.</doc>
<status status="PASS" starttime="20220430 12:21:16.181" endtime="20220430 12:21:17.540"/>
</kw>
<kw name="Wait Until Page Contains" library="AppiumLibrary">
<arg>Fala QA, vamos testar o login?</arg>
<doc>Waits until `text` appears on current page.</doc>
<status status="PASS" starttime="20220430 12:21:17.540" endtime="20220430 12:21:17.598"/>
</kw>
<status status="PASS" starttime="20220430 12:21:13.158" endtime="20220430 12:21:17.598"/>
</kw>
<kw name="Input Text" library="AppiumLibrary">
<arg>${ET_EMAIL}</arg>
<arg>eu@papito.io</arg>
<doc>Types the given `text` into text field identified by `locator`.</doc>
<msg timestamp="20220430 12:21:17.602" level="INFO">Typing text 'eu@papito.io' into text field 'id=io.qaninja.android.twp:id/etEmail'</msg>
<status status="PASS" starttime="20220430 12:21:17.599" endtime="20220430 12:21:17.749"/>
</kw>
<kw name="Input Text" library="AppiumLibrary">
<arg>${ET_PASSWORD}</arg>
<arg>senhaTeste123</arg>
<doc>Types the given `text` into text field identified by `locator`.</doc>
<msg timestamp="20220430 12:21:17.752" level="INFO">Typing text 'senhaTeste123' into text field 'id=io.qaninja.android.twp:id/etPassword'</msg>
<status status="PASS" starttime="20220430 12:21:17.749" endtime="20220430 12:21:18.844"/>
</kw>
<kw name="Click Element" library="AppiumLibrary">
<arg>${BTN_SUBMIT}</arg>
<doc>Click element identified by `locator`.</doc>
<msg timestamp="20220430 12:21:18.848" level="INFO">Clicking element 'id=io.qaninja.android.twp:id/btnSubmit'.</msg>
<status status="PASS" starttime="20220430 12:21:18.845" endtime="20220430 12:21:19.420"/>
</kw>
<kw name="Wait Until Page Contains" library="AppiumLibrary">
<arg>Senha inválida!</arg>
<doc>Waits until `text` appears on current page.</doc>
<status status="PASS" starttime="20220430 12:21:19.421" endtime="20220430 12:21:19.513"/>
</kw>
<kw name="Close Session" library="base" type="TEARDOWN">
<kw name="Close Application" library="AppiumLibrary">
<doc>Closes the current application and also close webdriver session.</doc>
<status status="PASS" starttime="20220430 12:21:19.515" endtime="20220430 12:21:20.010"/>
</kw>
<status status="PASS" starttime="20220430 12:21:19.515" endtime="20220430 12:21:20.011"/>
</kw>
<status status="PASS" starttime="20220430 12:20:55.719" endtime="20220430 12:21:20.012"/>
</test>
<status status="PASS" starttime="20220430 12:20:31.749" endtime="20220430 12:21:20.016"/>
</suite>
<suite id="s1-s4" name="Nav" source="C:\Users\quint\OneDrive\Documentos\Repositorios\test_mobile_appium\twp\tests\nav.robot">
<test id="s1-s4-t1" name="Devo acessar a tela Avengers" line="11">
<kw name="Open Session" library="base" type="SETUP">
<kw name="Set Appium Timeout" library="AppiumLibrary">
<arg>7</arg>
<doc>Sets the timeout in seconds used by various keywords.</doc>
<status status="PASS" starttime="20220430 12:21:20.045" endtime="20220430 12:21:20.047"/>
</kw>
<kw name="Open Application" library="AppiumLibrary">
<arg>http://localhost:4723/wd/hub</arg>
<arg>automationName=UiAutomator2</arg>
<arg>deviceName=SM_G980F</arg>
<arg>platformName=Android</arg>
<arg>app=${EXECDIR}/App/twp.apk</arg>
<doc>Opens a new application to given Appium server.
Capabilities of appium server, Android and iOS,
Please check https://github.com/appium/appium/blob/master/docs/en/writing-running-appium/server-args.md
| *Option*            | *Man.* | *Description*     |
| remote_url          | Yes    | Appium server url |
| alias               | no     | alias             |</doc>
<status status="PASS" starttime="20220430 12:21:20.047" endtime="20220430 12:21:32.883"/>
</kw>
<kw name="Get Started" library="helpers">
<kw name="Wait Until Page Contains" library="AppiumLibrary">
<arg>${START}</arg>
<doc>Waits until `text` appears on current page.</doc>
<status status="PASS" starttime="20220430 12:21:32.884" endtime="20220430 12:21:37.533"/>
</kw>
<kw name="Click Text" library="AppiumLibrary">
<arg>${START}</arg>
<doc>Click text identified by ``text``.</doc>
<status status="PASS" starttime="20220430 12:21:37.533" endtime="20220430 12:21:37.966"/>
</kw>
<status status="PASS" starttime="20220430 12:21:32.884" endtime="20220430 12:21:37.967"/>
</kw>
<status status="PASS" starttime="20220430 12:21:20.043" endtime="20220430 12:21:37.967"/>
</kw>
<kw name="Open Nav" library="helpers">
<kw name="Wait Until Element Is Visible" library="AppiumLibrary">
<arg>${HAMBURGER}</arg>
<doc>Waits until element specified with `locator` is visible.</doc>
<status status="PASS" starttime="20220430 12:21:37.969" endtime="20220430 12:21:39.116"/>
</kw>
<kw name="Click Element" library="AppiumLibrary">
<arg>${HAMBURGER}</arg>
<doc>Click element identified by `locator`.</doc>
<msg timestamp="20220430 12:21:39.119" level="INFO">Clicking element 'xpath=//android.widget.ImageButton[@content-desc="Open navigation drawer"]'.</msg>
<status status="PASS" starttime="20220430 12:21:39.116" endtime="20220430 12:21:39.242"/>
</kw>
<kw name="Wait Until Element Is Visible" library="AppiumLibrary">
<arg>${NAV_VIEW}</arg>
<doc>Waits until element specified with `locator` is visible.</doc>
<status status="PASS" starttime="20220430 12:21:39.242" endtime="20220430 12:21:40.198"/>
</kw>
<status status="PASS" starttime="20220430 12:21:37.968" endtime="20220430 12:21:40.198"/>
</kw>
<kw name="Click Text" library="AppiumLibrary">
<arg>AVENGERS</arg>
<doc>Click text identified by ``text``.</doc>
<status status="PASS" starttime="20220430 12:21:40.199" endtime="20220430 12:21:40.412"/>
</kw>
<kw name="Wait Until Element Is Visible" library="AppiumLibrary">
<arg>${TOOLBAR_TITLE}</arg>
<doc>Waits until element specified with `locator` is visible.</doc>
<status status="PASS" starttime="20220430 12:21:40.413" endtime="20220430 12:21:41.343"/>
</kw>
<kw name="Element Name Should Be" library="AppiumLibrary">
<arg>${TOOLBAR_TITLE}</arg>
<arg>AVENGERS</arg>
<msg timestamp="20220430 12:21:41.417" level="INFO">Element 'id=io.qaninja.android.twp:id/toolbarTitle' name is 'AVENGERS' </msg>
<status status="PASS" starttime="20220430 12:21:41.345" endtime="20220430 12:21:41.417"/>
</kw>
<kw name="Wait Until Page Contains" library="AppiumLibrary">
<arg>AVENGERS</arg>
<doc>Waits until `text` appears on current page.</doc>
<status status="PASS" starttime="20220430 12:21:41.418" endtime="20220430 12:21:41.485"/>
</kw>
<kw name="Close Session" library="base" type="TEARDOWN">
<kw name="Close Application" library="AppiumLibrary">
<doc>Closes the current application and also close webdriver session.</doc>
<status status="PASS" starttime="20220430 12:21:41.487" endtime="20220430 12:21:41.933"/>
</kw>
<status status="PASS" starttime="20220430 12:21:41.486" endtime="20220430 12:21:41.934"/>
</kw>
<status status="PASS" starttime="20220430 12:21:20.041" endtime="20220430 12:21:41.934"/>
</test>
<test id="s1-s4-t2" name="Devo acessar a tela Forms" line="19">
<kw name="Open Session" library="base" type="SETUP">
<kw name="Set Appium Timeout" library="AppiumLibrary">
<arg>7</arg>
<doc>Sets the timeout in seconds used by various keywords.</doc>
<status status="PASS" starttime="20220430 12:21:41.938" endtime="20220430 12:21:41.938"/>
</kw>
<kw name="Open Application" library="AppiumLibrary">
<arg>http://localhost:4723/wd/hub</arg>
<arg>automationName=UiAutomator2</arg>
<arg>deviceName=SM_G980F</arg>
<arg>platformName=Android</arg>
<arg>app=${EXECDIR}/App/twp.apk</arg>
<doc>Opens a new application to given Appium server.
Capabilities of appium server, Android and iOS,
Please check https://github.com/appium/appium/blob/master/docs/en/writing-running-appium/server-args.md
| *Option*            | *Man.* | *Description*     |
| remote_url          | Yes    | Appium server url |
| alias               | no     | alias             |</doc>
<status status="PASS" starttime="20220430 12:21:41.938" endtime="20220430 12:21:54.423"/>
</kw>
<kw name="Get Started" library="helpers">
<kw name="Wait Until Page Contains" library="AppiumLibrary">
<arg>${START}</arg>
<doc>Waits until `text` appears on current page.</doc>
<status status="PASS" starttime="20220430 12:21:54.424" endtime="20220430 12:21:59.247"/>
</kw>
<kw name="Click Text" library="AppiumLibrary">
<arg>${START}</arg>
<doc>Click text identified by ``text``.</doc>
<status status="PASS" starttime="20220430 12:21:59.247" endtime="20220430 12:21:59.737"/>
</kw>
<status status="PASS" starttime="20220430 12:21:54.424" endtime="20220430 12:21:59.738"/>
</kw>
<status status="PASS" starttime="20220430 12:21:41.937" endtime="20220430 12:21:59.738"/>
</kw>
<kw name="Open Nav" library="helpers">
<kw name="Wait Until Element Is Visible" library="AppiumLibrary">
<arg>${HAMBURGER}</arg>
<doc>Waits until element specified with `locator` is visible.</doc>
<status status="PASS" starttime="20220430 12:21:59.740" endtime="20220430 12:22:00.974"/>
</kw>
<kw name="Click Element" library="AppiumLibrary">
<arg>${HAMBURGER}</arg>
<doc>Click element identified by `locator`.</doc>
<msg timestamp="20220430 12:22:00.978" level="INFO">Clicking element 'xpath=//android.widget.ImageButton[@content-desc="Open navigation drawer"]'.</msg>
<status status="PASS" starttime="20220430 12:22:00.975" endtime="20220430 12:22:01.099"/>
</kw>
<kw name="Wait Until Element Is Visible" library="AppiumLibrary">
<arg>${NAV_VIEW}</arg>
<doc>Waits until element specified with `locator` is visible.</doc>
<status status="PASS" starttime="20220430 12:22:01.099" endtime="20220430 12:22:02.158"/>
</kw>
<status status="PASS" starttime="20220430 12:21:59.739" endtime="20220430 12:22:02.158"/>
</kw>
<kw name="Click Text" library="AppiumLibrary">
<arg>FORMS</arg>
<doc>Click text identified by ``text``.</doc>
<status status="PASS" starttime="20220430 12:22:02.159" endtime="20220430 12:22:02.360"/>
</kw>
<kw name="Wait Until Element Is Visible" library="AppiumLibrary">
<arg>${TOOLBAR_TITLE}</arg>
<doc>Waits until element specified with `locator` is visible.</doc>
<status status="PASS" starttime="20220430 12:22:02.361" endtime="20220430 12:22:03.295"/>
</kw>
<kw name="Element Name Should Be" library="AppiumLibrary">
<arg>${TOOLBAR_TITLE}</arg>
<arg>FORMS</arg>
<msg timestamp="20220430 12:22:03.363" level="INFO">Element 'id=io.qaninja.android.twp:id/toolbarTitle' name is 'FORMS' </msg>
<status status="PASS" starttime="20220430 12:22:03.296" endtime="20220430 12:22:03.363"/>
</kw>
<kw name="Wait Until Page Contains" library="AppiumLibrary">
<arg>FORMS</arg>
<doc>Waits until `text` appears on current page.</doc>
<status status="PASS" starttime="20220430 12:22:03.364" endtime="20220430 12:22:03.424"/>
</kw>
<kw name="Close Session" library="base" type="TEARDOWN">
<kw name="Close Application" library="AppiumLibrary">
<doc>Closes the current application and also close webdriver session.</doc>
<status status="PASS" starttime="20220430 12:22:03.424" endtime="20220430 12:22:03.900"/>
</kw>
<status status="PASS" starttime="20220430 12:22:03.424" endtime="20220430 12:22:03.900"/>
</kw>
<status status="PASS" starttime="20220430 12:21:41.936" endtime="20220430 12:22:03.902"/>
</test>
<test id="s1-s4-t3" name="Devo acessar a tela Dialogs" line="27">
<kw name="Open Session" library="base" type="SETUP">
<kw name="Set Appium Timeout" library="AppiumLibrary">
<arg>7</arg>
<doc>Sets the timeout in seconds used by various keywords.</doc>
<status status="PASS" starttime="20220430 12:22:03.906" endtime="20220430 12:22:03.907"/>
</kw>
<kw name="Open Application" library="AppiumLibrary">
<arg>http://localhost:4723/wd/hub</arg>
<arg>automationName=UiAutomator2</arg>
<arg>deviceName=SM_G980F</arg>
<arg>platformName=Android</arg>
<arg>app=${EXECDIR}/App/twp.apk</arg>
<doc>Opens a new application to given Appium server.
Capabilities of appium server, Android and iOS,
Please check https://github.com/appium/appium/blob/master/docs/en/writing-running-appium/server-args.md
| *Option*            | *Man.* | *Description*     |
| remote_url          | Yes    | Appium server url |
| alias               | no     | alias             |</doc>
<status status="PASS" starttime="20220430 12:22:03.908" endtime="20220430 12:22:16.532"/>
</kw>
<kw name="Get Started" library="helpers">
<kw name="Wait Until Page Contains" library="AppiumLibrary">
<arg>${START}</arg>
<doc>Waits until `text` appears on current page.</doc>
<status status="PASS" starttime="20220430 12:22:16.533" endtime="20220430 12:22:21.192"/>
</kw>
<kw name="Click Text" library="AppiumLibrary">
<arg>${START}</arg>
<doc>Click text identified by ``text``.</doc>
<status status="PASS" starttime="20220430 12:22:21.192" endtime="20220430 12:22:21.638"/>
</kw>
<status status="PASS" starttime="20220430 12:22:16.532" endtime="20220430 12:22:21.639"/>
</kw>
<status status="PASS" starttime="20220430 12:22:03.905" endtime="20220430 12:22:21.639"/>
</kw>
<kw name="Open Nav" library="helpers">
<kw name="Wait Until Element Is Visible" library="AppiumLibrary">
<arg>${HAMBURGER}</arg>
<doc>Waits until element specified with `locator` is visible.</doc>
<status status="PASS" starttime="20220430 12:22:21.645" endtime="20220430 12:22:22.759"/>
</kw>
<kw name="Click Element" library="AppiumLibrary">
<arg>${HAMBURGER}</arg>
<doc>Click element identified by `locator`.</doc>
<msg timestamp="20220430 12:22:22.764" level="INFO">Clicking element 'xpath=//android.widget.ImageButton[@content-desc="Open navigation drawer"]'.</msg>
<status status="PASS" starttime="20220430 12:22:22.760" endtime="20220430 12:22:22.880"/>
</kw>
<kw name="Wait Until Element Is Visible" library="AppiumLibrary">
<arg>${NAV_VIEW}</arg>
<doc>Waits until element specified with `locator` is visible.</doc>
<status status="PASS" starttime="20220430 12:22:22.880" endtime="20220430 12:22:23.837"/>
</kw>
<status status="PASS" starttime="20220430 12:22:21.644" endtime="20220430 12:22:23.838"/>
</kw>
<kw name="Click Text" library="AppiumLibrary">
<arg>DIALOGS</arg>
<doc>Click text identified by ``text``.</doc>
<status status="PASS" starttime="20220430 12:22:23.839" endtime="20220430 12:22:24.064"/>
</kw>
<kw name="Wait Until Element Is Visible" library="AppiumLibrary">
<arg>${TOOLBAR_TITLE}</arg>
<doc>Waits until element specified with `locator` is visible.</doc>
<status status="PASS" starttime="20220430 12:22:24.065" endtime="20220430 12:22:25.010"/>
</kw>
<kw name="Element Name Should Be" library="AppiumLibrary">
<arg>${TOOLBAR_TITLE}</arg>
<arg>DIALOGS</arg>
<msg timestamp="20220430 12:22:25.122" level="INFO">Element 'id=io.qaninja.android.twp:id/toolbarTitle' name is 'DIALOGS' </msg>
<status status="PASS" starttime="20220430 12:22:25.024" endtime="20220430 12:22:25.122"/>
</kw>
<kw name="Wait Until Page Contains" library="AppiumLibrary">
<arg>DIALOGS</arg>
<doc>Waits until `text` appears on current page.</doc>
<status status="PASS" starttime="20220430 12:22:25.123" endtime="20220430 12:22:25.172"/>
</kw>
<kw name="Close Session" library="base" type="TEARDOWN">
<kw name="Close Application" library="AppiumLibrary">
<doc>Closes the current application and also close webdriver session.</doc>
<status status="PASS" starttime="20220430 12:22:25.174" endtime="20220430 12:22:25.656"/>
</kw>
<status status="PASS" starttime="20220430 12:22:25.173" endtime="20220430 12:22:25.657"/>
</kw>
<status status="PASS" starttime="20220430 12:22:03.904" endtime="20220430 12:22:25.658"/>
</test>
<test id="s1-s4-t4" name="Devo acessar a tela Seek Bar" line="35">
<kw name="Open Session" library="base" type="SETUP">
<kw name="Set Appium Timeout" library="AppiumLibrary">
<arg>7</arg>
<doc>Sets the timeout in seconds used by various keywords.</doc>
<status status="PASS" starttime="20220430 12:22:25.664" endtime="20220430 12:22:25.664"/>
</kw>
<kw name="Open Application" library="AppiumLibrary">
<arg>http://localhost:4723/wd/hub</arg>
<arg>automationName=UiAutomator2</arg>
<arg>deviceName=SM_G980F</arg>
<arg>platformName=Android</arg>
<arg>app=${EXECDIR}/App/twp.apk</arg>
<doc>Opens a new application to given Appium server.
Capabilities of appium server, Android and iOS,
Please check https://github.com/appium/appium/blob/master/docs/en/writing-running-appium/server-args.md
| *Option*            | *Man.* | *Description*     |
| remote_url          | Yes    | Appium server url |
| alias               | no     | alias             |</doc>
<status status="PASS" starttime="20220430 12:22:25.664" endtime="20220430 12:22:40.302"/>
</kw>
<kw name="Get Started" library="helpers">
<kw name="Wait Until Page Contains" library="AppiumLibrary">
<arg>${START}</arg>
<doc>Waits until `text` appears on current page.</doc>
<status status="PASS" starttime="20220430 12:22:40.304" endtime="20220430 12:22:44.989"/>
</kw>
<kw name="Click Text" library="AppiumLibrary">
<arg>${START}</arg>
<doc>Click text identified by ``text``.</doc>
<status status="PASS" starttime="20220430 12:22:44.989" endtime="20220430 12:22:45.439"/>
</kw>
<status status="PASS" starttime="20220430 12:22:40.303" endtime="20220430 12:22:45.439"/>
</kw>
<status status="PASS" starttime="20220430 12:22:25.662" endtime="20220430 12:22:45.440"/>
</kw>
<kw name="Open Nav" library="helpers">
<kw name="Wait Until Element Is Visible" library="AppiumLibrary">
<arg>${HAMBURGER}</arg>
<doc>Waits until element specified with `locator` is visible.</doc>
<status status="PASS" starttime="20220430 12:22:45.441" endtime="20220430 12:22:46.576"/>
</kw>
<kw name="Click Element" library="AppiumLibrary">
<arg>${HAMBURGER}</arg>
<doc>Click element identified by `locator`.</doc>
<msg timestamp="20220430 12:22:46.581" level="INFO">Clicking element 'xpath=//android.widget.ImageButton[@content-desc="Open navigation drawer"]'.</msg>
<status status="PASS" starttime="20220430 12:22:46.576" endtime="20220430 12:22:46.693"/>
</kw>
<kw name="Wait Until Element Is Visible" library="AppiumLibrary">
<arg>${NAV_VIEW}</arg>
<doc>Waits until element specified with `locator` is visible.</doc>
<status status="PASS" starttime="20220430 12:22:46.693" endtime="20220430 12:22:47.642"/>
</kw>
<status status="PASS" starttime="20220430 12:22:45.440" endtime="20220430 12:22:47.642"/>
</kw>
<kw name="Click Text" library="AppiumLibrary">
<arg>SEEK BAR</arg>
<doc>Click text identified by ``text``.</doc>
<status status="PASS" starttime="20220430 12:22:47.643" endtime="20220430 12:22:47.857"/>
</kw>
<kw name="Wait Until Element Is Visible" library="AppiumLibrary">
<arg>${TOOLBAR_TITLE}</arg>
<doc>Waits until element specified with `locator` is visible.</doc>
<status status="PASS" starttime="20220430 12:22:47.857" endtime="20220430 12:22:48.788"/>
</kw>
<kw name="Element Name Should Be" library="AppiumLibrary">
<arg>${TOOLBAR_TITLE}</arg>
<arg>SEEK BAR</arg>
<msg timestamp="20220430 12:22:48.857" level="INFO">Element 'id=io.qaninja.android.twp:id/toolbarTitle' name is 'SEEK BAR' </msg>
<status status="PASS" starttime="20220430 12:22:48.788" endtime="20220430 12:22:48.857"/>
</kw>
<kw name="Wait Until Page Contains" library="AppiumLibrary">
<arg>SEEK BAR</arg>
<doc>Waits until `text` appears on current page.</doc>
<status status="PASS" starttime="20220430 12:22:48.858" endtime="20220430 12:22:48.915"/>
</kw>
<kw name="Close Session" library="base" type="TEARDOWN">
<kw name="Close Application" library="AppiumLibrary">
<doc>Closes the current application and also close webdriver session.</doc>
<status status="PASS" starttime="20220430 12:22:48.917" endtime="20220430 12:22:49.361"/>
</kw>
<status status="PASS" starttime="20220430 12:22:48.916" endtime="20220430 12:22:49.361"/>
</kw>
<status status="PASS" starttime="20220430 12:22:25.660" endtime="20220430 12:22:49.362"/>
</test>
<test id="s1-s4-t5" name="Devo acessar a tela Inputs" line="43">
<kw name="Open Session" library="base" type="SETUP">
<kw name="Set Appium Timeout" library="AppiumLibrary">
<arg>7</arg>
<doc>Sets the timeout in seconds used by various keywords.</doc>
<status status="PASS" starttime="20220430 12:22:49.366" endtime="20220430 12:22:49.367"/>
</kw>
<kw name="Open Application" library="AppiumLibrary">
<arg>http://localhost:4723/wd/hub</arg>
<arg>automationName=UiAutomator2</arg>
<arg>deviceName=SM_G980F</arg>
<arg>platformName=Android</arg>
<arg>app=${EXECDIR}/App/twp.apk</arg>
<doc>Opens a new application to given Appium server.
Capabilities of appium server, Android and iOS,
Please check https://github.com/appium/appium/blob/master/docs/en/writing-running-appium/server-args.md
| *Option*            | *Man.* | *Description*     |
| remote_url          | Yes    | Appium server url |
| alias               | no     | alias             |</doc>
<status status="PASS" starttime="20220430 12:22:49.367" endtime="20220430 12:23:01.347"/>
</kw>
<kw name="Get Started" library="helpers">
<kw name="Wait Until Page Contains" library="AppiumLibrary">
<arg>${START}</arg>
<doc>Waits until `text` appears on current page.</doc>
<status status="PASS" starttime="20220430 12:23:01.348" endtime="20220430 12:23:05.984"/>
</kw>
<kw name="Click Text" library="AppiumLibrary">
<arg>${START}</arg>
<doc>Click text identified by ``text``.</doc>
<status status="PASS" starttime="20220430 12:23:05.984" endtime="20220430 12:23:06.428"/>
</kw>
<status status="PASS" starttime="20220430 12:23:01.347" endtime="20220430 12:23:06.429"/>
</kw>
<status status="PASS" starttime="20220430 12:22:49.366" endtime="20220430 12:23:06.429"/>
</kw>
<kw name="Open Nav" library="helpers">
<kw name="Wait Until Element Is Visible" library="AppiumLibrary">
<arg>${HAMBURGER}</arg>
<doc>Waits until element specified with `locator` is visible.</doc>
<status status="PASS" starttime="20220430 12:23:06.430" endtime="20220430 12:23:07.681"/>
</kw>
<kw name="Click Element" library="AppiumLibrary">
<arg>${HAMBURGER}</arg>
<doc>Click element identified by `locator`.</doc>
<msg timestamp="20220430 12:23:07.684" level="INFO">Clicking element 'xpath=//android.widget.ImageButton[@content-desc="Open navigation drawer"]'.</msg>
<status status="PASS" starttime="20220430 12:23:07.681" endtime="20220430 12:23:07.804"/>
</kw>
<kw name="Wait Until Element Is Visible" library="AppiumLibrary">
<arg>${NAV_VIEW}</arg>
<doc>Waits until element specified with `locator` is visible.</doc>
<status status="PASS" starttime="20220430 12:23:07.804" endtime="20220430 12:23:08.829"/>
</kw>
<status status="PASS" starttime="20220430 12:23:06.430" endtime="20220430 12:23:08.829"/>
</kw>
<kw name="Click Text" library="AppiumLibrary">
<arg>INPUTS</arg>
<doc>Click text identified by ``text``.</doc>
<status status="PASS" starttime="20220430 12:23:08.830" endtime="20220430 12:23:09.102"/>
</kw>
<kw name="Wait Until Element Is Visible" library="AppiumLibrary">
<arg>${TOOLBAR_TITLE}</arg>
<doc>Waits until element specified with `locator` is visible.</doc>
<status status="PASS" starttime="20220430 12:23:09.103" endtime="20220430 12:23:10.035"/>
</kw>
<kw name="Element Name Should Be" library="AppiumLibrary">
<arg>${TOOLBAR_TITLE}</arg>
<arg>INPUTS</arg>
<msg timestamp="20220430 12:23:10.112" level="INFO">Element 'id=io.qaninja.android.twp:id/toolbarTitle' name is 'INPUTS' </msg>
<status status="PASS" starttime="20220430 12:23:10.036" endtime="20220430 12:23:10.113"/>
</kw>
<kw name="Wait Until Page Contains" library="AppiumLibrary">
<arg>INPUTS</arg>
<doc>Waits until `text` appears on current page.</doc>
<status status="PASS" starttime="20220430 12:23:10.113" endtime="20220430 12:23:10.170"/>
</kw>
<kw name="Close Session" library="base" type="TEARDOWN">
<kw name="Close Application" library="AppiumLibrary">
<doc>Closes the current application and also close webdriver session.</doc>
<status status="PASS" starttime="20220430 12:23:10.173" endtime="20220430 12:23:10.622"/>
</kw>
<status status="PASS" starttime="20220430 12:23:10.172" endtime="20220430 12:23:10.622"/>
</kw>
<status status="PASS" starttime="20220430 12:22:49.364" endtime="20220430 12:23:10.623"/>
</test>
<test id="s1-s4-t6" name="Devo acessar a tela Botões" line="51">
<kw name="Open Session" library="base" type="SETUP">
<kw name="Set Appium Timeout" library="AppiumLibrary">
<arg>7</arg>
<doc>Sets the timeout in seconds used by various keywords.</doc>
<status status="PASS" starttime="20220430 12:23:10.629" endtime="20220430 12:23:10.630"/>
</kw>
<kw name="Open Application" library="AppiumLibrary">
<arg>http://localhost:4723/wd/hub</arg>
<arg>automationName=UiAutomator2</arg>
<arg>deviceName=SM_G980F</arg>
<arg>platformName=Android</arg>
<arg>app=${EXECDIR}/App/twp.apk</arg>
<doc>Opens a new application to given Appium server.
Capabilities of appium server, Android and iOS,
Please check https://github.com/appium/appium/blob/master/docs/en/writing-running-appium/server-args.md
| *Option*            | *Man.* | *Description*     |
| remote_url          | Yes    | Appium server url |
| alias               | no     | alias             |</doc>
<status status="PASS" starttime="20220430 12:23:10.630" endtime="20220430 12:23:24.158"/>
</kw>
<kw name="Get Started" library="helpers">
<kw name="Wait Until Page Contains" library="AppiumLibrary">
<arg>${START}</arg>
<doc>Waits until `text` appears on current page.</doc>
<status status="PASS" starttime="20220430 12:23:24.159" endtime="20220430 12:23:28.810"/>
</kw>
<kw name="Click Text" library="AppiumLibrary">
<arg>${START}</arg>
<doc>Click text identified by ``text``.</doc>
<status status="PASS" starttime="20220430 12:23:28.810" endtime="20220430 12:23:29.176"/>
</kw>
<status status="PASS" starttime="20220430 12:23:24.158" endtime="20220430 12:23:29.176"/>
</kw>
<status status="PASS" starttime="20220430 12:23:10.628" endtime="20220430 12:23:29.176"/>
</kw>
<kw name="Open Nav" library="helpers">
<kw name="Wait Until Element Is Visible" library="AppiumLibrary">
<arg>${HAMBURGER}</arg>
<doc>Waits until element specified with `locator` is visible.</doc>
<status status="PASS" starttime="20220430 12:23:29.178" endtime="20220430 12:23:30.412"/>
</kw>
<kw name="Click Element" library="AppiumLibrary">
<arg>${HAMBURGER}</arg>
<doc>Click element identified by `locator`.</doc>
<msg timestamp="20220430 12:23:30.417" level="INFO">Clicking element 'xpath=//android.widget.ImageButton[@content-desc="Open navigation drawer"]'.</msg>
<status status="PASS" starttime="20220430 12:23:30.412" endtime="20220430 12:23:30.535"/>
</kw>
<kw name="Wait Until Element Is Visible" library="AppiumLibrary">
<arg>${NAV_VIEW}</arg>
<doc>Waits until element specified with `locator` is visible.</doc>
<status status="PASS" starttime="20220430 12:23:30.535" endtime="20220430 12:23:31.485"/>
</kw>
<status status="PASS" starttime="20220430 12:23:29.177" endtime="20220430 12:23:31.485"/>
</kw>
<kw name="Click Text" library="AppiumLibrary">
<arg>BOTÕES</arg>
<doc>Click text identified by ``text``.</doc>
<status status="PASS" starttime="20220430 12:23:31.486" endtime="20220430 12:23:31.685"/>
</kw>
<kw name="Wait Until Element Is Visible" library="AppiumLibrary">
<arg>${TOOLBAR_TITLE}</arg>
<doc>Waits until element specified with `locator` is visible.</doc>
<status status="PASS" starttime="20220430 12:23:31.686" endtime="20220430 12:23:32.633"/>
</kw>
<kw name="Element Name Should Be" library="AppiumLibrary">
<arg>${TOOLBAR_TITLE}</arg>
<arg>BOTÕES</arg>
<msg timestamp="20220430 12:23:32.708" level="INFO">Element 'id=io.qaninja.android.twp:id/toolbarTitle' name is 'BOTÕES' </msg>
<status status="PASS" starttime="20220430 12:23:32.634" endtime="20220430 12:23:32.708"/>
</kw>
<kw name="Wait Until Page Contains" library="AppiumLibrary">
<arg>BOTÕES</arg>
<doc>Waits until `text` appears on current page.</doc>
<status status="PASS" starttime="20220430 12:23:32.709" endtime="20220430 12:23:32.767"/>
</kw>
<kw name="Close Session" library="base" type="TEARDOWN">
<kw name="Close Application" library="AppiumLibrary">
<doc>Closes the current application and also close webdriver session.</doc>
<status status="PASS" starttime="20220430 12:23:32.769" endtime="20220430 12:23:33.175"/>
</kw>
<status status="PASS" starttime="20220430 12:23:32.768" endtime="20220430 12:23:33.176"/>
</kw>
<status status="PASS" starttime="20220430 12:23:10.625" endtime="20220430 12:23:33.176"/>
</test>
<status status="PASS" starttime="20220430 12:21:20.022" endtime="20220430 12:23:33.180"/>
</suite>
<suite id="s1-s5" name="Radio" source="C:\Users\quint\OneDrive\Documentos\Repositorios\test_mobile_appium\twp\tests\radio.robot">
<test id="s1-s5-t1" name="Deve selecionar a opção Java" line="8">
<kw name="Open Session" library="base" type="SETUP">
<kw name="Set Appium Timeout" library="AppiumLibrary">
<arg>7</arg>
<doc>Sets the timeout in seconds used by various keywords.</doc>
<status status="PASS" starttime="20220430 12:23:33.200" endtime="20220430 12:23:33.200"/>
</kw>
<kw name="Open Application" library="AppiumLibrary">
<arg>http://localhost:4723/wd/hub</arg>
<arg>automationName=UiAutomator2</arg>
<arg>deviceName=SM_G980F</arg>
<arg>platformName=Android</arg>
<arg>app=${EXECDIR}/App/twp.apk</arg>
<doc>Opens a new application to given Appium server.
Capabilities of appium server, Android and iOS,
Please check https://github.com/appium/appium/blob/master/docs/en/writing-running-appium/server-args.md
| *Option*            | *Man.* | *Description*     |
| remote_url          | Yes    | Appium server url |
| alias               | no     | alias             |</doc>
<status status="PASS" starttime="20220430 12:23:33.200" endtime="20220430 12:23:45.815"/>
</kw>
<kw name="Get Started" library="helpers">
<kw name="Wait Until Page Contains" library="AppiumLibrary">
<arg>${START}</arg>
<doc>Waits until `text` appears on current page.</doc>
<status status="PASS" starttime="20220430 12:23:45.818" endtime="20220430 12:23:50.444"/>
</kw>
<kw name="Click Text" library="AppiumLibrary">
<arg>${START}</arg>
<doc>Click text identified by ``text``.</doc>
<status status="PASS" starttime="20220430 12:23:50.444" endtime="20220430 12:23:50.862"/>
</kw>
<status status="PASS" starttime="20220430 12:23:45.816" endtime="20220430 12:23:50.862"/>
</kw>
<status status="PASS" starttime="20220430 12:23:33.200" endtime="20220430 12:23:50.862"/>
</kw>
<kw name="Abrir Formulario De Radion Buttons" library="helpers">
<kw name="Open Nav" library="helpers">
<kw name="Wait Until Element Is Visible" library="AppiumLibrary">
<arg>${HAMBURGER}</arg>
<doc>Waits until element specified with `locator` is visible.</doc>
<status status="PASS" starttime="20220430 12:23:50.864" endtime="20220430 12:23:52.107"/>
</kw>
<kw name="Click Element" library="AppiumLibrary">
<arg>${HAMBURGER}</arg>
<doc>Click element identified by `locator`.</doc>
<msg timestamp="20220430 12:23:52.109" level="INFO">Clicking element 'xpath=//android.widget.ImageButton[@content-desc="Open navigation drawer"]'.</msg>
<status status="PASS" starttime="20220430 12:23:52.108" endtime="20220430 12:23:52.226"/>
</kw>
<kw name="Wait Until Element Is Visible" library="AppiumLibrary">
<arg>${NAV_VIEW}</arg>
<doc>Waits until element specified with `locator` is visible.</doc>
<status status="PASS" starttime="20220430 12:23:52.226" endtime="20220430 12:23:53.174"/>
</kw>
<status status="PASS" starttime="20220430 12:23:50.863" endtime="20220430 12:23:53.174"/>
</kw>
<kw name="Click Text" library="AppiumLibrary">
<arg>INPUTS</arg>
<doc>Click text identified by ``text``.</doc>
<status status="PASS" starttime="20220430 12:23:53.174" endtime="20220430 12:23:53.386"/>
</kw>
<kw name="Wait Until Page Contains" library="AppiumLibrary">
<arg>INPUTS</arg>
<doc>Waits until `text` appears on current page.</doc>
<status status="PASS" starttime="20220430 12:23:53.386" endtime="20220430 12:23:53.852"/>
</kw>
<kw name="Click Text" library="AppiumLibrary">
<arg>BOTÕES DE RADIO</arg>
<doc>Click text identified by ``text``.</doc>
<status status="PASS" starttime="20220430 12:23:53.852" endtime="20220430 12:23:54.440"/>
</kw>
<kw name="Wait Until Page Contains" library="AppiumLibrary">
<arg>Escolha sua linguagem preferida</arg>
<doc>Waits until `text` appears on current page.</doc>
<status status="PASS" starttime="20220430 12:23:54.440" endtime="20220430 12:23:55.236"/>
</kw>
<status status="PASS" starttime="20220430 12:23:50.862" endtime="20220430 12:23:55.236"/>
</kw>
<kw name="Set Variable" library="BuiltIn">
<var>${element}</var>
<arg>xpath=//android.widget.RadioButton[contains(@text, 'Java')]</arg>
<doc>Returns the given values which can then be assigned to a variables.</doc>
<msg timestamp="20220430 12:23:55.237" level="INFO">${element} = xpath=//android.widget.RadioButton[contains(@text, 'Java')]</msg>
<status status="PASS" starttime="20220430 12:23:55.236" endtime="20220430 12:23:55.237"/>
</kw>
<kw name="Click Element" library="AppiumLibrary">
<arg>${element}</arg>
<doc>Click element identified by `locator`.</doc>
<msg timestamp="20220430 12:23:55.241" level="INFO">Clicking element 'xpath=//android.widget.RadioButton[contains(@text, 'Java')]'.</msg>
<status status="PASS" starttime="20220430 12:23:55.238" endtime="20220430 12:23:55.420"/>
</kw>
<kw name="Wait Until Element Is Visible" library="AppiumLibrary">
<arg>${element}</arg>
<doc>Waits until element specified with `locator` is visible.</doc>
<status status="PASS" starttime="20220430 12:23:55.421" endtime="20220430 12:23:56.050"/>
</kw>
<kw name="Element Attribute Should Match" library="AppiumLibrary">
<arg>${element}</arg>
<arg>checked</arg>
<arg>true</arg>
<doc>Verify that an attribute of an element matches the expected criteria.</doc>
<msg timestamp="20220430 12:23:56.126" level="INFO">CAUTION: 'xpath=//android.widget.RadioButton[contains(@text, 'Java')]' matched 2 elements - using the first element only</msg>
<msg timestamp="20220430 12:23:56.159" level="INFO">Element 'xpath=//android.widget.RadioButton[contains(@text, 'Java')]' attribute 'checked' is 'true' </msg>
<status status="PASS" starttime="20220430 12:23:56.051" endtime="20220430 12:23:56.159"/>
</kw>
<kw name="Close Session" library="base" type="TEARDOWN">
<kw name="Close Application" library="AppiumLibrary">
<doc>Closes the current application and also close webdriver session.</doc>
<status status="PASS" starttime="20220430 12:23:56.162" endtime="20220430 12:23:56.560"/>
</kw>
<status status="PASS" starttime="20220430 12:23:56.161" endtime="20220430 12:23:56.560"/>
</kw>
<status status="PASS" starttime="20220430 12:23:33.198" endtime="20220430 12:23:56.562"/>
</test>
<test id="s1-s5-t2" name="Deve selecionar a opção C#" line="17">
<kw name="Open Session" library="base" type="SETUP">
<kw name="Set Appium Timeout" library="AppiumLibrary">
<arg>7</arg>
<doc>Sets the timeout in seconds used by various keywords.</doc>
<status status="PASS" starttime="20220430 12:23:56.566" endtime="20220430 12:23:56.567"/>
</kw>
<kw name="Open Application" library="AppiumLibrary">
<arg>http://localhost:4723/wd/hub</arg>
<arg>automationName=UiAutomator2</arg>
<arg>deviceName=SM_G980F</arg>
<arg>platformName=Android</arg>
<arg>app=${EXECDIR}/App/twp.apk</arg>
<doc>Opens a new application to given Appium server.
Capabilities of appium server, Android and iOS,
Please check https://github.com/appium/appium/blob/master/docs/en/writing-running-appium/server-args.md
| *Option*            | *Man.* | *Description*     |
| remote_url          | Yes    | Appium server url |
| alias               | no     | alias             |</doc>
<status status="PASS" starttime="20220430 12:23:56.567" endtime="20220430 12:24:08.480"/>
</kw>
<kw name="Get Started" library="helpers">
<kw name="Wait Until Page Contains" library="AppiumLibrary">
<arg>${START}</arg>
<doc>Waits until `text` appears on current page.</doc>
<status status="PASS" starttime="20220430 12:24:08.483" endtime="20220430 12:24:13.184"/>
</kw>
<kw name="Click Text" library="AppiumLibrary">
<arg>${START}</arg>
<doc>Click text identified by ``text``.</doc>
<status status="PASS" starttime="20220430 12:24:13.184" endtime="20220430 12:24:13.616"/>
</kw>
<status status="PASS" starttime="20220430 12:24:08.482" endtime="20220430 12:24:13.617"/>
</kw>
<status status="PASS" starttime="20220430 12:23:56.565" endtime="20220430 12:24:13.617"/>
</kw>
<kw name="Abrir Formulario De Radion Buttons" library="helpers">
<kw name="Open Nav" library="helpers">
<kw name="Wait Until Element Is Visible" library="AppiumLibrary">
<arg>${HAMBURGER}</arg>
<doc>Waits until element specified with `locator` is visible.</doc>
<status status="PASS" starttime="20220430 12:24:13.618" endtime="20220430 12:24:14.872"/>
</kw>
<kw name="Click Element" library="AppiumLibrary">
<arg>${HAMBURGER}</arg>
<doc>Click element identified by `locator`.</doc>
<msg timestamp="20220430 12:24:14.874" level="INFO">Clicking element 'xpath=//android.widget.ImageButton[@content-desc="Open navigation drawer"]'.</msg>
<status status="PASS" starttime="20220430 12:24:14.872" endtime="20220430 12:24:14.994"/>
</kw>
<kw name="Wait Until Element Is Visible" library="AppiumLibrary">
<arg>${NAV_VIEW}</arg>
<doc>Waits until element specified with `locator` is visible.</doc>
<status status="PASS" starttime="20220430 12:24:14.994" endtime="20220430 12:24:15.941"/>
</kw>
<status status="PASS" starttime="20220430 12:24:13.618" endtime="20220430 12:24:15.941"/>
</kw>
<kw name="Click Text" library="AppiumLibrary">
<arg>INPUTS</arg>
<doc>Click text identified by ``text``.</doc>
<status status="PASS" starttime="20220430 12:24:15.941" endtime="20220430 12:24:16.164"/>
</kw>
<kw name="Wait Until Page Contains" library="AppiumLibrary">
<arg>INPUTS</arg>
<doc>Waits until `text` appears on current page.</doc>
<status status="PASS" starttime="20220430 12:24:16.164" endtime="20220430 12:24:16.630"/>
</kw>
<kw name="Click Text" library="AppiumLibrary">
<arg>BOTÕES DE RADIO</arg>
<doc>Click text identified by ``text``.</doc>
<status status="PASS" starttime="20220430 12:24:16.630" endtime="20220430 12:24:17.207"/>
</kw>
<kw name="Wait Until Page Contains" library="AppiumLibrary">
<arg>Escolha sua linguagem preferida</arg>
<doc>Waits until `text` appears on current page.</doc>
<status status="PASS" starttime="20220430 12:24:17.207" endtime="20220430 12:24:18.014"/>
</kw>
<status status="PASS" starttime="20220430 12:24:13.617" endtime="20220430 12:24:18.014"/>
</kw>
<kw name="Set Variable" library="BuiltIn">
<var>${element}</var>
<arg>xpath=//android.widget.RadioButton[contains(@text, 'C#')]</arg>
<doc>Returns the given values which can then be assigned to a variables.</doc>
<msg timestamp="20220430 12:24:18.015" level="INFO">${element} = xpath=//android.widget.RadioButton[contains(@text, 'C#')]</msg>
<status status="PASS" starttime="20220430 12:24:18.014" endtime="20220430 12:24:18.015"/>
</kw>
<kw name="Click Element" library="AppiumLibrary">
<arg>${element}</arg>
<doc>Click element identified by `locator`.</doc>
<msg timestamp="20220430 12:24:18.017" level="INFO">Clicking element 'xpath=//android.widget.RadioButton[contains(@text, 'C#')]'.</msg>
<status status="PASS" starttime="20220430 12:24:18.015" endtime="20220430 12:24:18.189"/>
</kw>
<kw name="Wait Until Element Is Visible" library="AppiumLibrary">
<arg>${element}</arg>
<doc>Waits until element specified with `locator` is visible.</doc>
<status status="PASS" starttime="20220430 12:24:18.189" endtime="20220430 12:24:18.812"/>
</kw>
<kw name="Element Attribute Should Match" library="AppiumLibrary">
<arg>${element}</arg>
<arg>checked</arg>
<arg>true</arg>
<doc>Verify that an attribute of an element matches the expected criteria.</doc>
<msg timestamp="20220430 12:24:18.892" level="INFO">Element 'xpath=//android.widget.RadioButton[contains(@text, 'C#')]' attribute 'checked' is 'true' </msg>
<status status="PASS" starttime="20220430 12:24:18.813" endtime="20220430 12:24:18.892"/>
</kw>
<kw name="Close Session" library="base" type="TEARDOWN">
<kw name="Close Application" library="AppiumLibrary">
<doc>Closes the current application and also close webdriver session.</doc>
<status status="PASS" starttime="20220430 12:24:18.893" endtime="20220430 12:24:19.468"/>
</kw>
<status status="PASS" starttime="20220430 12:24:18.893" endtime="20220430 12:24:19.469"/>
</kw>
<status status="PASS" starttime="20220430 12:23:56.564" endtime="20220430 12:24:19.472"/>
</test>
<test id="s1-s5-t3" name="Deve selecionar a opção Ruby" line="26">
<kw name="Open Session" library="base" type="SETUP">
<kw name="Set Appium Timeout" library="AppiumLibrary">
<arg>7</arg>
<doc>Sets the timeout in seconds used by various keywords.</doc>
<status status="PASS" starttime="20220430 12:24:19.478" endtime="20220430 12:24:19.479"/>
</kw>
<kw name="Open Application" library="AppiumLibrary">
<arg>http://localhost:4723/wd/hub</arg>
<arg>automationName=UiAutomator2</arg>
<arg>deviceName=SM_G980F</arg>
<arg>platformName=Android</arg>
<arg>app=${EXECDIR}/App/twp.apk</arg>
<doc>Opens a new application to given Appium server.
Capabilities of appium server, Android and iOS,
Please check https://github.com/appium/appium/blob/master/docs/en/writing-running-appium/server-args.md
| *Option*            | *Man.* | *Description*     |
| remote_url          | Yes    | Appium server url |
| alias               | no     | alias             |</doc>
<status status="PASS" starttime="20220430 12:24:19.480" endtime="20220430 12:24:31.856"/>
</kw>
<kw name="Get Started" library="helpers">
<kw name="Wait Until Page Contains" library="AppiumLibrary">
<arg>${START}</arg>
<doc>Waits until `text` appears on current page.</doc>
<status status="PASS" starttime="20220430 12:24:31.857" endtime="20220430 12:24:36.458"/>
</kw>
<kw name="Click Text" library="AppiumLibrary">
<arg>${START}</arg>
<doc>Click text identified by ``text``.</doc>
<status status="PASS" starttime="20220430 12:24:36.459" endtime="20220430 12:24:36.823"/>
</kw>
<status status="PASS" starttime="20220430 12:24:31.856" endtime="20220430 12:24:36.824"/>
</kw>
<status status="PASS" starttime="20220430 12:24:19.477" endtime="20220430 12:24:36.824"/>
</kw>
<kw name="Abrir Formulario De Radion Buttons" library="helpers">
<kw name="Open Nav" library="helpers">
<kw name="Wait Until Element Is Visible" library="AppiumLibrary">
<arg>${HAMBURGER}</arg>
<doc>Waits until element specified with `locator` is visible.</doc>
<status status="PASS" starttime="20220430 12:24:36.825" endtime="20220430 12:24:37.936"/>
</kw>
<kw name="Click Element" library="AppiumLibrary">
<arg>${HAMBURGER}</arg>
<doc>Click element identified by `locator`.</doc>
<msg timestamp="20220430 12:24:37.939" level="INFO">Clicking element 'xpath=//android.widget.ImageButton[@content-desc="Open navigation drawer"]'.</msg>
<status status="PASS" starttime="20220430 12:24:37.936" endtime="20220430 12:24:38.064"/>
</kw>
<kw name="Wait Until Element Is Visible" library="AppiumLibrary">
<arg>${NAV_VIEW}</arg>
<doc>Waits until element specified with `locator` is visible.</doc>
<status status="PASS" starttime="20220430 12:24:38.064" endtime="20220430 12:24:39.012"/>
</kw>
<status status="PASS" starttime="20220430 12:24:36.825" endtime="20220430 12:24:39.012"/>
</kw>
<kw name="Click Text" library="AppiumLibrary">
<arg>INPUTS</arg>
<doc>Click text identified by ``text``.</doc>
<status status="PASS" starttime="20220430 12:24:39.013" endtime="20220430 12:24:39.198"/>
</kw>
<kw name="Wait Until Page Contains" library="AppiumLibrary">
<arg>INPUTS</arg>
<doc>Waits until `text` appears on current page.</doc>
<status status="PASS" starttime="20220430 12:24:39.198" endtime="20220430 12:24:39.668"/>
</kw>
<kw name="Click Text" library="AppiumLibrary">
<arg>BOTÕES DE RADIO</arg>
<doc>Click text identified by ``text``.</doc>
<status status="PASS" starttime="20220430 12:24:39.668" endtime="20220430 12:24:40.243"/>
</kw>
<kw name="Wait Until Page Contains" library="AppiumLibrary">
<arg>Escolha sua linguagem preferida</arg>
<doc>Waits until `text` appears on current page.</doc>
<status status="PASS" starttime="20220430 12:24:40.244" endtime="20220430 12:24:41.046"/>
</kw>
<status status="PASS" starttime="20220430 12:24:36.824" endtime="20220430 12:24:41.046"/>
</kw>
<kw name="Set Variable" library="BuiltIn">
<var>${element}</var>
<arg>xpath=//android.widget.RadioButton[contains(@text, 'Ruby')]</arg>
<doc>Returns the given values which can then be assigned to a variables.</doc>
<msg timestamp="20220430 12:24:41.047" level="INFO">${element} = xpath=//android.widget.RadioButton[contains(@text, 'Ruby')]</msg>
<status status="PASS" starttime="20220430 12:24:41.046" endtime="20220430 12:24:41.047"/>
</kw>
<kw name="Click Element" library="AppiumLibrary">
<arg>${element}</arg>
<doc>Click element identified by `locator`.</doc>
<msg timestamp="20220430 12:24:41.050" level="INFO">Clicking element 'xpath=//android.widget.RadioButton[contains(@text, 'Ruby')]'.</msg>
<status status="PASS" starttime="20220430 12:24:41.048" endtime="20220430 12:24:41.190"/>
</kw>
<kw name="Wait Until Element Is Visible" library="AppiumLibrary">
<arg>${element}</arg>
<doc>Waits until element specified with `locator` is visible.</doc>
<status status="PASS" starttime="20220430 12:24:41.190" endtime="20220430 12:24:41.824"/>
</kw>
<kw name="Element Attribute Should Match" library="AppiumLibrary">
<arg>${element}</arg>
<arg>checked</arg>
<arg>true</arg>
<doc>Verify that an attribute of an element matches the expected criteria.</doc>
<msg timestamp="20220430 12:24:41.905" level="INFO">Element 'xpath=//android.widget.RadioButton[contains(@text, 'Ruby')]' attribute 'checked' is 'true' </msg>
<status status="PASS" starttime="20220430 12:24:41.825" endtime="20220430 12:24:41.906"/>
</kw>
<kw name="Close Session" library="base" type="TEARDOWN">
<kw name="Close Application" library="AppiumLibrary">
<doc>Closes the current application and also close webdriver session.</doc>
<status status="PASS" starttime="20220430 12:24:41.906" endtime="20220430 12:24:42.319"/>
</kw>
<status status="PASS" starttime="20220430 12:24:41.906" endtime="20220430 12:24:42.319"/>
</kw>
<status status="PASS" starttime="20220430 12:24:19.475" endtime="20220430 12:24:42.320"/>
</test>
<test id="s1-s5-t4" name="Deve selecionar a opção Python" line="35">
<kw name="Open Session" library="base" type="SETUP">
<kw name="Set Appium Timeout" library="AppiumLibrary">
<arg>7</arg>
<doc>Sets the timeout in seconds used by various keywords.</doc>
<status status="PASS" starttime="20220430 12:24:42.325" endtime="20220430 12:24:42.325"/>
</kw>
<kw name="Open Application" library="AppiumLibrary">
<arg>http://localhost:4723/wd/hub</arg>
<arg>automationName=UiAutomator2</arg>
<arg>deviceName=SM_G980F</arg>
<arg>platformName=Android</arg>
<arg>app=${EXECDIR}/App/twp.apk</arg>
<doc>Opens a new application to given Appium server.
Capabilities of appium server, Android and iOS,
Please check https://github.com/appium/appium/blob/master/docs/en/writing-running-appium/server-args.md
| *Option*            | *Man.* | *Description*     |
| remote_url          | Yes    | Appium server url |
| alias               | no     | alias             |</doc>
<status status="PASS" starttime="20220430 12:24:42.325" endtime="20220430 12:24:54.876"/>
</kw>
<kw name="Get Started" library="helpers">
<kw name="Wait Until Page Contains" library="AppiumLibrary">
<arg>${START}</arg>
<doc>Waits until `text` appears on current page.</doc>
<status status="PASS" starttime="20220430 12:24:54.877" endtime="20220430 12:24:59.489"/>
</kw>
<kw name="Click Text" library="AppiumLibrary">
<arg>${START}</arg>
<doc>Click text identified by ``text``.</doc>
<status status="PASS" starttime="20220430 12:24:59.489" endtime="20220430 12:24:59.935"/>
</kw>
<status status="PASS" starttime="20220430 12:24:54.876" endtime="20220430 12:24:59.936"/>
</kw>
<status status="PASS" starttime="20220430 12:24:42.324" endtime="20220430 12:24:59.936"/>
</kw>
<kw name="Abrir Formulario De Radion Buttons" library="helpers">
<kw name="Open Nav" library="helpers">
<kw name="Wait Until Element Is Visible" library="AppiumLibrary">
<arg>${HAMBURGER}</arg>
<doc>Waits until element specified with `locator` is visible.</doc>
<status status="PASS" starttime="20220430 12:24:59.937" endtime="20220430 12:25:01.167"/>
</kw>
<kw name="Click Element" library="AppiumLibrary">
<arg>${HAMBURGER}</arg>
<doc>Click element identified by `locator`.</doc>
<msg timestamp="20220430 12:25:01.170" level="INFO">Clicking element 'xpath=//android.widget.ImageButton[@content-desc="Open navigation drawer"]'.</msg>
<status status="PASS" starttime="20220430 12:25:01.167" endtime="20220430 12:25:01.283"/>
</kw>
<kw name="Wait Until Element Is Visible" library="AppiumLibrary">
<arg>${NAV_VIEW}</arg>
<doc>Waits until element specified with `locator` is visible.</doc>
<status status="PASS" starttime="20220430 12:25:01.283" endtime="20220430 12:25:02.233"/>
</kw>
<status status="PASS" starttime="20220430 12:24:59.937" endtime="20220430 12:25:02.233"/>
</kw>
<kw name="Click Text" library="AppiumLibrary">
<arg>INPUTS</arg>
<doc>Click text identified by ``text``.</doc>
<status status="PASS" starttime="20220430 12:25:02.234" endtime="20220430 12:25:02.447"/>
</kw>
<kw name="Wait Until Page Contains" library="AppiumLibrary">
<arg>INPUTS</arg>
<doc>Waits until `text` appears on current page.</doc>
<status status="PASS" starttime="20220430 12:25:02.448" endtime="20220430 12:25:02.917"/>
</kw>
<kw name="Click Text" library="AppiumLibrary">
<arg>BOTÕES DE RADIO</arg>
<doc>Click text identified by ``text``.</doc>
<status status="PASS" starttime="20220430 12:25:02.918" endtime="20220430 12:25:03.497"/>
</kw>
<kw name="Wait Until Page Contains" library="AppiumLibrary">
<arg>Escolha sua linguagem preferida</arg>
<doc>Waits until `text` appears on current page.</doc>
<status status="PASS" starttime="20220430 12:25:03.498" endtime="20220430 12:25:04.303"/>
</kw>
<status status="PASS" starttime="20220430 12:24:59.937" endtime="20220430 12:25:04.303"/>
</kw>
<kw name="Set Variable" library="BuiltIn">
<var>${element}</var>
<arg>xpath=//android.widget.RadioButton[contains(@text, 'Python')]</arg>
<doc>Returns the given values which can then be assigned to a variables.</doc>
<msg timestamp="20220430 12:25:04.304" level="INFO">${element} = xpath=//android.widget.RadioButton[contains(@text, 'Python')]</msg>
<status status="PASS" starttime="20220430 12:25:04.304" endtime="20220430 12:25:04.304"/>
</kw>
<kw name="Click Element" library="AppiumLibrary">
<arg>${element}</arg>
<doc>Click element identified by `locator`.</doc>
<msg timestamp="20220430 12:25:04.307" level="INFO">Clicking element 'xpath=//android.widget.RadioButton[contains(@text, 'Python')]'.</msg>
<status status="PASS" starttime="20220430 12:25:04.305" endtime="20220430 12:25:04.492"/>
</kw>
<kw name="Wait Until Element Is Visible" library="AppiumLibrary">
<arg>${element}</arg>
<doc>Waits until element specified with `locator` is visible.</doc>
<status status="PASS" starttime="20220430 12:25:04.492" endtime="20220430 12:25:05.125"/>
</kw>
<kw name="Element Attribute Should Match" library="AppiumLibrary">
<arg>${element}</arg>
<arg>checked</arg>
<arg>true</arg>
<doc>Verify that an attribute of an element matches the expected criteria.</doc>
<msg timestamp="20220430 12:25:05.231" level="INFO">Element 'xpath=//android.widget.RadioButton[contains(@text, 'Python')]' attribute 'checked' is 'true' </msg>
<status status="PASS" starttime="20220430 12:25:05.125" endtime="20220430 12:25:05.232"/>
</kw>
<kw name="Close Session" library="base" type="TEARDOWN">
<kw name="Close Application" library="AppiumLibrary">
<doc>Closes the current application and also close webdriver session.</doc>
<status status="PASS" starttime="20220430 12:25:05.234" endtime="20220430 12:25:05.660"/>
</kw>
<status status="PASS" starttime="20220430 12:25:05.233" endtime="20220430 12:25:05.660"/>
</kw>
<status status="PASS" starttime="20220430 12:24:42.323" endtime="20220430 12:25:05.661"/>
</test>
<test id="s1-s5-t5" name="Deve selecionar a opção Javascript" line="44">
<kw name="Open Session" library="base" type="SETUP">
<kw name="Set Appium Timeout" library="AppiumLibrary">
<arg>7</arg>
<doc>Sets the timeout in seconds used by various keywords.</doc>
<status status="PASS" starttime="20220430 12:25:05.667" endtime="20220430 12:25:05.668"/>
</kw>
<kw name="Open Application" library="AppiumLibrary">
<arg>http://localhost:4723/wd/hub</arg>
<arg>automationName=UiAutomator2</arg>
<arg>deviceName=SM_G980F</arg>
<arg>platformName=Android</arg>
<arg>app=${EXECDIR}/App/twp.apk</arg>
<doc>Opens a new application to given Appium server.
Capabilities of appium server, Android and iOS,
Please check https://github.com/appium/appium/blob/master/docs/en/writing-running-appium/server-args.md
| *Option*            | *Man.* | *Description*     |
| remote_url          | Yes    | Appium server url |
| alias               | no     | alias             |</doc>
<status status="PASS" starttime="20220430 12:25:05.668" endtime="20220430 12:25:18.287"/>
</kw>
<kw name="Get Started" library="helpers">
<kw name="Wait Until Page Contains" library="AppiumLibrary">
<arg>${START}</arg>
<doc>Waits until `text` appears on current page.</doc>
<status status="PASS" starttime="20220430 12:25:18.289" endtime="20220430 12:25:22.922"/>
</kw>
<kw name="Click Text" library="AppiumLibrary">
<arg>${START}</arg>
<doc>Click text identified by ``text``.</doc>
<status status="PASS" starttime="20220430 12:25:22.922" endtime="20220430 12:25:23.340"/>
</kw>
<status status="PASS" starttime="20220430 12:25:18.288" endtime="20220430 12:25:23.340"/>
</kw>
<status status="PASS" starttime="20220430 12:25:05.667" endtime="20220430 12:25:23.340"/>
</kw>
<kw name="Abrir Formulario De Radion Buttons" library="helpers">
<kw name="Open Nav" library="helpers">
<kw name="Wait Until Element Is Visible" library="AppiumLibrary">
<arg>${HAMBURGER}</arg>
<doc>Waits until element specified with `locator` is visible.</doc>
<status status="PASS" starttime="20220430 12:25:23.343" endtime="20220430 12:25:24.468"/>
</kw>
<kw name="Click Element" library="AppiumLibrary">
<arg>${HAMBURGER}</arg>
<doc>Click element identified by `locator`.</doc>
<msg timestamp="20220430 12:25:24.473" level="INFO">Clicking element 'xpath=//android.widget.ImageButton[@content-desc="Open navigation drawer"]'.</msg>
<status status="PASS" starttime="20220430 12:25:24.469" endtime="20220430 12:25:24.587"/>
</kw>
<kw name="Wait Until Element Is Visible" library="AppiumLibrary">
<arg>${NAV_VIEW}</arg>
<doc>Waits until element specified with `locator` is visible.</doc>
<status status="PASS" starttime="20220430 12:25:24.587" endtime="20220430 12:25:25.537"/>
</kw>
<status status="PASS" starttime="20220430 12:25:23.342" endtime="20220430 12:25:25.537"/>
</kw>
<kw name="Click Text" library="AppiumLibrary">
<arg>INPUTS</arg>
<doc>Click text identified by ``text``.</doc>
<status status="PASS" starttime="20220430 12:25:25.537" endtime="20220430 12:25:25.753"/>
</kw>
<kw name="Wait Until Page Contains" library="AppiumLibrary">
<arg>INPUTS</arg>
<doc>Waits until `text` appears on current page.</doc>
<status status="PASS" starttime="20220430 12:25:25.754" endtime="20220430 12:25:26.223"/>
</kw>
<kw name="Click Text" library="AppiumLibrary">
<arg>BOTÕES DE RADIO</arg>
<doc>Click text identified by ``text``.</doc>
<status status="PASS" starttime="20220430 12:25:26.223" endtime="20220430 12:25:26.819"/>
</kw>
<kw name="Wait Until Page Contains" library="AppiumLibrary">
<arg>Escolha sua linguagem preferida</arg>
<doc>Waits until `text` appears on current page.</doc>
<status status="PASS" starttime="20220430 12:25:26.820" endtime="20220430 12:25:27.622"/>
</kw>
<status status="PASS" starttime="20220430 12:25:23.342" endtime="20220430 12:25:27.622"/>
</kw>
<kw name="Set Variable" library="BuiltIn">
<var>${element}</var>
<arg>xpath=//android.widget.RadioButton[contains(@text, 'Javascript')]</arg>
<doc>Returns the given values which can then be assigned to a variables.</doc>
<msg timestamp="20220430 12:25:27.622" level="INFO">${element} = xpath=//android.widget.RadioButton[contains(@text, 'Javascript')]</msg>
<status status="PASS" starttime="20220430 12:25:27.622" endtime="20220430 12:25:27.622"/>
</kw>
<kw name="Click Element" library="AppiumLibrary">
<arg>${element}</arg>
<doc>Click element identified by `locator`.</doc>
<msg timestamp="20220430 12:25:27.627" level="INFO">Clicking element 'xpath=//android.widget.RadioButton[contains(@text, 'Javascript')]'.</msg>
<status status="PASS" starttime="20220430 12:25:27.623" endtime="20220430 12:25:27.779"/>
</kw>
<kw name="Wait Until Element Is Visible" library="AppiumLibrary">
<arg>${element}</arg>
<doc>Waits until element specified with `locator` is visible.</doc>
<status status="PASS" starttime="20220430 12:25:27.779" endtime="20220430 12:25:28.402"/>
</kw>
<kw name="Element Attribute Should Match" library="AppiumLibrary">
<arg>${element}</arg>
<arg>checked</arg>
<arg>true</arg>
<doc>Verify that an attribute of an element matches the expected criteria.</doc>
<msg timestamp="20220430 12:25:28.484" level="INFO">Element 'xpath=//android.widget.RadioButton[contains(@text, 'Javascript')]' attribute 'checked' is 'true' </msg>
<status status="PASS" starttime="20220430 12:25:28.404" endtime="20220430 12:25:28.484"/>
</kw>
<kw name="Close Session" library="base" type="TEARDOWN">
<kw name="Close Application" library="AppiumLibrary">
<doc>Closes the current application and also close webdriver session.</doc>
<status status="PASS" starttime="20220430 12:25:28.485" endtime="20220430 12:25:28.872"/>
</kw>
<status status="PASS" starttime="20220430 12:25:28.485" endtime="20220430 12:25:28.872"/>
</kw>
<status status="PASS" starttime="20220430 12:25:05.665" endtime="20220430 12:25:28.873"/>
</test>
<test id="s1-s5-t6" name="Deve selecionar a opção Elixir" line="53">
<kw name="Open Session" library="base" type="SETUP">
<kw name="Set Appium Timeout" library="AppiumLibrary">
<arg>7</arg>
<doc>Sets the timeout in seconds used by various keywords.</doc>
<status status="PASS" starttime="20220430 12:25:28.876" endtime="20220430 12:25:28.876"/>
</kw>
<kw name="Open Application" library="AppiumLibrary">
<arg>http://localhost:4723/wd/hub</arg>
<arg>automationName=UiAutomator2</arg>
<arg>deviceName=SM_G980F</arg>
<arg>platformName=Android</arg>
<arg>app=${EXECDIR}/App/twp.apk</arg>
<doc>Opens a new application to given Appium server.
Capabilities of appium server, Android and iOS,
Please check https://github.com/appium/appium/blob/master/docs/en/writing-running-appium/server-args.md
| *Option*            | *Man.* | *Description*     |
| remote_url          | Yes    | Appium server url |
| alias               | no     | alias             |</doc>
<status status="PASS" starttime="20220430 12:25:28.877" endtime="20220430 12:25:41.450"/>
</kw>
<kw name="Get Started" library="helpers">
<kw name="Wait Until Page Contains" library="AppiumLibrary">
<arg>${START}</arg>
<doc>Waits until `text` appears on current page.</doc>
<status status="PASS" starttime="20220430 12:25:41.452" endtime="20220430 12:25:46.109"/>
</kw>
<kw name="Click Text" library="AppiumLibrary">
<arg>${START}</arg>
<doc>Click text identified by ``text``.</doc>
<status status="PASS" starttime="20220430 12:25:46.110" endtime="20220430 12:25:46.533"/>
</kw>
<status status="PASS" starttime="20220430 12:25:41.451" endtime="20220430 12:25:46.534"/>
</kw>
<status status="PASS" starttime="20220430 12:25:28.875" endtime="20220430 12:25:46.534"/>
</kw>
<kw name="Abrir Formulario De Radion Buttons" library="helpers">
<kw name="Open Nav" library="helpers">
<kw name="Wait Until Element Is Visible" library="AppiumLibrary">
<arg>${HAMBURGER}</arg>
<doc>Waits until element specified with `locator` is visible.</doc>
[...]
<status status="PASS" starttime="20220430 12:26:15.321" endtime="20220430 12:26:15.754"/>
</kw>
<status status="PASS" starttime="20220430 12:26:15.320" endtime="20220430 12:26:15.755"/>
</kw>
<status status="PASS" starttime="20220430 12:25:52.203" endtime="20220430 12:26:15.755"/>
</test>
<status status="PASS" starttime="20220430 12:23:33.185" endtime="20220430 12:26:15.758"/>
</suite>
<suite id="s1-s6" name="radio Todos Elementos" source="C:\Users\quint\OneDrive\Documentos\Repositorios\test_mobile_appium\twp\tests\radio_Todos_Elementos.robot">
<test id="s1-s6-t1" name="Deve selecionar todas as opções de Radions Buttons" line="8">
<kw name="Open Session" library="base" type="SETUP">
<kw name="Set Appium Timeout" library="AppiumLibrary">
<arg>7</arg>
<doc>Sets the timeout in seconds used by various keywords.</doc>
<status status="PASS" starttime="20220430 12:26:15.785" endtime="20220430 12:26:15.786"/>
</kw>
<kw name="Open Application" library="AppiumLibrary">
<arg>http://localhost:4723/wd/hub</arg>
<arg>automationName=UiAutomator2</arg>
<arg>deviceName=SM_G980F</arg>
<arg>platformName=Android</arg>
<arg>app=${EXECDIR}/App/twp.apk</arg>
<doc>Opens a new application to given Appium server.
Capabilities of appium server, Android and iOS,
Please check https://github.com/appium/appium/blob/master/docs/en/writing-running-appium/server-args.md
| *Option*            | *Man.* | *Description*     |
| remote_url          | Yes    | Appium server url |
| alias               | no     | alias             |</doc>
<status status="PASS" starttime="20220430 12:26:15.786" endtime="20220430 12:26:28.171"/>
</kw>
<kw name="Get Started" library="helpers">
<kw name="Wait Until Page Contains" library="AppiumLibrary">
<arg>${START}</arg>
<doc>Waits until `text` appears on current page.</doc>
<status status="PASS" starttime="20220430 12:26:28.173" endtime="20220430 12:26:32.842"/>
</kw>
<kw name="Click Text" library="AppiumLibrary">
<arg>${START}</arg>
<doc>Click text identified by ``text``.</doc>
<status status="PASS" starttime="20220430 12:26:32.843" endtime="20220430 12:26:33.135"/>
</kw>
<status status="PASS" starttime="20220430 12:26:28.171" endtime="20220430 12:26:33.135"/>
</kw>
<status status="PASS" starttime="20220430 12:26:15.784" endtime="20220430 12:26:33.135"/>
</kw>
<kw name="Abrir Formulario De Radion Buttons" library="helpers">
<kw name="Open Nav" library="helpers">
<kw name="Wait Until Element Is Visible" library="AppiumLibrary">
<arg>${HAMBURGER}</arg>
<doc>Waits until element specified with `locator` is visible.</doc>
<status status="PASS" starttime="20220430 12:26:33.137" endtime="20220430 12:26:34.382"/>
</kw>
<kw name="Click Element" library="AppiumLibrary">
<arg>${HAMBURGER}</arg>
<doc>Click element identified by `locator`.</doc>
<msg timestamp="20220430 12:26:34.388" level="INFO">Clicking element 'xpath=//android.widget.ImageButton[@content-desc="Open navigation drawer"]'.</msg>
<status status="PASS" starttime="20220430 12:26:34.382" endtime="20220430 12:26:34.514"/>
</kw>
<kw name="Wait Until Element Is Visible" library="AppiumLibrary">
<arg>${NAV_VIEW}</arg>
<doc>Waits until element specified with `locator` is visible.</doc>
<status status="PASS" starttime="20220430 12:26:34.514" endtime="20220430 12:26:35.461"/>
</kw>
<status status="PASS" starttime="20220430 12:26:33.136" endtime="20220430 12:26:35.461"/>
</kw>
<kw name="Click Text" library="AppiumLibrary">
<arg>INPUTS</arg>
<doc>Click text identified by ``text``.</doc>
<status status="PASS" starttime="20220430 12:26:35.461" endtime="20220430 12:26:35.660"/>
</kw>
<kw name="Wait Until Page Contains" library="AppiumLibrary">
<arg>INPUTS</arg>
<doc>Waits until `text` appears on current page.</doc>
<status status="PASS" starttime="20220430 12:26:35.660" endtime="20220430 12:26:36.137"/>
</kw>
<kw name="Click Text" library="AppiumLibrary">
<arg>BOTÕES DE RADIO</arg>
<doc>Click text identified by ``text``.</doc>
<status status="PASS" starttime="20220430 12:26:36.138" endtime="20220430 12:26:36.727"/>
</kw>
<kw name="Wait Until Page Contains" library="AppiumLibrary">
<arg>Escolha sua linguagem preferida</arg>
<doc>Waits until `text` appears on current page.</doc>
<status status="PASS" starttime="20220430 12:26:36.727" endtime="20220430 12:26:37.562"/>
</kw>
<status status="PASS" starttime="20220430 12:26:33.136" endtime="20220430 12:26:37.564"/>
</kw>
<kw name="Set Variable" library="BuiltIn">
<var>${element}</var>
<arg>xpath=//android.widget.RadioButton[contains(@text, 'Java')]</arg>
<doc>Returns the given values which can then be assigned to a variables.</doc>
<msg timestamp="20220430 12:26:37.565" level="INFO">${element} = xpath=//android.widget.RadioButton[contains(@text, 'Java')]</msg>
<status status="PASS" starttime="20220430 12:26:37.564" endtime="20220430 12:26:37.565"/>
</kw>
<kw name="Click Element" library="AppiumLibrary">
<arg>${element}</arg>
<doc>Click element identified by `locator`.</doc>
<msg timestamp="20220430 12:26:37.569" level="INFO">Clicking element 'xpath=//android.widget.RadioButton[contains(@text, 'Java')]'.</msg>
<status status="PASS" starttime="20220430 12:26:37.566" endtime="20220430 12:26:37.756"/>
</kw>
<kw name="Wait Until Element Is Visible" library="AppiumLibrary">
<arg>${element}</arg>
<doc>Waits until element specified with `locator` is visible.</doc>
<status status="PASS" starttime="20220430 12:26:37.757" endtime="20220430 12:26:38.367"/>
</kw>
<kw name="Element Attribute Should Match" library="AppiumLibrary">
<arg>${element}</arg>
<arg>checked</arg>
<arg>true</arg>
<doc>Verify that an attribute of an element matches the expected criteria.</doc>
<msg timestamp="20220430 12:26:38.431" level="INFO">CAUTION: 'xpath=//android.widget.RadioButton[contains(@text, 'Java')]' matched 2 elements - using the first element only</msg>
<msg timestamp="20220430 12:26:38.451" level="INFO">Element 'xpath=//android.widget.RadioButton[contains(@text, 'Java')]' attribute 'checked' is 'true' </msg>
<status status="PASS" starttime="20220430 12:26:38.368" endtime="20220430 12:26:38.451"/>
</kw>
<kw name="Set Variable" library="BuiltIn">
<var>${element}</var>
<arg>xpath=//android.widget.RadioButton[contains(@text, 'C#')]</arg>
<doc>Returns the given values which can then be assigned to a variables.</doc>
<msg timestamp="20220430 12:26:38.452" level="INFO">${element} = xpath=//android.widget.RadioButton[contains(@text, 'C#')]</msg>
<status status="PASS" starttime="20220430 12:26:38.452" endtime="20220430 12:26:38.452"/>
</kw>
<kw name="Click Element" library="AppiumLibrary">
<arg>${element}</arg>
<doc>Click element identified by `locator`.</doc>
<msg timestamp="20220430 12:26:38.457" level="INFO">Clicking element 'xpath=//android.widget.RadioButton[contains(@text, 'C#')]'.</msg>
<status status="PASS" starttime="20220430 12:26:38.453" endtime="20220430 12:26:38.571"/>
</kw>
<kw name="Wait Until Element Is Visible" library="AppiumLibrary">
<arg>${element}</arg>
<doc>Waits until element specified with `locator` is visible.</doc>
<status status="PASS" starttime="20220430 12:26:38.572" endtime="20220430 12:26:39.206"/>
</kw>
<kw name="Element Attribute Should Match" library="AppiumLibrary">
<arg>${element}</arg>
<arg>checked</arg>
<arg>true</arg>
<doc>Verify that an attribute of an element matches the expected criteria.</doc>
<msg timestamp="20220430 12:26:39.320" level="INFO">Element 'xpath=//android.widget.RadioButton[contains(@text, 'C#')]' attribute 'checked' is 'true' </msg>
<status status="PASS" starttime="20220430 12:26:39.207" endtime="20220430 12:26:39.320"/>
</kw>
<kw name="Set Variable" library="BuiltIn">
<var>${element}</var>
<arg>xpath=//android.widget.RadioButton[contains(@text, 'Ruby')]</arg>
<doc>Returns the given values which can then be assigned to a variables.</doc>
<msg timestamp="20220430 12:26:39.323" level="INFO">${element} = xpath=//android.widget.RadioButton[contains(@text, 'Ruby')]</msg>
<status status="PASS" starttime="20220430 12:26:39.321" endtime="20220430 12:26:39.323"/>
</kw>
<kw name="Click Element" library="AppiumLibrary">
<arg>${element}</arg>
<doc>Click element identified by `locator`.</doc>
<msg timestamp="20220430 12:26:39.329" level="INFO">Clicking element 'xpath=//android.widget.RadioButton[contains(@text, 'Ruby')]'.</msg>
<status status="PASS" starttime="20220430 12:26:39.324" endtime="20220430 12:26:39.472"/>
</kw>
<kw name="Wait Until Element Is Visible" library="AppiumLibrary">
<arg>${element}</arg>
<doc>Waits until element specified with `locator` is visible.</doc>
<status status="PASS" starttime="20220430 12:26:39.472" endtime="20220430 12:26:40.100"/>
</kw>
<kw name="Element Attribute Should Match" library="AppiumLibrary">
<arg>${element}</arg>
<arg>checked</arg>
<arg>true</arg>
<doc>Verify that an attribute of an element matches the expected criteria.</doc>
<msg timestamp="20220430 12:26:40.192" level="INFO">Element 'xpath=//android.widget.RadioButton[contains(@text, 'Ruby')]' attribute 'checked' is 'true' </msg>
<status status="PASS" starttime="20220430 12:26:40.102" endtime="20220430 12:26:40.192"/>
</kw>
<kw name="Set Variable" library="BuiltIn">
<var>${element}</var>
<arg>xpath=//android.widget.RadioButton[contains(@text, 'Python')]</arg>
<doc>Returns the given values which can then be assigned to a variables.</doc>
<msg timestamp="20220430 12:26:40.194" level="INFO">${element} = xpath=//android.widget.RadioButton[contains(@text, 'Python')]</msg>
<status status="PASS" starttime="20220430 12:26:40.193" endtime="20220430 12:26:40.194"/>
</kw>
<kw name="Click Element" library="AppiumLibrary">
<arg>${element}</arg>
<doc>Click element identified by `locator`.</doc>
<msg timestamp="20220430 12:26:40.200" level="INFO">Clicking element 'xpath=//android.widget.RadioButton[contains(@text, 'Python')]'.</msg>
<status status="PASS" starttime="20220430 12:26:40.195" endtime="20220430 12:26:40.369"/>
</kw>
<kw name="Wait Until Element Is Visible" library="AppiumLibrary">
<arg>${element}</arg>
<doc>Waits until element specified with `locator` is visible.</doc>
<status status="PASS" starttime="20220430 12:26:40.370" endtime="20220430 12:26:41.001"/>
</kw>
<kw name="Element Attribute Should Match" library="AppiumLibrary">
<arg>${element}</arg>
<arg>checked</arg>
<arg>true</arg>
<doc>Verify that an attribute of an element matches the expected criteria.</doc>
<msg timestamp="20220430 12:26:41.101" level="INFO">Element 'xpath=//android.widget.RadioButton[contains(@text, 'Python')]' attribute 'checked' is 'true' </msg>
<status status="PASS" starttime="20220430 12:26:41.001" endtime="20220430 12:26:41.102"/>
</kw>
<kw name="Set Variable" library="BuiltIn">
<var>${element}</var>
<arg>xpath=//android.widget.RadioButton[contains(@text, 'Javascript')]</arg>
<doc>Returns the given values which can then be assigned to a variables.</doc>
<msg timestamp="20220430 12:26:41.103" level="INFO">${element} = xpath=//android.widget.RadioButton[contains(@text, 'Javascript')]</msg>
<status status="PASS" starttime="20220430 12:26:41.102" endtime="20220430 12:26:41.103"/>
</kw>
<kw name="Click Element" library="AppiumLibrary">
<arg>${element}</arg>
<doc>Click element identified by `locator`.</doc>
<msg timestamp="20220430 12:26:41.110" level="INFO">Clicking element 'xpath=//android.widget.RadioButton[contains(@text, 'Javascript')]'.</msg>
<status status="PASS" starttime="20220430 12:26:41.104" endtime="20220430 12:26:41.252"/>
</kw>
<kw name="Wait Until Element Is Visible" library="AppiumLibrary">
<arg>${element}</arg>
<doc>Waits until element specified with `locator` is visible.</doc>
<status status="PASS" starttime="20220430 12:26:41.255" endtime="20220430 12:26:41.878"/>
</kw>
<kw name="Element Attribute Should Match" library="AppiumLibrary">
<arg>${element}</arg>
<arg>checked</arg>
<arg>true</arg>
<doc>Verify that an attribute of an element matches the expected criteria.</doc>
<msg timestamp="20220430 12:26:41.975" level="INFO">Element 'xpath=//android.widget.RadioButton[contains(@text, 'Javascript')]' attribute 'checked' is 'true' </msg>
<status status="PASS" starttime="20220430 12:26:41.879" endtime="20220430 12:26:41.975"/>
</kw>
<kw name="Set Variable" library="BuiltIn">
<var>${element}</var>
<arg>xpath=//android.widget.RadioButton[contains(@text, 'Elixir')]</arg>
<doc>Returns the given values which can then be assigned to a variables.</doc>
<msg timestamp="20220430 12:26:41.976" level="INFO">${element} = xpath=//android.widget.RadioButton[contains(@text, 'Elixir')]</msg>
<status status="PASS" starttime="20220430 12:26:41.976" endtime="20220430 12:26:41.976"/>
</kw>
<kw name="Click Element" library="AppiumLibrary">
<arg>${element}</arg>
<doc>Click element identified by `locator`.</doc>
<msg timestamp="20220430 12:26:41.978" level="INFO">Clicking element 'xpath=//android.widget.RadioButton[contains(@text, 'Elixir')]'.</msg>
<status status="PASS" starttime="20220430 12:26:41.977" endtime="20220430 12:26:42.147"/>
</kw>
<kw name="Wait Until Element Is Visible" library="AppiumLibrary">
<arg>${element}</arg>
<doc>Waits until element specified with `locator` is visible.</doc>
<status status="PASS" starttime="20220430 12:26:42.147" endtime="20220430 12:26:42.761"/>
</kw>
<kw name="Element Attribute Should Match" library="AppiumLibrary">
<arg>${element}</arg>
<arg>checked</arg>
<arg>true</arg>
<doc>Verify that an attribute of an element matches the expected criteria.</doc>
<msg timestamp="20220430 12:26:42.862" level="INFO">Element 'xpath=//android.widget.RadioButton[contains(@text, 'Elixir')]' attribute 'checked' is 'true' </msg>
<status status="PASS" starttime="20220430 12:26:42.761" endtime="20220430 12:26:42.862"/>
</kw>
<kw name="Set Variable" library="BuiltIn">
<var>${element}</var>
<arg>xpath=//android.widget.RadioButton[contains(@text, 'Go Lang')]</arg>
<doc>Returns the given values which can then be assigned to a variables.</doc>
<msg timestamp="20220430 12:26:42.865" level="INFO">${element} = xpath=//android.widget.RadioButton[contains(@text, 'Go Lang')]</msg>
<status status="PASS" starttime="20220430 12:26:42.864" endtime="20220430 12:26:42.865"/>
</kw>
<kw name="Click Element" library="AppiumLibrary">
<arg>${element}</arg>
<doc>Click element identified by `locator`.</doc>
<msg timestamp="20220430 12:26:42.868" level="INFO">Clicking element 'xpath=//android.widget.RadioButton[contains(@text, 'Go Lang')]'.</msg>
<status status="PASS" starttime="20220430 12:26:42.865" endtime="20220430 12:26:43.026"/>
</kw>
<kw name="Wait Until Element Is Visible" library="AppiumLibrary">
<arg>${element}</arg>
<doc>Waits until element specified with `locator` is visible.</doc>
<status status="PASS" starttime="20220430 12:26:43.027" endtime="20220430 12:26:43.642"/>
</kw>
<kw name="Element Attribute Should Match" library="AppiumLibrary">
<arg>${element}</arg>
<arg>checked</arg>
<arg>true</arg>
<doc>Verify that an attribute of an element matches the expected criteria.</doc>
<msg timestamp="20220430 12:26:43.716" level="INFO">Element 'xpath=//android.widget.RadioButton[contains(@text, 'Go Lang')]' attribute 'checked' is 'true' </msg>
<status status="PASS" starttime="20220430 12:26:43.642" endtime="20220430 12:26:43.716"/>
</kw>
<kw name="Close Session" library="base" type="TEARDOWN">
<kw name="Close Application" library="AppiumLibrary">
<doc>Closes the current application and also close webdriver session.</doc>
<status status="PASS" starttime="20220430 12:26:43.718" endtime="20220430 12:26:44.183"/>
</kw>
<status status="PASS" starttime="20220430 12:26:43.717" endtime="20220430 12:26:44.183"/>
</kw>
<status status="PASS" starttime="20220430 12:26:15.782" endtime="20220430 12:26:44.183"/>
</test>
<status status="PASS" starttime="20220430 12:26:15.762" endtime="20220430 12:26:44.185"/>
</suite>
<suite id="s1-s7" name="Tela Inicial" source="C:\Users\quint\OneDrive\Documentos\Repositorios\test_mobile_appium\twp\tests\tela_inicial.robot">
<test id="s1-s7-t1" name="Dado que estou na tela inicial" line="12">
<kw name="Open Session2" library="base" type="SETUP">
<kw name="Set Appium Timeout" library="AppiumLibrary">
<arg>7</arg>
<doc>Sets the timeout in seconds used by various keywords.</doc>
<status status="PASS" starttime="20220430 12:26:44.208" endtime="20220430 12:26:44.209"/>
</kw>
<kw name="Open Application" library="AppiumLibrary">
<arg>http://localhost:4723/wd/hub</arg>
<arg>automationName=UiAutomator2</arg>
<arg>deviceName=SM_G980F</arg>
<arg>platformName=Android</arg>
<arg>app=${EXECDIR}/App/twp.apk</arg>
<doc>Opens a new application to given Appium server.
Capabilities of appium server, Android and iOS,
Please check https://github.com/appium/appium/blob/master/docs/en/writing-running-appium/server-args.md
| *Option*            | *Man.* | *Description*     |
| remote_url          | Yes    | Appium server url |
| alias               | no     | alias             |</doc>
<status status="PASS" starttime="20220430 12:26:44.209" endtime="20220430 12:26:56.957"/>
</kw>
<status status="PASS" starttime="20220430 12:26:44.207" endtime="20220430 12:26:56.958"/>
</kw>
<kw name="Wait Until Page Contains" library="AppiumLibrary">
<arg>Training Wheels Protocol</arg>
<doc>Waits until `text` appears on current page.</doc>
<status status="PASS" starttime="20220430 12:26:56.959" endtime="20220430 12:27:01.635"/>
</kw>
<kw name="Wait Until Page Contains" library="AppiumLibrary">
<arg>Mobile Version</arg>
<doc>Waits until `text` appears on current page.</doc>
<status status="PASS" starttime="20220430 12:27:01.635" endtime="20220430 12:27:01.674"/>
</kw>
<kw name="Close Session" library="base" type="TEARDOWN">
<kw name="Close Application" library="AppiumLibrary">
<doc>Closes the current application and also close webdriver session.</doc>
<status status="PASS" starttime="20220430 12:27:01.675" endtime="20220430 12:27:02.105"/>
</kw>
<status status="PASS" starttime="20220430 12:27:01.675" endtime="20220430 12:27:02.106"/>
</kw>
<status status="PASS" starttime="20220430 12:26:44.206" endtime="20220430 12:27:02.106"/>
</test>
<status status="PASS" starttime="20220430 12:26:44.189" endtime="20220430 12:27:02.108"/>
</suite>
<status status="PASS" starttime="20220430 12:19:45.589" endtime="20220430 12:27:02.115"/>
</suite>
<statistics>
<total>
<stat pass="19" fail="0" skip="0">All Tests</stat>
</total>
<tag>
</tag>
<suite>
<stat pass="19" fail="0" skip="0" id="s1" name="Buttons Click &amp; Checkbox &amp; Login &amp; Nav &amp; Radio &amp; radio Todos Elementos &amp; Tela Inicial">Buttons Click &amp; Checkbox &amp; Login &amp; Nav &amp; Radio &amp; radio Todos Elementos &amp; Tela Inicial</stat>
<stat pass="1" fail="0" skip="0" id="s1-s1" name="Buttons Click">Buttons Click &amp; Checkbox &amp; Login &amp; Nav &amp; Radio &amp; radio Todos Elementos &amp; Tela Inicial.Buttons Click</stat>
<stat pass="1" fail="0" skip="0" id="s1-s2" name="Checkbox">Buttons Click &amp; Checkbox &amp; Login &amp; Nav &amp; Radio &amp; radio Todos Elementos &amp; Tela Inicial.Checkbox</stat>
<stat pass="2" fail="0" skip="0" id="s1-s3" name="Login">Buttons Click &amp; Checkbox &amp; Login &amp; Nav &amp; Radio &amp; radio Todos Elementos &amp; Tela Inicial.Login</stat>
<stat pass="6" fail="0" skip="0" id="s1-s4" name="Nav">Buttons Click &amp; Checkbox &amp; Login &amp; Nav &amp; Radio &amp; radio Todos Elementos &amp; Tela Inicial.Nav</stat>
<stat pass="7" fail="0" skip="0" id="s1-s5" name="Radio">Buttons Click &amp; Checkbox &amp; Login &amp; Nav &amp; Radio &amp; radio Todos Elementos &amp; Tela Inicial.Radio</stat>
<stat pass="1" fail="0" skip="0" id="s1-s6" name="radio Todos Elementos">Buttons Click &amp; Checkbox &amp; Login &amp; Nav &amp; Radio &amp; radio Todos Elementos &amp; Tela Inicial.radio Todos Elementos</stat>
<stat pass="1" fail="0" skip="0" id="s1-s7" name="Tela Inicial">Buttons Click &amp; Checkbox &amp; Login &amp; Nav &amp; Radio &amp; radio Todos Elementos &amp; Tela Inicial.Tela Inicial</stat>
</suite>
</statistics>
<errors>
</errors>
</robot>
