<?xml version="1.0" encoding="UTF-8"?>
<robot generator="Robot 5.0 (Python 3.10.4 on win32)" generated="20220415 21:18:31.570" rpa="false" schemaversion="3">
<suite id="s1" name="Nav" source="C:\Users\quint\OneDrive\Documentos\Repositorios\test_mobile_appium\twp\tests\nav.robot">
<test id="s1-t1" name="Dado que estou na tela inicial" line="13">
<kw name="Open Session" library="base" type="SETUP">
<kw name="Set Appium Timeout" library="AppiumLibrary">
<arg>5</arg>
<doc>Sets the timeout in seconds used by various keywords.</doc>
<status status="PASS" starttime="20220415 21:18:31.834" endtime="20220415 21:18:31.835"/>
</kw>
<kw name="Open Application" library="AppiumLibrary">
<arg>http://localhost:4723/wd/hub</arg>
<arg>automationName=UiAutomator2</arg>
<arg>deviceName=SM_G980F</arg>
<arg>platformName=Android</arg>
<arg>app=${EXECDIR}/App/twp.apk</arg>
<doc>Opens a new application to given Appium server.
Capabilities of appium server, Android and iOS,
Please check https://github.com/appium/appium/blob/master/docs/en/writing-running-appium/server-args.md
| *Option*            | *Man.* | *Description*     |
| remote_url          | Yes    | Appium server url |
| alias               | no     | alias             |</doc>
<status status="PASS" starttime="20220415 21:18:31.835" endtime="20220415 21:18:42.205"/>
</kw>
<status status="PASS" starttime="20220415 21:18:31.834" endtime="20220415 21:18:42.206"/>
</kw>
<kw name="Wait Until Page Contains" library="AppiumLibrary">
<arg>Training Wheels Protocol</arg>
<doc>Waits until `text` appears on current page.</doc>
<status status="PASS" starttime="20220415 21:18:42.207" endtime="20220415 21:18:46.784"/>
</kw>
<kw name="Wait Until Page Contains" library="AppiumLibrary">
<arg>Mobile Version</arg>
<doc>Waits until `text` appears on current page.</doc>
<status status="PASS" starttime="20220415 21:18:46.784" endtime="20220415 21:18:46.828"/>
</kw>
<kw name="Get Started" library="base">
<kw name="Wait Until Page Contains" library="AppiumLibrary">
<arg>COMEÇAR</arg>
<doc>Waits until `text` appears on current page.</doc>
<status status="PASS" starttime="20220415 21:18:46.829" endtime="20220415 21:18:46.872"/>
</kw>
<kw name="Click Text" library="AppiumLibrary">
<arg>COMEÇAR</arg>
<doc>Click text identified by ``text``.</doc>
<status status="PASS" starttime="20220415 21:18:46.873" endtime="20220415 21:18:47.124"/>
</kw>
<status status="PASS" starttime="20220415 21:18:46.828" endtime="20220415 21:18:47.124"/>
</kw>
<kw name="Close Session" library="base" type="TEARDOWN">
<kw name="Capture Page Screenshot" library="AppiumLibrary">
<doc>Takes a screenshot of the current page and embeds it into the log.</doc>
<msg timestamp="20220415 21:18:47.470" level="INFO" html="true">&lt;/td&gt;&lt;/tr&gt;&lt;tr&gt;&lt;td colspan="3"&gt;&lt;a href="appium-screenshot-1.png"&gt;&lt;img src="appium-screenshot-1.png" width="800px"&gt;&lt;/a&gt;</msg>
<status status="PASS" starttime="20220415 21:18:47.127" endtime="20220415 21:18:47.470"/>
</kw>
<kw name="Close Application" library="AppiumLibrary">
<doc>Closes the current application and also close webdriver session.</doc>
<status status="PASS" starttime="20220415 21:18:47.471" endtime="20220415 21:18:47.959"/>
</kw>
<status status="PASS" starttime="20220415 21:18:47.125" endtime="20220415 21:18:47.959"/>
</kw>
<status status="PASS" starttime="20220415 21:18:31.833" endtime="20220415 21:18:47.960"/>
</test>
<test id="s1-t2" name="Devo acessar a tela Avengers" line="18">
<kw name="Open Session" library="base" type="SETUP">
<kw name="Set Appium Timeout" library="AppiumLibrary">
<arg>5</arg>
<doc>Sets the timeout in seconds used by various keywords.</doc>
<status status="PASS" starttime="20220415 21:18:47.962" endtime="20220415 21:18:47.962"/>
</kw>
<kw name="Open Application" library="AppiumLibrary">
<arg>http://localhost:4723/wd/hub</arg>
<arg>automationName=UiAutomator2</arg>
<arg>deviceName=SM_G980F</arg>
<arg>platformName=Android</arg>
<arg>app=${EXECDIR}/App/twp.apk</arg>
<doc>Opens a new application to given Appium server.
Capabilities of appium server, Android and iOS,
Please check https://github.com/appium/appium/blob/master/docs/en/writing-running-appium/server-args.md
| *Option*            | *Man.* | *Description*     |
| remote_url          | Yes    | Appium server url |
| alias               | no     | alias             |</doc>
<status status="PASS" starttime="20220415 21:18:47.963" endtime="20220415 21:18:58.519"/>
</kw>
<status status="PASS" starttime="20220415 21:18:47.962" endtime="20220415 21:18:58.520"/>
</kw>
<kw name="Get Started" library="base">
<kw name="Wait Until Page Contains" library="AppiumLibrary">
<arg>COMEÇAR</arg>
<doc>Waits until `text` appears on current page.</doc>
<status status="PASS" starttime="20220415 21:18:58.522" endtime="20220415 21:19:02.994"/>
</kw>
<kw name="Click Text" library="AppiumLibrary">
<arg>COMEÇAR</arg>
<doc>Click text identified by ``text``.</doc>
<status status="PASS" starttime="20220415 21:19:02.994" endtime="20220415 21:19:03.229"/>
</kw>
<status status="PASS" starttime="20220415 21:18:58.521" endtime="20220415 21:19:03.230"/>
</kw>
<kw name="Open Nav" library="base">
<kw name="Wait Until Element Is Visible" library="AppiumLibrary">
<arg>xpath=//android.widget.ImageButton[@content-desc="Open navigation drawer"]</arg>
<doc>Waits until element specified with `locator` is visible.</doc>
<status status="PASS" starttime="20220415 21:19:03.231" endtime="20220415 21:19:04.335"/>
</kw>
<kw name="Click Element" library="AppiumLibrary">
<arg>xpath=//android.widget.ImageButton[@content-desc="Open navigation drawer"]</arg>
<doc>Click element identified by `locator`.</doc>
<msg timestamp="20220415 21:19:04.339" level="INFO">Clicking element 'xpath=//android.widget.ImageButton[@content-desc="Open navigation drawer"]'.</msg>
<status status="PASS" starttime="20220415 21:19:04.335" endtime="20220415 21:19:04.481"/>
</kw>
<kw name="Wait Until Element Is Visible" library="AppiumLibrary">
<arg>id=io.qaninja.android.twp:id/navView</arg>
<doc>Waits until element specified with `locator` is visible.</doc>
<status status="PASS" starttime="20220415 21:19:04.481" endtime="20220415 21:19:05.429"/>
</kw>
<status status="PASS" starttime="20220415 21:19:03.230" endtime="20220415 21:19:05.429"/>
</kw>
<kw name="Click Text" library="AppiumLibrary">
<arg>AVENGERS</arg>
<doc>Click text identified by ``text``.</doc>
<status status="PASS" starttime="20220415 21:19:05.429" endtime="20220415 21:19:05.587"/>
</kw>
<kw name="Wait Until Element Is Visible" library="AppiumLibrary">
<arg>${TOOLBAR_TITLE}</arg>
<doc>Waits until element specified with `locator` is visible.</doc>
<status status="PASS" starttime="20220415 21:19:05.588" endtime="20220415 21:19:06.519"/>
</kw>
<kw name="Element Name Should Be" library="AppiumLibrary">
<arg>${TOOLBAR_TITLE}</arg>
<arg>AVENGERS</arg>
<msg timestamp="20220415 21:19:06.586" level="INFO">Element 'id=io.qaninja.android.twp:id/toolbarTitle' name is 'AVENGERS' </msg>
<status status="PASS" starttime="20220415 21:19:06.519" endtime="20220415 21:19:06.586"/>
</kw>
<kw name="Wait Until Page Contains" library="AppiumLibrary">
<arg>AVENGERS</arg>
<doc>Waits until `text` appears on current page.</doc>
<status status="PASS" starttime="20220415 21:19:06.587" endtime="20220415 21:19:06.639"/>
</kw>
<kw name="Close Session" library="base" type="TEARDOWN">
<kw name="Capture Page Screenshot" library="AppiumLibrary">
<doc>Takes a screenshot of the current page and embeds it into the log.</doc>
<msg timestamp="20220415 21:19:06.929" level="INFO" html="true">&lt;/td&gt;&lt;/tr&gt;&lt;tr&gt;&lt;td colspan="3"&gt;&lt;a href="appium-screenshot-2.png"&gt;&lt;img src="appium-screenshot-2.png" width="800px"&gt;&lt;/a&gt;</msg>
<status status="PASS" starttime="20220415 21:19:06.640" endtime="20220415 21:19:06.930"/>
</kw>
<kw name="Close Application" library="AppiumLibrary">
<doc>Closes the current application and also close webdriver session.</doc>
<status status="PASS" starttime="20220415 21:19:06.930" endtime="20220415 21:19:07.396"/>
</kw>
<status status="PASS" starttime="20220415 21:19:06.639" endtime="20220415 21:19:07.397"/>
</kw>
<status status="PASS" starttime="20220415 21:18:47.961" endtime="20220415 21:19:07.397"/>
</test>
<test id="s1-t3" name="Devo acessar a tela Forms" line="27">
<kw name="Open Session" library="base" type="SETUP">
<kw name="Set Appium Timeout" library="AppiumLibrary">
<arg>5</arg>
<doc>Sets the timeout in seconds used by various keywords.</doc>
<status status="PASS" starttime="20220415 21:19:07.399" endtime="20220415 21:19:07.399"/>
</kw>
<kw name="Open Application" library="AppiumLibrary">
<arg>http://localhost:4723/wd/hub</arg>
<arg>automationName=UiAutomator2</arg>
<arg>deviceName=SM_G980F</arg>
<arg>platformName=Android</arg>
<arg>app=${EXECDIR}/App/twp.apk</arg>
<doc>Opens a new application to given Appium server.
Capabilities of appium server, Android and iOS,
Please check https://github.com/appium/appium/blob/master/docs/en/writing-running-appium/server-args.md
| *Option*            | *Man.* | *Description*     |
| remote_url          | Yes    | Appium server url |
| alias               | no     | alias             |</doc>
<status status="PASS" starttime="20220415 21:19:07.400" endtime="20220415 21:19:17.295"/>
</kw>
<status status="PASS" starttime="20220415 21:19:07.399" endtime="20220415 21:19:17.295"/>
</kw>
<kw name="Get Started" library="base">
<kw name="Wait Until Page Contains" library="AppiumLibrary">
<arg>COMEÇAR</arg>
<doc>Waits until `text` appears on current page.</doc>
<status status="PASS" starttime="20220415 21:19:17.296" endtime="20220415 21:19:21.916"/>
</kw>
<kw name="Click Text" library="AppiumLibrary">
<arg>COMEÇAR</arg>
<doc>Click text identified by ``text``.</doc>
<status status="PASS" starttime="20220415 21:19:21.917" endtime="20220415 21:19:22.163"/>
</kw>
<status status="PASS" starttime="20220415 21:19:17.295" endtime="20220415 21:19:22.163"/>
</kw>
<kw name="Open Nav" library="base">
<kw name="Wait Until Element Is Visible" library="AppiumLibrary">
<arg>xpath=//android.widget.ImageButton[@content-desc="Open navigation drawer"]</arg>
<doc>Waits until element specified with `locator` is visible.</doc>
<status status="PASS" starttime="20220415 21:19:22.164" endtime="20220415 21:19:23.262"/>
</kw>
<kw name="Click Element" library="AppiumLibrary">
<arg>xpath=//android.widget.ImageButton[@content-desc="Open navigation drawer"]</arg>
<doc>Click element identified by `locator`.</doc>
<msg timestamp="20220415 21:19:23.265" level="INFO">Clicking element 'xpath=//android.widget.ImageButton[@content-desc="Open navigation drawer"]'.</msg>
<status status="PASS" starttime="20220415 21:19:23.262" endtime="20220415 21:19:23.380"/>
</kw>
<kw name="Wait Until Element Is Visible" library="AppiumLibrary">
<arg>id=io.qaninja.android.twp:id/navView</arg>
<doc>Waits until element specified with `locator` is visible.</doc>
<status status="PASS" starttime="20220415 21:19:23.381" endtime="20220415 21:19:24.362"/>
</kw>
<status status="PASS" starttime="20220415 21:19:22.164" endtime="20220415 21:19:24.362"/>
</kw>
<kw name="Click Text" library="AppiumLibrary">
<arg>FORMS</arg>
<doc>Click text identified by ``text``.</doc>
<status status="PASS" starttime="20220415 21:19:24.363" endtime="20220415 21:19:24.522"/>
</kw>
<kw name="Wait Until Element Is Visible" library="AppiumLibrary">
<arg>${TOOLBAR_TITLE}</arg>
<doc>Waits until element specified with `locator` is visible.</doc>
<status status="PASS" starttime="20220415 21:19:24.523" endtime="20220415 21:19:25.452"/>
</kw>
<kw name="Element Name Should Be" library="AppiumLibrary">
<arg>${TOOLBAR_TITLE}</arg>
<arg>FORMS</arg>
<msg timestamp="20220415 21:19:25.503" level="INFO">Element 'id=io.qaninja.android.twp:id/toolbarTitle' name is 'FORMS' </msg>
<status status="PASS" starttime="20220415 21:19:25.453" endtime="20220415 21:19:25.503"/>
</kw>
<kw name="Wait Until Page Contains" library="AppiumLibrary">
<arg>FORMS</arg>
<doc>Waits until `text` appears on current page.</doc>
<status status="PASS" starttime="20220415 21:19:25.504" endtime="20220415 21:19:25.556"/>
</kw>
<kw name="Close Session" library="base" type="TEARDOWN">
<kw name="Capture Page Screenshot" library="AppiumLibrary">
<doc>Takes a screenshot of the current page and embeds it into the log.</doc>
<msg timestamp="20220415 21:19:25.827" level="INFO" html="true">&lt;/td&gt;&lt;/tr&gt;&lt;tr&gt;&lt;td colspan="3"&gt;&lt;a href="appium-screenshot-3.png"&gt;&lt;img src="appium-screenshot-3.png" width="800px"&gt;&lt;/a&gt;</msg>
<status status="PASS" starttime="20220415 21:19:25.557" endtime="20220415 21:19:25.828"/>
</kw>
<kw name="Close Application" library="AppiumLibrary">
<doc>Closes the current application and also close webdriver session.</doc>
<status status="PASS" starttime="20220415 21:19:25.828" endtime="20220415 21:19:26.228"/>
</kw>
<status status="PASS" starttime="20220415 21:19:25.557" endtime="20220415 21:19:26.228"/>
</kw>
<status status="PASS" starttime="20220415 21:19:07.398" endtime="20220415 21:19:26.228"/>
</test>
<test id="s1-t4" name="Devo acessar a tela Dialogs" line="36">
<kw name="Open Session" library="base" type="SETUP">
<kw name="Set Appium Timeout" library="AppiumLibrary">
<arg>5</arg>
<doc>Sets the timeout in seconds used by various keywords.</doc>
<status status="PASS" starttime="20220415 21:19:26.230" endtime="20220415 21:19:26.230"/>
</kw>
<kw name="Open Application" library="AppiumLibrary">
<arg>http://localhost:4723/wd/hub</arg>
<arg>automationName=UiAutomator2</arg>
<arg>deviceName=SM_G980F</arg>
<arg>platformName=Android</arg>
<arg>app=${EXECDIR}/App/twp.apk</arg>
<doc>Opens a new application to given Appium server.
Capabilities of appium server, Android and iOS,
Please check https://github.com/appium/appium/blob/master/docs/en/writing-running-appium/server-args.md
| *Option*            | *Man.* | *Description*     |
| remote_url          | Yes    | Appium server url |
| alias               | no     | alias             |</doc>
<status status="PASS" starttime="20220415 21:19:26.230" endtime="20220415 21:19:35.958"/>
</kw>
<status status="PASS" starttime="20220415 21:19:26.229" endtime="20220415 21:19:35.958"/>
</kw>
<kw name="Get Started" library="base">
<kw name="Wait Until Page Contains" library="AppiumLibrary">
<arg>COMEÇAR</arg>
<doc>Waits until `text` appears on current page.</doc>
<status status="PASS" starttime="20220415 21:19:35.959" endtime="20220415 21:19:40.455"/>
</kw>
<kw name="Click Text" library="AppiumLibrary">
<arg>COMEÇAR</arg>
<doc>Click text identified by ``text``.</doc>
<status status="PASS" starttime="20220415 21:19:40.455" endtime="20220415 21:19:40.684"/>
</kw>
<status status="PASS" starttime="20220415 21:19:35.959" endtime="20220415 21:19:40.684"/>
</kw>
<kw name="Open Nav" library="base">
<kw name="Wait Until Element Is Visible" library="AppiumLibrary">
<arg>xpath=//android.widget.ImageButton[@content-desc="Open navigation drawer"]</arg>
<doc>Waits until element specified with `locator` is visible.</doc>
<status status="PASS" starttime="20220415 21:19:40.685" endtime="20220415 21:19:41.783"/>
</kw>
<kw name="Click Element" library="AppiumLibrary">
<arg>xpath=//android.widget.ImageButton[@content-desc="Open navigation drawer"]</arg>
<doc>Click element identified by `locator`.</doc>
<msg timestamp="20220415 21:19:41.785" level="INFO">Clicking element 'xpath=//android.widget.ImageButton[@content-desc="Open navigation drawer"]'.</msg>
<status status="PASS" starttime="20220415 21:19:41.784" endtime="20220415 21:19:41.881"/>
</kw>
<kw name="Wait Until Element Is Visible" library="AppiumLibrary">
<arg>id=io.qaninja.android.twp:id/navView</arg>
<doc>Waits until element specified with `locator` is visible.</doc>
<status status="PASS" starttime="20220415 21:19:41.881" endtime="20220415 21:19:42.833"/>
</kw>
<status status="PASS" starttime="20220415 21:19:40.684" endtime="20220415 21:19:42.833"/>
</kw>
<kw name="Click Text" library="AppiumLibrary">
<arg>DIALOGS</arg>
<doc>Click text identified by ``text``.</doc>
<status status="PASS" starttime="20220415 21:19:42.834" endtime="20220415 21:19:42.964"/>
</kw>
<kw name="Wait Until Element Is Visible" library="AppiumLibrary">
<arg>${TOOLBAR_TITLE}</arg>
<doc>Waits until element specified with `locator` is visible.</doc>
<status status="PASS" starttime="20220415 21:19:42.964" endtime="20220415 21:19:43.891"/>
</kw>
<kw name="Element Name Should Be" library="AppiumLibrary">
<arg>${TOOLBAR_TITLE}</arg>
<arg>DIALOGS</arg>
<msg timestamp="20220415 21:19:43.946" level="INFO">Element 'id=io.qaninja.android.twp:id/toolbarTitle' name is 'DIALOGS' </msg>
<status status="PASS" starttime="20220415 21:19:43.891" endtime="20220415 21:19:43.946"/>
</kw>
<kw name="Wait Until Page Contains" library="AppiumLibrary">
<arg>DIALOGS</arg>
<doc>Waits until `text` appears on current page.</doc>
<status status="PASS" starttime="20220415 21:19:43.947" endtime="20220415 21:19:43.989"/>
</kw>
<kw name="Close Session" library="base" type="TEARDOWN">
<kw name="Capture Page Screenshot" library="AppiumLibrary">
<doc>Takes a screenshot of the current page and embeds it into the log.</doc>
<msg timestamp="20220415 21:19:44.262" level="INFO" html="true">&lt;/td&gt;&lt;/tr&gt;&lt;tr&gt;&lt;td colspan="3"&gt;&lt;a href="appium-screenshot-4.png"&gt;&lt;img src="appium-screenshot-4.png" width="800px"&gt;&lt;/a&gt;</msg>
<status status="PASS" starttime="20220415 21:19:43.990" endtime="20220415 21:19:44.262"/>
</kw>
<kw name="Close Application" library="AppiumLibrary">
<doc>Closes the current application and also close webdriver session.</doc>
<status status="PASS" starttime="20220415 21:19:44.262" endtime="20220415 21:19:44.661"/>
</kw>
<status status="PASS" starttime="20220415 21:19:43.990" endtime="20220415 21:19:44.661"/>
</kw>
<status status="PASS" starttime="20220415 21:19:26.229" endtime="20220415 21:19:44.662"/>
</test>
<test id="s1-t5" name="Devo acessar a tela Seek Bar" line="45">
<kw name="Open Session" library="base" type="SETUP">
<kw name="Set Appium Timeout" library="AppiumLibrary">
<arg>5</arg>
<doc>Sets the timeout in seconds used by various keywords.</doc>
<status status="PASS" starttime="20220415 21:19:44.666" endtime="20220415 21:19:44.666"/>
</kw>
<kw name="Open Application" library="AppiumLibrary">
<arg>http://localhost:4723/wd/hub</arg>
<arg>automationName=UiAutomator2</arg>
<arg>deviceName=SM_G980F</arg>
<arg>platformName=Android</arg>
<arg>app=${EXECDIR}/App/twp.apk</arg>
<doc>Opens a new application to given Appium server.
Capabilities of appium server, Android and iOS,
Please check https://github.com/appium/appium/blob/master/docs/en/writing-running-appium/server-args.md
| *Option*            | *Man.* | *Description*     |
| remote_url          | Yes    | Appium server url |
| alias               | no     | alias             |</doc>
<status status="PASS" starttime="20220415 21:19:44.666" endtime="20220415 21:19:54.453"/>
</kw>
<status status="PASS" starttime="20220415 21:19:44.665" endtime="20220415 21:19:54.453"/>
</kw>
<kw name="Get Started" library="base">
<kw name="Wait Until Page Contains" library="AppiumLibrary">
<arg>COMEÇAR</arg>
<doc>Waits until `text` appears on current page.</doc>
<status status="PASS" starttime="20220415 21:19:54.454" endtime="20220415 21:19:58.959"/>
</kw>
<kw name="Click Text" library="AppiumLibrary">
<arg>COMEÇAR</arg>
<doc>Click text identified by ``text``.</doc>
<status status="PASS" starttime="20220415 21:19:58.959" endtime="20220415 21:19:59.200"/>
</kw>
<status status="PASS" starttime="20220415 21:19:54.453" endtime="20220415 21:19:59.200"/>
</kw>
<kw name="Open Nav" library="base">
<kw name="Wait Until Element Is Visible" library="AppiumLibrary">
<arg>xpath=//android.widget.ImageButton[@content-desc="Open navigation drawer"]</arg>
<doc>Waits until element specified with `locator` is visible.</doc>
<status status="PASS" starttime="20220415 21:19:59.201" endtime="20220415 21:20:00.302"/>
</kw>
<kw name="Click Element" library="AppiumLibrary">
<arg>xpath=//android.widget.ImageButton[@content-desc="Open navigation drawer"]</arg>
<doc>Click element identified by `locator`.</doc>
<msg timestamp="20220415 21:20:00.304" level="INFO">Clicking element 'xpath=//android.widget.ImageButton[@content-desc="Open navigation drawer"]'.</msg>
<status status="PASS" starttime="20220415 21:20:00.302" endtime="20220415 21:20:00.398"/>
</kw>
<kw name="Wait Until Element Is Visible" library="AppiumLibrary">
<arg>id=io.qaninja.android.twp:id/navView</arg>
<doc>Waits until element specified with `locator` is visible.</doc>
<status status="PASS" starttime="20220415 21:20:00.398" endtime="20220415 21:20:01.338"/>
</kw>
<status status="PASS" starttime="20220415 21:19:59.201" endtime="20220415 21:20:01.338"/>
</kw>
<kw name="Click Text" library="AppiumLibrary">
<arg>SEEK BAR</arg>
<doc>Click text identified by ``text``.</doc>
<status status="PASS" starttime="20220415 21:20:01.338" endtime="20220415 21:20:01.493"/>
</kw>
<kw name="Wait Until Element Is Visible" library="AppiumLibrary">
<arg>${TOOLBAR_TITLE}</arg>
<doc>Waits until element specified with `locator` is visible.</doc>
<status status="PASS" starttime="20220415 21:20:01.494" endtime="20220415 21:20:02.420"/>
</kw>
<kw name="Element Name Should Be" library="AppiumLibrary">
<arg>${TOOLBAR_TITLE}</arg>
<arg>SEEK BAR</arg>
<msg timestamp="20220415 21:20:02.476" level="INFO">Element 'id=io.qaninja.android.twp:id/toolbarTitle' name is 'SEEK BAR' </msg>
<status status="PASS" starttime="20220415 21:20:02.420" endtime="20220415 21:20:02.476"/>
</kw>
<kw name="Wait Until Page Contains" library="AppiumLibrary">
<arg>SEEK BAR</arg>
<doc>Waits until `text` appears on current page.</doc>
<status status="PASS" starttime="20220415 21:20:02.477" endtime="20220415 21:20:02.521"/>
</kw>
<kw name="Close Session" library="base" type="TEARDOWN">
<kw name="Capture Page Screenshot" library="AppiumLibrary">
<doc>Takes a screenshot of the current page and embeds it into the log.</doc>
<msg timestamp="20220415 21:20:02.797" level="INFO" html="true">&lt;/td&gt;&lt;/tr&gt;&lt;tr&gt;&lt;td colspan="3"&gt;&lt;a href="appium-screenshot-5.png"&gt;&lt;img src="appium-screenshot-5.png" width="800px"&gt;&lt;/a&gt;</msg>
<status status="PASS" starttime="20220415 21:20:02.522" endtime="20220415 21:20:02.797"/>
</kw>
<kw name="Close Application" library="AppiumLibrary">
<doc>Closes the current application and also close webdriver session.</doc>
<status status="PASS" starttime="20220415 21:20:02.798" endtime="20220415 21:20:03.227"/>
</kw>
<status status="PASS" starttime="20220415 21:20:02.521" endtime="20220415 21:20:03.227"/>
</kw>
<status status="PASS" starttime="20220415 21:19:44.663" endtime="20220415 21:20:03.227"/>
</test>
<test id="s1-t6" name="Devo acessar a tela Inputs" line="54">
<kw name="Open Session" library="base" type="SETUP">
<kw name="Set Appium Timeout" library="AppiumLibrary">
<arg>5</arg>
<doc>Sets the timeout in seconds used by various keywords.</doc>
<status status="PASS" starttime="20220415 21:20:03.229" endtime="20220415 21:20:03.230"/>
</kw>
<kw name="Open Application" library="AppiumLibrary">
<arg>http://localhost:4723/wd/hub</arg>
<arg>automationName=UiAutomator2</arg>
<arg>deviceName=SM_G980F</arg>
<arg>platformName=Android</arg>
<arg>app=${EXECDIR}/App/twp.apk</arg>
<doc>Opens a new application to given Appium server.
Capabilities of appium server, Android and iOS,
Please check https://github.com/appium/appium/blob/master/docs/en/writing-running-appium/server-args.md
| *Option*            | *Man.* | *Description*     |
| remote_url          | Yes    | Appium server url |
| alias               | no     | alias             |</doc>
<status status="PASS" starttime="20220415 21:20:03.230" endtime="20220415 21:20:12.976"/>
</kw>
<status status="PASS" starttime="20220415 21:20:03.229" endtime="20220415 21:20:12.976"/>
</kw>
<kw name="Get Started" library="base">
<kw name="Wait Until Page Contains" library="AppiumLibrary">
<arg>COMEÇAR</arg>
<doc>Waits until `text` appears on current page.</doc>
<status status="PASS" starttime="20220415 21:20:12.976" endtime="20220415 21:20:17.510"/>
</kw>
<kw name="Click Text" library="AppiumLibrary">
<arg>COMEÇAR</arg>
<doc>Click text identified by ``text``.</doc>
<status status="PASS" starttime="20220415 21:20:17.510" endtime="20220415 21:20:17.716"/>
</kw>
<status status="PASS" starttime="20220415 21:20:12.976" endtime="20220415 21:20:17.717"/>
</kw>
<kw name="Open Nav" library="base">
<kw name="Wait Until Element Is Visible" library="AppiumLibrary">
<arg>xpath=//android.widget.ImageButton[@content-desc="Open navigation drawer"]</arg>
<doc>Waits until element specified with `locator` is visible.</doc>
<status status="PASS" starttime="20220415 21:20:17.717" endtime="20220415 21:20:18.839"/>
</kw>
<kw name="Click Element" library="AppiumLibrary">
<arg>xpath=//android.widget.ImageButton[@content-desc="Open navigation drawer"]</arg>
<doc>Click element identified by `locator`.</doc>
<msg timestamp="20220415 21:20:18.839" level="INFO">Clicking element 'xpath=//android.widget.ImageButton[@content-desc="Open navigation drawer"]'.</msg>
<status status="PASS" starttime="20220415 21:20:18.839" endtime="20220415 21:20:18.964"/>
</kw>
<kw name="Wait Until Element Is Visible" library="AppiumLibrary">
<arg>id=io.qaninja.android.twp:id/navView</arg>
<doc>Waits until element specified with `locator` is visible.</doc>
<status status="PASS" starttime="20220415 21:20:18.964" endtime="20220415 21:20:19.971"/>
</kw>
<status status="PASS" starttime="20220415 21:20:17.717" endtime="20220415 21:20:19.972"/>
</kw>
<kw name="Click Text" library="AppiumLibrary">
<arg>INPUTS</arg>
<doc>Click text identified by ``text``.</doc>
<status status="PASS" starttime="20220415 21:20:19.972" endtime="20220415 21:20:20.110"/>
</kw>
<kw name="Wait Until Element Is Visible" library="AppiumLibrary">
<arg>${TOOLBAR_TITLE}</arg>
<doc>Waits until element specified with `locator` is visible.</doc>
<status status="PASS" starttime="20220415 21:20:20.112" endtime="20220415 21:20:21.044"/>
</kw>
<kw name="Element Name Should Be" library="AppiumLibrary">
<arg>${TOOLBAR_TITLE}</arg>
<arg>INPUTS</arg>
<msg timestamp="20220415 21:20:21.133" level="INFO">Element 'id=io.qaninja.android.twp:id/toolbarTitle' name is 'INPUTS' </msg>
<status status="PASS" starttime="20220415 21:20:21.044" endtime="20220415 21:20:21.133"/>
</kw>
<kw name="Wait Until Page Contains" library="AppiumLibrary">
<arg>INPUTS</arg>
<doc>Waits until `text` appears on current page.</doc>
<status status="PASS" starttime="20220415 21:20:21.133" endtime="20220415 21:20:21.229"/>
</kw>
<kw name="Close Session" library="base" type="TEARDOWN">
<kw name="Capture Page Screenshot" library="AppiumLibrary">
<doc>Takes a screenshot of the current page and embeds it into the log.</doc>
<msg timestamp="20220415 21:20:21.539" level="INFO" html="true">&lt;/td&gt;&lt;/tr&gt;&lt;tr&gt;&lt;td colspan="3"&gt;&lt;a href="appium-screenshot-6.png"&gt;&lt;img src="appium-screenshot-6.png" width="800px"&gt;&lt;/a&gt;</msg>
<status status="PASS" starttime="20220415 21:20:21.230" endtime="20220415 21:20:21.539"/>
</kw>
<kw name="Close Application" library="AppiumLibrary">
<doc>Closes the current application and also close webdriver session.</doc>
<status status="PASS" starttime="20220415 21:20:21.539" endtime="20220415 21:20:21.928"/>
</kw>
<status status="PASS" starttime="20220415 21:20:21.229" endtime="20220415 21:20:21.928"/>
</kw>
<status status="PASS" starttime="20220415 21:20:03.228" endtime="20220415 21:20:21.928"/>
</test>
<test id="s1-t7" name="Devo acessar a tela Botões" line="63">
<kw name="Open Session" library="base" type="SETUP">
<kw name="Set Appium Timeout" library="AppiumLibrary">
<arg>5</arg>
<doc>Sets the timeout in seconds used by various keywords.</doc>
<status status="PASS" starttime="20220415 21:20:21.931" endtime="20220415 21:20:21.932"/>
</kw>
<kw name="Open Application" library="AppiumLibrary">
<arg>http://localhost:4723/wd/hub</arg>
<arg>automationName=UiAutomator2</arg>
<arg>deviceName=SM_G980F</arg>
<arg>platformName=Android</arg>
<arg>app=${EXECDIR}/App/twp.apk</arg>
<doc>Opens a new application to given Appium server.
Capabilities of appium server, Android and iOS,
Please check https://github.com/appium/appium/blob/master/docs/en/writing-running-appium/server-args.md
| *Option*            | *Man.* | *Description*     |
| remote_url          | Yes    | Appium server url |
| alias               | no     | alias             |</doc>
<status status="PASS" starttime="20220415 21:20:21.932" endtime="20220415 21:20:31.493"/>
</kw>
<status status="PASS" starttime="20220415 21:20:21.931" endtime="20220415 21:20:31.493"/>
</kw>
<kw name="Get Started" library="base">
<kw name="Wait Until Page Contains" library="AppiumLibrary">
<arg>COMEÇAR</arg>
<doc>Waits until `text` appears on current page.</doc>
<status status="PASS" starttime="20220415 21:20:31.493" endtime="20220415 21:20:36.002"/>
</kw>
<kw name="Click Text" library="AppiumLibrary">
<arg>COMEÇAR</arg>
<doc>Click text identified by ``text``.</doc>
<status status="PASS" starttime="20220415 21:20:36.002" endtime="20220415 21:20:36.241"/>
</kw>
<status status="PASS" starttime="20220415 21:20:31.493" endtime="20220415 21:20:36.241"/>
</kw>
<kw name="Open Nav" library="base">
<kw name="Wait Until Element Is Visible" library="AppiumLibrary">
<arg>xpath=//android.widget.ImageButton[@content-desc="Open navigation drawer"]</arg>
<doc>Waits until element specified with `locator` is visible.</doc>
<status status="PASS" starttime="20220415 21:20:36.242" endtime="20220415 21:20:37.339"/>
</kw>
<kw name="Click Element" library="AppiumLibrary">
<arg>xpath=//android.widget.ImageButton[@content-desc="Open navigation drawer"]</arg>
<doc>Click element identified by `locator`.</doc>
<msg timestamp="20220415 21:20:37.340" level="INFO">Clicking element 'xpath=//android.widget.ImageButton[@content-desc="Open navigation drawer"]'.</msg>
<status status="PASS" starttime="20220415 21:20:37.339" endtime="20220415 21:20:37.453"/>
</kw>
<kw name="Wait Until Element Is Visible" library="AppiumLibrary">
<arg>id=io.qaninja.android.twp:id/navView</arg>
<doc>Waits until element specified with `locator` is visible.</doc>
<status status="PASS" starttime="20220415 21:20:37.453" endtime="20220415 21:20:38.423"/>
</kw>
<status status="PASS" starttime="20220415 21:20:36.241" endtime="20220415 21:20:38.423"/>
</kw>
<kw name="Click Text" library="AppiumLibrary">
<arg>BOTÕES</arg>
<doc>Click text identified by ``text``.</doc>
<status status="PASS" starttime="20220415 21:20:38.423" endtime="20220415 21:20:38.546"/>
</kw>
<kw name="Wait Until Element Is Visible" library="AppiumLibrary">
<arg>${TOOLBAR_TITLE}</arg>
<doc>Waits until element specified with `locator` is visible.</doc>
<status status="PASS" starttime="20220415 21:20:38.546" endtime="20220415 21:20:39.471"/>
</kw>
<kw name="Element Name Should Be" library="AppiumLibrary">
<arg>${TOOLBAR_TITLE}</arg>
<arg>BOTÕES</arg>
<msg timestamp="20220415 21:20:39.534" level="INFO">Element 'id=io.qaninja.android.twp:id/toolbarTitle' name is 'BOTÕES' </msg>
<status status="PASS" starttime="20220415 21:20:39.471" endtime="20220415 21:20:39.534"/>
</kw>
<kw name="Wait Until Page Contains" library="AppiumLibrary">
<arg>BOTÕES</arg>
<doc>Waits until `text` appears on current page.</doc>
<status status="PASS" starttime="20220415 21:20:39.535" endtime="20220415 21:20:39.576"/>
</kw>
<kw name="Close Session" library="base" type="TEARDOWN">
<kw name="Capture Page Screenshot" library="AppiumLibrary">
<doc>Takes a screenshot of the current page and embeds it into the log.</doc>
<msg timestamp="20220415 21:20:39.880" level="INFO" html="true">&lt;/td&gt;&lt;/tr&gt;&lt;tr&gt;&lt;td colspan="3"&gt;&lt;a href="appium-screenshot-7.png"&gt;&lt;img src="appium-screenshot-7.png" width="800px"&gt;&lt;/a&gt;</msg>
<status status="PASS" starttime="20220415 21:20:39.577" endtime="20220415 21:20:39.880"/>
</kw>
<kw name="Close Application" library="AppiumLibrary">
<doc>Closes the current application and also close webdriver session.</doc>
<status status="PASS" starttime="20220415 21:20:39.880" endtime="20220415 21:20:40.278"/>
</kw>
<status status="PASS" starttime="20220415 21:20:39.577" endtime="20220415 21:20:40.279"/>
</kw>
<status status="PASS" starttime="20220415 21:20:21.930" endtime="20220415 21:20:40.279"/>
</test>
<status status="PASS" starttime="20220415 21:18:31.572" endtime="20220415 21:20:40.281"/>
</suite>
<statistics>
<total>
<stat pass="7" fail="0" skip="0">All Tests</stat>
</total>
<tag>
</tag>
<suite>
<stat pass="7" fail="0" skip="0" id="s1" name="Nav">Nav</stat>
</suite>
</statistics>
<errors>
</errors>
</robot>
