<?xml version="1.0" encoding="UTF-8"?>
<robot generator="Robot 5.0 (Python 3.10.4 on win32)" generated="20220415 20:14:42.671" rpa="false" schemaversion="3">
<suite id="s1" name="Nav" source="C:\Users\quint\OneDrive\Documentos\Repositorios\test_mobile_appium\twp\nav.robot">
<test id="s1-t1" name="Dado que estou na tela inicial" line="11">
<kw name="Open Session" type="SETUP">
<kw name="Set Appium Timeout" library="AppiumLibrary">
<arg>5</arg>
<doc>Sets the timeout in seconds used by various keywords.</doc>
<status status="PASS" starttime="20220415 20:14:42.970" endtime="20220415 20:14:42.970"/>
</kw>
<kw name="Open Application" library="AppiumLibrary">
<arg>http://localhost:4723/wd/hub</arg>
<arg>automationName=UiAutomator2</arg>
<arg>deviceName=SM_G980F</arg>
<arg>platformName=Android</arg>
<arg>app=${EXECDIR}/App/twp.apk</arg>
<doc>Opens a new application to given Appium server.
Capabilities of appium server, Android and iOS,
Please check https://github.com/appium/appium/blob/master/docs/en/writing-running-appium/server-args.md
| *Option*            | *Man.* | *Description*     |
| remote_url          | Yes    | Appium server url |
| alias               | no     | alias             |</doc>
<status status="PASS" starttime="20220415 20:14:42.970" endtime="20220415 20:14:52.839"/>
</kw>
<status status="PASS" starttime="20220415 20:14:42.969" endtime="20220415 20:14:52.839"/>
</kw>
<kw name="Wait Until Page Contains" library="AppiumLibrary">
<arg>Training Wheels Protocol</arg>
<doc>Waits until `text` appears on current page.</doc>
<status status="PASS" starttime="20220415 20:14:52.840" endtime="20220415 20:14:57.339"/>
</kw>
<kw name="Wait Until Page Contains" library="AppiumLibrary">
<arg>Mobile Version</arg>
<doc>Waits until `text` appears on current page.</doc>
<status status="PASS" starttime="20220415 20:14:57.339" endtime="20220415 20:14:57.377"/>
</kw>
<kw name="Get Started">
<kw name="Wait Until Page Contains" library="AppiumLibrary">
<arg>COMEÇAR</arg>
<doc>Waits until `text` appears on current page.</doc>
<status status="PASS" starttime="20220415 20:14:57.378" endtime="20220415 20:14:57.416"/>
</kw>
<kw name="Click Text" library="AppiumLibrary">
<arg>COMEÇAR</arg>
<doc>Click text identified by ``text``.</doc>
<status status="PASS" starttime="20220415 20:14:57.416" endtime="20220415 20:14:57.674"/>
</kw>
<status status="PASS" starttime="20220415 20:14:57.378" endtime="20220415 20:14:57.675"/>
</kw>
<kw name="Close Session" type="TEARDOWN">
<kw name="Capture Page Screenshot" library="AppiumLibrary">
<doc>Takes a screenshot of the current page and embeds it into the log.</doc>
<msg timestamp="20220415 20:14:57.969" level="INFO" html="true">&lt;/td&gt;&lt;/tr&gt;&lt;tr&gt;&lt;td colspan="3"&gt;&lt;a href="appium-screenshot-1.png"&gt;&lt;img src="appium-screenshot-1.png" width="800px"&gt;&lt;/a&gt;</msg>
<status status="PASS" starttime="20220415 20:14:57.676" endtime="20220415 20:14:57.969"/>
</kw>
<kw name="Close Application" library="AppiumLibrary">
<doc>Closes the current application and also close webdriver session.</doc>
<status status="PASS" starttime="20220415 20:14:57.970" endtime="20220415 20:14:58.393"/>
</kw>
<status status="PASS" starttime="20220415 20:14:57.675" endtime="20220415 20:14:58.393"/>
</kw>
<status status="PASS" starttime="20220415 20:14:42.969" endtime="20220415 20:14:58.394"/>
</test>
<test id="s1-t2" name="Devo acessar a tela Avengers" line="16">
<kw name="Open Session" type="SETUP">
<kw name="Set Appium Timeout" library="AppiumLibrary">
<arg>5</arg>
<doc>Sets the timeout in seconds used by various keywords.</doc>
<status status="PASS" starttime="20220415 20:14:58.394" endtime="20220415 20:14:58.394"/>
</kw>
<kw name="Open Application" library="AppiumLibrary">
<arg>http://localhost:4723/wd/hub</arg>
<arg>automationName=UiAutomator2</arg>
<arg>deviceName=SM_G980F</arg>
<arg>platformName=Android</arg>
<arg>app=${EXECDIR}/App/twp.apk</arg>
<doc>Opens a new application to given Appium server.
Capabilities of appium server, Android and iOS,
Please check https://github.com/appium/appium/blob/master/docs/en/writing-running-appium/server-args.md
| *Option*            | *Man.* | *Description*     |
| remote_url          | Yes    | Appium server url |
| alias               | no     | alias             |</doc>
<status status="PASS" starttime="20220415 20:14:58.394" endtime="20220415 20:15:08.175"/>
</kw>
<status status="PASS" starttime="20220415 20:14:58.394" endtime="20220415 20:15:08.175"/>
</kw>
<kw name="Get Started">
<kw name="Wait Until Page Contains" library="AppiumLibrary">
<arg>COMEÇAR</arg>
<doc>Waits until `text` appears on current page.</doc>
<status status="PASS" starttime="20220415 20:15:08.176" endtime="20220415 20:15:12.707"/>
</kw>
<kw name="Click Text" library="AppiumLibrary">
<arg>COMEÇAR</arg>
<doc>Click text identified by ``text``.</doc>
<status status="PASS" starttime="20220415 20:15:12.707" endtime="20220415 20:15:12.963"/>
</kw>
<status status="PASS" starttime="20220415 20:15:08.176" endtime="20220415 20:15:12.964"/>
</kw>
<kw name="Open Nav">
<kw name="Wait Until Element Is Visible" library="AppiumLibrary">
<arg>xpath=//android.widget.ImageButton[@content-desc="Open navigation drawer"]</arg>
<doc>Waits until element specified with `locator` is visible.</doc>
<status status="PASS" starttime="20220415 20:15:12.965" endtime="20220415 20:15:14.061"/>
</kw>
<kw name="Click Element" library="AppiumLibrary">
<arg>xpath=//android.widget.ImageButton[@content-desc="Open navigation drawer"]</arg>
<doc>Click element identified by `locator`.</doc>
<msg timestamp="20220415 20:15:14.063" level="INFO">Clicking element 'xpath=//android.widget.ImageButton[@content-desc="Open navigation drawer"]'.</msg>
<status status="PASS" starttime="20220415 20:15:14.061" endtime="20220415 20:15:14.194"/>
</kw>
<kw name="Wait Until Element Is Visible" library="AppiumLibrary">
<arg>id=io.qaninja.android.twp:id/navView</arg>
<doc>Waits until element specified with `locator` is visible.</doc>
<status status="PASS" starttime="20220415 20:15:14.194" endtime="20220415 20:15:15.141"/>
</kw>
<status status="PASS" starttime="20220415 20:15:12.964" endtime="20220415 20:15:15.141"/>
</kw>
<kw name="Click Text" library="AppiumLibrary">
<arg>AVENGERS</arg>
<doc>Click text identified by ``text``.</doc>
<status status="PASS" starttime="20220415 20:15:15.142" endtime="20220415 20:15:15.302"/>
</kw>
<kw name="Wait Until Element Is Visible" library="AppiumLibrary">
<arg>id=io.qaninja.android.twp:id/toolbarTitle</arg>
<doc>Waits until element specified with `locator` is visible.</doc>
<status status="PASS" starttime="20220415 20:15:15.302" endtime="20220415 20:15:16.230"/>
</kw>
<kw name="Element Name Should Be" library="AppiumLibrary">
<arg>id=io.qaninja.android.twp:id/toolbarTitle</arg>
<arg>AVENGERS</arg>
<msg timestamp="20220415 20:15:16.288" level="INFO">Element 'id=io.qaninja.android.twp:id/toolbarTitle' name is 'AVENGERS' </msg>
<status status="PASS" starttime="20220415 20:15:16.231" endtime="20220415 20:15:16.288"/>
</kw>
<kw name="Wait Until Page Contains" library="AppiumLibrary">
<arg>AVENGERS</arg>
<doc>Waits until `text` appears on current page.</doc>
<status status="PASS" starttime="20220415 20:15:16.288" endtime="20220415 20:15:16.332"/>
</kw>
<kw name="Close Session" type="TEARDOWN">
<kw name="Capture Page Screenshot" library="AppiumLibrary">
<doc>Takes a screenshot of the current page and embeds it into the log.</doc>
<msg timestamp="20220415 20:15:16.622" level="INFO" html="true">&lt;/td&gt;&lt;/tr&gt;&lt;tr&gt;&lt;td colspan="3"&gt;&lt;a href="appium-screenshot-2.png"&gt;&lt;img src="appium-screenshot-2.png" width="800px"&gt;&lt;/a&gt;</msg>
<status status="PASS" starttime="20220415 20:15:16.333" endtime="20220415 20:15:16.622"/>
</kw>
<kw name="Close Application" library="AppiumLibrary">
<doc>Closes the current application and also close webdriver session.</doc>
<status status="PASS" starttime="20220415 20:15:16.622" endtime="20220415 20:15:17.033"/>
</kw>
<status status="PASS" starttime="20220415 20:15:16.332" endtime="20220415 20:15:17.033"/>
</kw>
<status status="PASS" starttime="20220415 20:14:58.394" endtime="20220415 20:15:17.034"/>
</test>
<test id="s1-t3" name="Devo acessar a tela Forms" line="25">
<kw name="Open Session" type="SETUP">
<kw name="Set Appium Timeout" library="AppiumLibrary">
<arg>5</arg>
<doc>Sets the timeout in seconds used by various keywords.</doc>
<status status="PASS" starttime="20220415 20:15:17.036" endtime="20220415 20:15:17.036"/>
</kw>
<kw name="Open Application" library="AppiumLibrary">
<arg>http://localhost:4723/wd/hub</arg>
<arg>automationName=UiAutomator2</arg>
<arg>deviceName=SM_G980F</arg>
<arg>platformName=Android</arg>
<arg>app=${EXECDIR}/App/twp.apk</arg>
<doc>Opens a new application to given Appium server.
Capabilities of appium server, Android and iOS,
Please check https://github.com/appium/appium/blob/master/docs/en/writing-running-appium/server-args.md
| *Option*            | *Man.* | *Description*     |
| remote_url          | Yes    | Appium server url |
| alias               | no     | alias             |</doc>
<status status="PASS" starttime="20220415 20:15:17.036" endtime="20220415 20:15:26.707"/>
</kw>
<status status="PASS" starttime="20220415 20:15:17.035" endtime="20220415 20:15:26.707"/>
</kw>
<kw name="Get Started">
<kw name="Wait Until Page Contains" library="AppiumLibrary">
<arg>COMEÇAR</arg>
<doc>Waits until `text` appears on current page.</doc>
<status status="PASS" starttime="20220415 20:15:26.708" endtime="20220415 20:15:31.201"/>
</kw>
<kw name="Click Text" library="AppiumLibrary">
<arg>COMEÇAR</arg>
<doc>Click text identified by ``text``.</doc>
<status status="PASS" starttime="20220415 20:15:31.201" endtime="20220415 20:15:31.436"/>
</kw>
<status status="PASS" starttime="20220415 20:15:26.708" endtime="20220415 20:15:31.436"/>
</kw>
<kw name="Open Nav">
<kw name="Wait Until Element Is Visible" library="AppiumLibrary">
<arg>xpath=//android.widget.ImageButton[@content-desc="Open navigation drawer"]</arg>
<doc>Waits until element specified with `locator` is visible.</doc>
<status status="PASS" starttime="20220415 20:15:31.436" endtime="20220415 20:15:32.535"/>
</kw>
<kw name="Click Element" library="AppiumLibrary">
<arg>xpath=//android.widget.ImageButton[@content-desc="Open navigation drawer"]</arg>
<doc>Click element identified by `locator`.</doc>
<msg timestamp="20220415 20:15:32.537" level="INFO">Clicking element 'xpath=//android.widget.ImageButton[@content-desc="Open navigation drawer"]'.</msg>
<status status="PASS" starttime="20220415 20:15:32.536" endtime="20220415 20:15:32.652"/>
</kw>
<kw name="Wait Until Element Is Visible" library="AppiumLibrary">
<arg>id=io.qaninja.android.twp:id/navView</arg>
<doc>Waits until element specified with `locator` is visible.</doc>
<status status="PASS" starttime="20220415 20:15:32.652" endtime="20220415 20:15:33.603"/>
</kw>
<status status="PASS" starttime="20220415 20:15:31.436" endtime="20220415 20:15:33.603"/>
</kw>
<kw name="Click Text" library="AppiumLibrary">
<arg>FORMS</arg>
<doc>Click text identified by ``text``.</doc>
<status status="PASS" starttime="20220415 20:15:33.603" endtime="20220415 20:15:33.719"/>
</kw>
<kw name="Wait Until Element Is Visible" library="AppiumLibrary">
<arg>id=io.qaninja.android.twp:id/toolbarTitle</arg>
<doc>Waits until element specified with `locator` is visible.</doc>
<status status="PASS" starttime="20220415 20:15:33.719" endtime="20220415 20:15:34.660"/>
</kw>
<kw name="Element Name Should Be" library="AppiumLibrary">
<arg>id=io.qaninja.android.twp:id/toolbarTitle</arg>
<arg>FORMS</arg>
<msg timestamp="20220415 20:15:34.724" level="INFO">Element 'id=io.qaninja.android.twp:id/toolbarTitle' name is 'FORMS' </msg>
<status status="PASS" starttime="20220415 20:15:34.661" endtime="20220415 20:15:34.724"/>
</kw>
<kw name="Wait Until Page Contains" library="AppiumLibrary">
<arg>FORMS</arg>
<doc>Waits until `text` appears on current page.</doc>
<status status="PASS" starttime="20220415 20:15:34.725" endtime="20220415 20:15:34.775"/>
</kw>
<kw name="Close Session" type="TEARDOWN">
<kw name="Capture Page Screenshot" library="AppiumLibrary">
<doc>Takes a screenshot of the current page and embeds it into the log.</doc>
<msg timestamp="20220415 20:15:35.053" level="INFO" html="true">&lt;/td&gt;&lt;/tr&gt;&lt;tr&gt;&lt;td colspan="3"&gt;&lt;a href="appium-screenshot-3.png"&gt;&lt;img src="appium-screenshot-3.png" width="800px"&gt;&lt;/a&gt;</msg>
<status status="PASS" starttime="20220415 20:15:34.776" endtime="20220415 20:15:35.053"/>
</kw>
<kw name="Close Application" library="AppiumLibrary">
<doc>Closes the current application and also close webdriver session.</doc>
<status status="PASS" starttime="20220415 20:15:35.054" endtime="20220415 20:15:35.456"/>
</kw>
<status status="PASS" starttime="20220415 20:15:34.776" endtime="20220415 20:15:35.457"/>
</kw>
<status status="PASS" starttime="20220415 20:15:17.034" endtime="20220415 20:15:35.457"/>
</test>
<test id="s1-t4" name="Devo acessar a tela Dialogs" line="34">
<kw name="Open Session" type="SETUP">
<kw name="Set Appium Timeout" library="AppiumLibrary">
<arg>5</arg>
<doc>Sets the timeout in seconds used by various keywords.</doc>
<status status="PASS" starttime="20220415 20:15:35.459" endtime="20220415 20:15:35.459"/>
</kw>
<kw name="Open Application" library="AppiumLibrary">
<arg>http://localhost:4723/wd/hub</arg>
<arg>automationName=UiAutomator2</arg>
<arg>deviceName=SM_G980F</arg>
<arg>platformName=Android</arg>
<arg>app=${EXECDIR}/App/twp.apk</arg>
<doc>Opens a new application to given Appium server.
Capabilities of appium server, Android and iOS,
Please check https://github.com/appium/appium/blob/master/docs/en/writing-running-appium/server-args.md
| *Option*            | *Man.* | *Description*     |
| remote_url          | Yes    | Appium server url |
| alias               | no     | alias             |</doc>
<status status="PASS" starttime="20220415 20:15:35.459" endtime="20220415 20:15:45.035"/>
</kw>
<status status="PASS" starttime="20220415 20:15:35.458" endtime="20220415 20:15:45.035"/>
</kw>
<kw name="Get Started">
<kw name="Wait Until Page Contains" library="AppiumLibrary">
<arg>COMEÇAR</arg>
<doc>Waits until `text` appears on current page.</doc>
<status status="PASS" starttime="20220415 20:15:45.036" endtime="20220415 20:15:49.524"/>
</kw>
<kw name="Click Text" library="AppiumLibrary">
<arg>COMEÇAR</arg>
<doc>Click text identified by ``text``.</doc>
<status status="PASS" starttime="20220415 20:15:49.524" endtime="20220415 20:15:49.762"/>
</kw>
<status status="PASS" starttime="20220415 20:15:45.036" endtime="20220415 20:15:49.763"/>
</kw>
<kw name="Open Nav">
<kw name="Wait Until Element Is Visible" library="AppiumLibrary">
<arg>xpath=//android.widget.ImageButton[@content-desc="Open navigation drawer"]</arg>
<doc>Waits until element specified with `locator` is visible.</doc>
<status status="PASS" starttime="20220415 20:15:49.764" endtime="20220415 20:15:50.871"/>
</kw>
<kw name="Click Element" library="AppiumLibrary">
<arg>xpath=//android.widget.ImageButton[@content-desc="Open navigation drawer"]</arg>
<doc>Click element identified by `locator`.</doc>
<msg timestamp="20220415 20:15:50.874" level="INFO">Clicking element 'xpath=//android.widget.ImageButton[@content-desc="Open navigation drawer"]'.</msg>
<status status="PASS" starttime="20220415 20:15:50.871" endtime="20220415 20:15:50.954"/>
</kw>
<kw name="Wait Until Element Is Visible" library="AppiumLibrary">
<arg>id=io.qaninja.android.twp:id/navView</arg>
<doc>Waits until element specified with `locator` is visible.</doc>
<status status="PASS" starttime="20220415 20:15:50.954" endtime="20220415 20:15:51.915"/>
</kw>
<status status="PASS" starttime="20220415 20:15:49.763" endtime="20220415 20:15:51.915"/>
</kw>
<kw name="Click Text" library="AppiumLibrary">
<arg>DIALOGS</arg>
<doc>Click text identified by ``text``.</doc>
<status status="PASS" starttime="20220415 20:15:51.915" endtime="20220415 20:15:52.034"/>
</kw>
<kw name="Wait Until Element Is Visible" library="AppiumLibrary">
<arg>id=io.qaninja.android.twp:id/toolbarTitle</arg>
<doc>Waits until element specified with `locator` is visible.</doc>
<status status="PASS" starttime="20220415 20:15:52.034" endtime="20220415 20:15:52.970"/>
</kw>
<kw name="Element Name Should Be" library="AppiumLibrary">
<arg>id=io.qaninja.android.twp:id/toolbarTitle</arg>
<arg>DIALOGS</arg>
<msg timestamp="20220415 20:15:53.027" level="INFO">Element 'id=io.qaninja.android.twp:id/toolbarTitle' name is 'DIALOGS' </msg>
<status status="PASS" starttime="20220415 20:15:52.970" endtime="20220415 20:15:53.027"/>
</kw>
<kw name="Wait Until Page Contains" library="AppiumLibrary">
<arg>DIALOGS</arg>
<doc>Waits until `text` appears on current page.</doc>
<status status="PASS" starttime="20220415 20:15:53.027" endtime="20220415 20:15:53.067"/>
</kw>
<kw name="Close Session" type="TEARDOWN">
<kw name="Capture Page Screenshot" library="AppiumLibrary">
<doc>Takes a screenshot of the current page and embeds it into the log.</doc>
<msg timestamp="20220415 20:15:53.354" level="INFO" html="true">&lt;/td&gt;&lt;/tr&gt;&lt;tr&gt;&lt;td colspan="3"&gt;&lt;a href="appium-screenshot-4.png"&gt;&lt;img src="appium-screenshot-4.png" width="800px"&gt;&lt;/a&gt;</msg>
<status status="PASS" starttime="20220415 20:15:53.068" endtime="20220415 20:15:53.354"/>
</kw>
<kw name="Close Application" library="AppiumLibrary">
<doc>Closes the current application and also close webdriver session.</doc>
<status status="PASS" starttime="20220415 20:15:53.354" endtime="20220415 20:15:53.784"/>
</kw>
<status status="PASS" starttime="20220415 20:15:53.067" endtime="20220415 20:15:53.784"/>
</kw>
<status status="PASS" starttime="20220415 20:15:35.458" endtime="20220415 20:15:53.785"/>
</test>
<test id="s1-t5" name="Devo acessar a tela Seek Bar" line="43">
<kw name="Open Session" type="SETUP">
<kw name="Set Appium Timeout" library="AppiumLibrary">
<arg>5</arg>
<doc>Sets the timeout in seconds used by various keywords.</doc>
<status status="PASS" starttime="20220415 20:15:53.786" endtime="20220415 20:15:53.787"/>
</kw>
<kw name="Open Application" library="AppiumLibrary">
<arg>http://localhost:4723/wd/hub</arg>
<arg>automationName=UiAutomator2</arg>
<arg>deviceName=SM_G980F</arg>
<arg>platformName=Android</arg>
<arg>app=${EXECDIR}/App/twp.apk</arg>
<doc>Opens a new application to given Appium server.
Capabilities of appium server, Android and iOS,
Please check https://github.com/appium/appium/blob/master/docs/en/writing-running-appium/server-args.md
| *Option*            | *Man.* | *Description*     |
| remote_url          | Yes    | Appium server url |
| alias               | no     | alias             |</doc>
<status status="PASS" starttime="20220415 20:15:53.787" endtime="20220415 20:16:03.816"/>
</kw>
<status status="PASS" starttime="20220415 20:15:53.786" endtime="20220415 20:16:03.816"/>
</kw>
<kw name="Get Started">
<kw name="Wait Until Page Contains" library="AppiumLibrary">
<arg>COMEÇAR</arg>
<doc>Waits until `text` appears on current page.</doc>
<status status="PASS" starttime="20220415 20:16:03.816" endtime="20220415 20:16:08.321"/>
</kw>
<kw name="Click Text" library="AppiumLibrary">
<arg>COMEÇAR</arg>
<doc>Click text identified by ``text``.</doc>
<status status="PASS" starttime="20220415 20:16:08.321" endtime="20220415 20:16:08.557"/>
</kw>
<status status="PASS" starttime="20220415 20:16:03.816" endtime="20220415 20:16:08.557"/>
</kw>
<kw name="Open Nav">
<kw name="Wait Until Element Is Visible" library="AppiumLibrary">
<arg>xpath=//android.widget.ImageButton[@content-desc="Open navigation drawer"]</arg>
<doc>Waits until element specified with `locator` is visible.</doc>
<status status="PASS" starttime="20220415 20:16:08.558" endtime="20220415 20:16:10.037"/>
</kw>
<kw name="Click Element" library="AppiumLibrary">
<arg>xpath=//android.widget.ImageButton[@content-desc="Open navigation drawer"]</arg>
<doc>Click element identified by `locator`.</doc>
<msg timestamp="20220415 20:16:10.039" level="INFO">Clicking element 'xpath=//android.widget.ImageButton[@content-desc="Open navigation drawer"]'.</msg>
<status status="PASS" starttime="20220415 20:16:10.037" endtime="20220415 20:16:10.154"/>
</kw>
<kw name="Wait Until Element Is Visible" library="AppiumLibrary">
<arg>id=io.qaninja.android.twp:id/navView</arg>
<doc>Waits until element specified with `locator` is visible.</doc>
<status status="PASS" starttime="20220415 20:16:10.154" endtime="20220415 20:16:11.099"/>
</kw>
<status status="PASS" starttime="20220415 20:16:08.557" endtime="20220415 20:16:11.100"/>
</kw>
<kw name="Click Text" library="AppiumLibrary">
<arg>SEEK BAR</arg>
<doc>Click text identified by ``text``.</doc>
<status status="PASS" starttime="20220415 20:16:11.100" endtime="20220415 20:16:11.249"/>
</kw>
<kw name="Wait Until Element Is Visible" library="AppiumLibrary">
<arg>id=io.qaninja.android.twp:id/toolbarTitle</arg>
<doc>Waits until element specified with `locator` is visible.</doc>
<status status="PASS" starttime="20220415 20:16:11.249" endtime="20220415 20:16:12.191"/>
</kw>
<kw name="Element Name Should Be" library="AppiumLibrary">
<arg>id=io.qaninja.android.twp:id/toolbarTitle</arg>
<arg>SEEK BAR</arg>
<msg timestamp="20220415 20:16:12.245" level="INFO">Element 'id=io.qaninja.android.twp:id/toolbarTitle' name is 'SEEK BAR' </msg>
<status status="PASS" starttime="20220415 20:16:12.192" endtime="20220415 20:16:12.245"/>
</kw>
<kw name="Wait Until Page Contains" library="AppiumLibrary">
<arg>SEEK BAR</arg>
<doc>Waits until `text` appears on current page.</doc>
<status status="PASS" starttime="20220415 20:16:12.246" endtime="20220415 20:16:12.293"/>
</kw>
<kw name="Close Session" type="TEARDOWN">
<kw name="Capture Page Screenshot" library="AppiumLibrary">
<doc>Takes a screenshot of the current page and embeds it into the log.</doc>
<msg timestamp="20220415 20:16:12.569" level="INFO" html="true">&lt;/td&gt;&lt;/tr&gt;&lt;tr&gt;&lt;td colspan="3"&gt;&lt;a href="appium-screenshot-5.png"&gt;&lt;img src="appium-screenshot-5.png" width="800px"&gt;&lt;/a&gt;</msg>
<status status="PASS" starttime="20220415 20:16:12.294" endtime="20220415 20:16:12.570"/>
</kw>
<kw name="Close Application" library="AppiumLibrary">
<doc>Closes the current application and also close webdriver session.</doc>
<status status="PASS" starttime="20220415 20:16:12.570" endtime="20220415 20:16:12.979"/>
</kw>
<status status="PASS" starttime="20220415 20:16:12.293" endtime="20220415 20:16:12.979"/>
</kw>
<status status="PASS" starttime="20220415 20:15:53.785" endtime="20220415 20:16:12.979"/>
</test>
<test id="s1-t6" name="Devo acessar a tela Inputs" line="52">
<kw name="Open Session" type="SETUP">
<kw name="Set Appium Timeout" library="AppiumLibrary">
<arg>5</arg>
<doc>Sets the timeout in seconds used by various keywords.</doc>
<status status="PASS" starttime="20220415 20:16:12.992" endtime="20220415 20:16:12.993"/>
</kw>
<kw name="Open Application" library="AppiumLibrary">
<arg>http://localhost:4723/wd/hub</arg>
<arg>automationName=UiAutomator2</arg>
<arg>deviceName=SM_G980F</arg>
<arg>platformName=Android</arg>
<arg>app=${EXECDIR}/App/twp.apk</arg>
<doc>Opens a new application to given Appium server.
Capabilities of appium server, Android and iOS,
Please check https://github.com/appium/appium/blob/master/docs/en/writing-running-appium/server-args.md
| *Option*            | *Man.* | *Description*     |
| remote_url          | Yes    | Appium server url |
| alias               | no     | alias             |</doc>
<status status="PASS" starttime="20220415 20:16:12.993" endtime="20220415 20:16:22.827"/>
</kw>
<status status="PASS" starttime="20220415 20:16:12.991" endtime="20220415 20:16:22.827"/>
</kw>
<kw name="Get Started">
<kw name="Wait Until Page Contains" library="AppiumLibrary">
<arg>COMEÇAR</arg>
<doc>Waits until `text` appears on current page.</doc>
<status status="PASS" starttime="20220415 20:16:22.828" endtime="20220415 20:16:27.425"/>
</kw>
<kw name="Click Text" library="AppiumLibrary">
<arg>COMEÇAR</arg>
<doc>Click text identified by ``text``.</doc>
<status status="PASS" starttime="20220415 20:16:27.426" endtime="20220415 20:16:27.659"/>
</kw>
<status status="PASS" starttime="20220415 20:16:22.828" endtime="20220415 20:16:27.659"/>
</kw>
<kw name="Open Nav">
<kw name="Wait Until Element Is Visible" library="AppiumLibrary">
<arg>xpath=//android.widget.ImageButton[@content-desc="Open navigation drawer"]</arg>
<doc>Waits until element specified with `locator` is visible.</doc>
<status status="PASS" starttime="20220415 20:16:27.660" endtime="20220415 20:16:28.756"/>
</kw>
<kw name="Click Element" library="AppiumLibrary">
<arg>xpath=//android.widget.ImageButton[@content-desc="Open navigation drawer"]</arg>
<doc>Click element identified by `locator`.</doc>
<msg timestamp="20220415 20:16:28.759" level="INFO">Clicking element 'xpath=//android.widget.ImageButton[@content-desc="Open navigation drawer"]'.</msg>
<status status="PASS" starttime="20220415 20:16:28.756" endtime="20220415 20:16:28.841"/>
</kw>
<kw name="Wait Until Element Is Visible" library="AppiumLibrary">
<arg>id=io.qaninja.android.twp:id/navView</arg>
<doc>Waits until element specified with `locator` is visible.</doc>
<status status="PASS" starttime="20220415 20:16:28.841" endtime="20220415 20:16:29.791"/>
</kw>
<status status="PASS" starttime="20220415 20:16:27.659" endtime="20220415 20:16:29.791"/>
</kw>
<kw name="Click Text" library="AppiumLibrary">
<arg>INPUTS</arg>
<doc>Click text identified by ``text``.</doc>
<status status="PASS" starttime="20220415 20:16:29.791" endtime="20220415 20:16:29.894"/>
</kw>
<kw name="Wait Until Element Is Visible" library="AppiumLibrary">
<arg>id=io.qaninja.android.twp:id/toolbarTitle</arg>
<doc>Waits until element specified with `locator` is visible.</doc>
<status status="PASS" starttime="20220415 20:16:29.894" endtime="20220415 20:16:30.832"/>
</kw>
<kw name="Element Name Should Be" library="AppiumLibrary">
<arg>id=io.qaninja.android.twp:id/toolbarTitle</arg>
<arg>INPUTS</arg>
<msg timestamp="20220415 20:16:30.892" level="INFO">Element 'id=io.qaninja.android.twp:id/toolbarTitle' name is 'INPUTS' </msg>
<status status="PASS" starttime="20220415 20:16:30.832" endtime="20220415 20:16:30.893"/>
</kw>
<kw name="Wait Until Page Contains" library="AppiumLibrary">
<arg>INPUTS</arg>
<doc>Waits until `text` appears on current page.</doc>
<status status="PASS" starttime="20220415 20:16:30.893" endtime="20220415 20:16:30.939"/>
</kw>
<kw name="Close Session" type="TEARDOWN">
<kw name="Capture Page Screenshot" library="AppiumLibrary">
<doc>Takes a screenshot of the current page and embeds it into the log.</doc>
<msg timestamp="20220415 20:16:31.220" level="INFO" html="true">&lt;/td&gt;&lt;/tr&gt;&lt;tr&gt;&lt;td colspan="3"&gt;&lt;a href="appium-screenshot-6.png"&gt;&lt;img src="appium-screenshot-6.png" width="800px"&gt;&lt;/a&gt;</msg>
<status status="PASS" starttime="20220415 20:16:30.940" endtime="20220415 20:16:31.220"/>
</kw>
<kw name="Close Application" library="AppiumLibrary">
<doc>Closes the current application and also close webdriver session.</doc>
<status status="PASS" starttime="20220415 20:16:31.221" endtime="20220415 20:16:31.649"/>
</kw>
<status status="PASS" starttime="20220415 20:16:30.940" endtime="20220415 20:16:31.650"/>
</kw>
<status status="PASS" starttime="20220415 20:16:12.990" endtime="20220415 20:16:31.650"/>
</test>
<test id="s1-t7" name="Devo acessar a tela Botões" line="61">
<kw name="Open Session" type="SETUP">
<kw name="Set Appium Timeout" library="AppiumLibrary">
<arg>5</arg>
<doc>Sets the timeout in seconds used by various keywords.</doc>
<status status="PASS" starttime="20220415 20:16:31.653" endtime="20220415 20:16:31.653"/>
</kw>
<kw name="Open Application" library="AppiumLibrary">
<arg>http://localhost:4723/wd/hub</arg>
<arg>automationName=UiAutomator2</arg>
<arg>deviceName=SM_G980F</arg>
<arg>platformName=Android</arg>
<arg>app=${EXECDIR}/App/twp.apk</arg>
<doc>Opens a new application to given Appium server.
Capabilities of appium server, Android and iOS,
Please check https://github.com/appium/appium/blob/master/docs/en/writing-running-appium/server-args.md
| *Option*            | *Man.* | *Description*     |
| remote_url          | Yes    | Appium server url |
| alias               | no     | alias             |</doc>
<status status="PASS" starttime="20220415 20:16:31.654" endtime="20220415 20:16:41.403"/>
</kw>
<status status="PASS" starttime="20220415 20:16:31.652" endtime="20220415 20:16:41.403"/>
</kw>
<kw name="Get Started">
<kw name="Wait Until Page Contains" library="AppiumLibrary">
<arg>COMEÇAR</arg>
<doc>Waits until `text` appears on current page.</doc>
<status status="PASS" starttime="20220415 20:16:41.404" endtime="20220415 20:16:45.899"/>
</kw>
<kw name="Click Text" library="AppiumLibrary">
<arg>COMEÇAR</arg>
<doc>Click text identified by ``text``.</doc>
<status status="PASS" starttime="20220415 20:16:45.899" endtime="20220415 20:16:46.135"/>
</kw>
<status status="PASS" starttime="20220415 20:16:41.403" endtime="20220415 20:16:46.135"/>
</kw>
<kw name="Open Nav">
<kw name="Wait Until Element Is Visible" library="AppiumLibrary">
<arg>xpath=//android.widget.ImageButton[@content-desc="Open navigation drawer"]</arg>
<doc>Waits until element specified with `locator` is visible.</doc>
<status status="PASS" starttime="20220415 20:16:46.136" endtime="20220415 20:16:47.249"/>
</kw>
<kw name="Click Element" library="AppiumLibrary">
<arg>xpath=//android.widget.ImageButton[@content-desc="Open navigation drawer"]</arg>
<doc>Click element identified by `locator`.</doc>
<msg timestamp="20220415 20:16:47.252" level="INFO">Clicking element 'xpath=//android.widget.ImageButton[@content-desc="Open navigation drawer"]'.</msg>
<status status="PASS" starttime="20220415 20:16:47.250" endtime="20220415 20:16:47.372"/>
</kw>
<kw name="Wait Until Element Is Visible" library="AppiumLibrary">
<arg>id=io.qaninja.android.twp:id/navView</arg>
<doc>Waits until element specified with `locator` is visible.</doc>
<status status="PASS" starttime="20220415 20:16:47.372" endtime="20220415 20:16:48.342"/>
</kw>
<status status="PASS" starttime="20220415 20:16:46.136" endtime="20220415 20:16:48.342"/>
</kw>
<kw name="Click Text" library="AppiumLibrary">
<arg>BOTÕES</arg>
<doc>Click text identified by ``text``.</doc>
<status status="PASS" starttime="20220415 20:16:48.343" endtime="20220415 20:16:48.462"/>
</kw>
<kw name="Wait Until Element Is Visible" library="AppiumLibrary">
<arg>id=io.qaninja.android.twp:id/toolbarTitle</arg>
<doc>Waits until element specified with `locator` is visible.</doc>
<status status="PASS" starttime="20220415 20:16:48.463" endtime="20220415 20:16:49.388"/>
</kw>
<kw name="Element Name Should Be" library="AppiumLibrary">
<arg>id=io.qaninja.android.twp:id/toolbarTitle</arg>
<arg>BOTÕES</arg>
<msg timestamp="20220415 20:16:49.447" level="INFO">Element 'id=io.qaninja.android.twp:id/toolbarTitle' name is 'BOTÕES' </msg>
<status status="PASS" starttime="20220415 20:16:49.388" endtime="20220415 20:16:49.447"/>
</kw>
<kw name="Wait Until Page Contains" library="AppiumLibrary">
<arg>BOTÕES</arg>
<doc>Waits until `text` appears on current page.</doc>
<status status="PASS" starttime="20220415 20:16:49.447" endtime="20220415 20:16:49.493"/>
</kw>
<kw name="Close Session" type="TEARDOWN">
<kw name="Capture Page Screenshot" library="AppiumLibrary">
<doc>Takes a screenshot of the current page and embeds it into the log.</doc>
<msg timestamp="20220415 20:16:49.779" level="INFO" html="true">&lt;/td&gt;&lt;/tr&gt;&lt;tr&gt;&lt;td colspan="3"&gt;&lt;a href="appium-screenshot-7.png"&gt;&lt;img src="appium-screenshot-7.png" width="800px"&gt;&lt;/a&gt;</msg>
<status status="PASS" starttime="20220415 20:16:49.495" endtime="20220415 20:16:49.779"/>
</kw>
<kw name="Close Application" library="AppiumLibrary">
<doc>Closes the current application and also close webdriver session.</doc>
<status status="PASS" starttime="20220415 20:16:49.779" endtime="20220415 20:16:50.190"/>
</kw>
<status status="PASS" starttime="20220415 20:16:49.494" endtime="20220415 20:16:50.191"/>
</kw>
<status status="PASS" starttime="20220415 20:16:31.651" endtime="20220415 20:16:50.191"/>
</test>
<status status="PASS" starttime="20220415 20:14:42.675" endtime="20220415 20:16:50.193"/>
</suite>
<statistics>
<total>
<stat pass="7" fail="0" skip="0">All Tests</stat>
</total>
<tag>
</tag>
<suite>
<stat pass="7" fail="0" skip="0" id="s1" name="Nav">Nav</stat>
</suite>
</statistics>
<errors>
</errors>
</robot>
