<?xml version="1.0" encoding="UTF-8"?>
<robot generator="Robot 5.0 (Python 3.10.4 on win32)" generated="20220421 15:41:16.281" rpa="false" schemaversion="3">
<suite id="s1" name="Login &amp; Nav &amp; Tela Inicial">
<suite id="s1-s1" name="Login" source="C:\Users\quint\OneDrive\Documentos\Repositorios\test_mobile_appium\twp\tests\login.robot">
<test id="s1-s1-t1" name="Deve logar com sucesso" line="8">
<kw name="Open Session" library="base" type="SETUP">
<kw name="Set Appium Timeout" library="AppiumLibrary">
<arg>5</arg>
<doc>Sets the timeout in seconds used by various keywords.</doc>
<status status="PASS" starttime="20220421 15:41:16.587" endtime="20220421 15:41:16.587"/>
</kw>
<kw name="Open Application" library="AppiumLibrary">
<arg>http://localhost:4723/wd/hub</arg>
<arg>automationName=UiAutomator2</arg>
<arg>deviceName=SM_G980F</arg>
<arg>platformName=Android</arg>
<arg>app=${EXECDIR}/App/twp.apk</arg>
<doc>Opens a new application to given Appium server.
Capabilities of appium server, Android and iOS,
Please check https://github.com/appium/appium/blob/master/docs/en/writing-running-appium/server-args.md
| *Option*            | *Man.* | *Description*     |
| remote_url          | Yes    | Appium server url |
| alias               | no     | alias             |</doc>
<status status="PASS" starttime="20220421 15:41:16.587" endtime="20220421 15:41:24.413"/>
</kw>
<kw name="Get Started" library="base">
<kw name="Wait Until Page Contains" library="AppiumLibrary">
<arg>COMEÇAR</arg>
<doc>Waits until `text` appears on current page.</doc>
<status status="PASS" starttime="20220421 15:41:24.414" endtime="20220421 15:41:28.912"/>
</kw>
<kw name="Click Text" library="AppiumLibrary">
<arg>COMEÇAR</arg>
<doc>Click text identified by ``text``.</doc>
<status status="PASS" starttime="20220421 15:41:28.912" endtime="20220421 15:41:29.161"/>
</kw>
<status status="PASS" starttime="20220421 15:41:24.414" endtime="20220421 15:41:29.162"/>
</kw>
<status status="PASS" starttime="20220421 15:41:16.587" endtime="20220421 15:41:29.162"/>
</kw>
<kw name="Open Nav" library="base">
<kw name="Wait Until Element Is Visible" library="AppiumLibrary">
<arg>xpath=//android.widget.ImageButton[@content-desc="Open navigation drawer"]</arg>
<doc>Waits until element specified with `locator` is visible.</doc>
<status status="PASS" starttime="20220421 15:41:29.163" endtime="20220421 15:41:30.274"/>
</kw>
<kw name="Click Element" library="AppiumLibrary">
<arg>xpath=//android.widget.ImageButton[@content-desc="Open navigation drawer"]</arg>
<doc>Click element identified by `locator`.</doc>
<msg timestamp="20220421 15:41:30.276" level="INFO">Clicking element 'xpath=//android.widget.ImageButton[@content-desc="Open navigation drawer"]'.</msg>
<status status="PASS" starttime="20220421 15:41:30.274" endtime="20220421 15:41:30.379"/>
</kw>
<kw name="Wait Until Element Is Visible" library="AppiumLibrary">
<arg>id=io.qaninja.android.twp:id/navView</arg>
<doc>Waits until element specified with `locator` is visible.</doc>
<status status="PASS" starttime="20220421 15:41:30.379" endtime="20220421 15:41:31.369"/>
</kw>
<status status="PASS" starttime="20220421 15:41:29.163" endtime="20220421 15:41:31.370"/>
</kw>
<kw name="Click Text" library="AppiumLibrary">
<arg>FORMS</arg>
<doc>Click text identified by ``text``.</doc>
<status status="PASS" starttime="20220421 15:41:31.370" endtime="20220421 15:41:31.505"/>
</kw>
<kw name="Wait Until Page Contains" library="AppiumLibrary">
<arg>FORMS</arg>
<doc>Waits until `text` appears on current page.</doc>
<status status="PASS" starttime="20220421 15:41:31.506" endtime="20220421 15:41:31.682"/>
</kw>
<kw name="Click Text" library="AppiumLibrary">
<arg>LOGIN</arg>
<doc>Click text identified by ``text``.</doc>
<status status="PASS" starttime="20220421 15:41:31.683" endtime="20220421 15:41:32.534"/>
</kw>
<kw name="Wait Until Page Contains" library="AppiumLibrary">
<arg>Fala QA, vamos testar o login?</arg>
<doc>Waits until `text` appears on current page.</doc>
<status status="PASS" starttime="20220421 15:41:32.535" endtime="20220421 15:41:33.289"/>
</kw>
<kw name="Wait Until Page Contains" library="AppiumLibrary">
<arg>Fala QA, vamos testar o login?</arg>
<doc>Waits until `text` appears on current page.</doc>
<status status="PASS" starttime="20220421 15:41:33.289" endtime="20220421 15:41:33.334"/>
</kw>
<kw name="Input Text" library="AppiumLibrary">
<arg>id=io.qaninja.android.twp:id/etEmail</arg>
<arg>eu@papito.io</arg>
<doc>Types the given `text` into text field identified by `locator`.</doc>
<msg timestamp="20220421 15:41:33.336" level="INFO">Typing text 'eu@papito.io' into text field 'id=io.qaninja.android.twp:id/etEmail'</msg>
<status status="PASS" starttime="20220421 15:41:33.335" endtime="20220421 15:41:33.437"/>
</kw>
<kw name="Input Text" library="AppiumLibrary">
<arg>id=io.qaninja.android.twp:id/etPassword</arg>
<arg>qaninja</arg>
<doc>Types the given `text` into text field identified by `locator`.</doc>
<msg timestamp="20220421 15:41:33.439" level="INFO">Typing text 'qaninja' into text field 'id=io.qaninja.android.twp:id/etPassword'</msg>
<status status="PASS" starttime="20220421 15:41:33.437" endtime="20220421 15:41:34.031"/>
</kw>
<kw name="Click Element" library="AppiumLibrary">
<arg>id=io.qaninja.android.twp:id/btnSubmit</arg>
<doc>Click element identified by `locator`.</doc>
<msg timestamp="20220421 15:41:34.034" level="INFO">Clicking element 'id=io.qaninja.android.twp:id/btnSubmit'.</msg>
<status status="PASS" starttime="20220421 15:41:34.032" endtime="20220421 15:41:34.626"/>
</kw>
<kw name="Wait Until Page Contains" library="AppiumLibrary">
<arg>Show! Suas credenciais são validas.</arg>
<doc>Waits until `text` appears on current page.</doc>
<status status="PASS" starttime="20220421 15:41:34.627" endtime="20220421 15:41:34.698"/>
</kw>
<kw name="Close Session" library="base" type="TEARDOWN">
<kw name="Capture Page Screenshot" library="AppiumLibrary">
<doc>Takes a screenshot of the current page and embeds it into the log.</doc>
<msg timestamp="20220421 15:41:35.024" level="INFO" html="true">&lt;/td&gt;&lt;/tr&gt;&lt;tr&gt;&lt;td colspan="3"&gt;&lt;a href="appium-screenshot-1.png"&gt;&lt;img src="appium-screenshot-1.png" width="800px"&gt;&lt;/a&gt;</msg>
<status status="PASS" starttime="20220421 15:41:34.699" endtime="20220421 15:41:35.024"/>
</kw>
<kw name="Close Application" library="AppiumLibrary">
<doc>Closes the current application and also close webdriver session.</doc>
<status status="PASS" starttime="20220421 15:41:35.025" endtime="20220421 15:41:35.353"/>
</kw>
<status status="PASS" starttime="20220421 15:41:34.699" endtime="20220421 15:41:35.353"/>
</kw>
<status status="PASS" starttime="20220421 15:41:16.587" endtime="20220421 15:41:35.354"/>
</test>
<status status="PASS" starttime="20220421 15:41:16.317" endtime="20220421 15:41:35.355"/>
</suite>
<suite id="s1-s2" name="Nav" source="C:\Users\quint\OneDrive\Documentos\Repositorios\test_mobile_appium\twp\tests\nav.robot">
<test id="s1-s2-t1" name="Devo acessar a tela Avengers" line="13">
<kw name="Open Session" library="base" type="SETUP">
<kw name="Set Appium Timeout" library="AppiumLibrary">
<arg>5</arg>
<doc>Sets the timeout in seconds used by various keywords.</doc>
<status status="PASS" starttime="20220421 15:41:35.363" endtime="20220421 15:41:35.363"/>
</kw>
<kw name="Open Application" library="AppiumLibrary">
<arg>http://localhost:4723/wd/hub</arg>
<arg>automationName=UiAutomator2</arg>
<arg>deviceName=SM_G980F</arg>
<arg>platformName=Android</arg>
<arg>app=${EXECDIR}/App/twp.apk</arg>
<doc>Opens a new application to given Appium server.
Capabilities of appium server, Android and iOS,
Please check https://github.com/appium/appium/blob/master/docs/en/writing-running-appium/server-args.md
| *Option*            | *Man.* | *Description*     |
| remote_url          | Yes    | Appium server url |
| alias               | no     | alias             |</doc>
<status status="PASS" starttime="20220421 15:41:35.363" endtime="20220421 15:41:42.880"/>
</kw>
<kw name="Get Started" library="base">
<kw name="Wait Until Page Contains" library="AppiumLibrary">
<arg>COMEÇAR</arg>
<doc>Waits until `text` appears on current page.</doc>
<status status="PASS" starttime="20220421 15:41:42.881" endtime="20220421 15:41:47.402"/>
</kw>
<kw name="Click Text" library="AppiumLibrary">
<arg>COMEÇAR</arg>
<doc>Click text identified by ``text``.</doc>
<status status="PASS" starttime="20220421 15:41:47.402" endtime="20220421 15:41:47.647"/>
</kw>
<status status="PASS" starttime="20220421 15:41:42.880" endtime="20220421 15:41:47.648"/>
</kw>
<status status="PASS" starttime="20220421 15:41:35.362" endtime="20220421 15:41:47.648"/>
</kw>
<kw name="Open Nav" library="base">
<kw name="Wait Until Element Is Visible" library="AppiumLibrary">
<arg>xpath=//android.widget.ImageButton[@content-desc="Open navigation drawer"]</arg>
<doc>Waits until element specified with `locator` is visible.</doc>
<status status="PASS" starttime="20220421 15:41:47.649" endtime="20220421 15:41:48.753"/>
</kw>
<kw name="Click Element" library="AppiumLibrary">
<arg>xpath=//android.widget.ImageButton[@content-desc="Open navigation drawer"]</arg>
<doc>Click element identified by `locator`.</doc>
<msg timestamp="20220421 15:41:48.755" level="INFO">Clicking element 'xpath=//android.widget.ImageButton[@content-desc="Open navigation drawer"]'.</msg>
<status status="PASS" starttime="20220421 15:41:48.753" endtime="20220421 15:41:48.881"/>
</kw>
<kw name="Wait Until Element Is Visible" library="AppiumLibrary">
<arg>id=io.qaninja.android.twp:id/navView</arg>
<doc>Waits until element specified with `locator` is visible.</doc>
<status status="PASS" starttime="20220421 15:41:48.881" endtime="20220421 15:41:49.827"/>
</kw>
<status status="PASS" starttime="20220421 15:41:47.649" endtime="20220421 15:41:49.828"/>
</kw>
<kw name="Click Text" library="AppiumLibrary">
<arg>AVENGERS</arg>
<doc>Click text identified by ``text``.</doc>
<status status="PASS" starttime="20220421 15:41:49.828" endtime="20220421 15:41:49.976"/>
</kw>
<kw name="Wait Until Element Is Visible" library="AppiumLibrary">
<arg>${TOOLBAR_TITLE}</arg>
<doc>Waits until element specified with `locator` is visible.</doc>
<status status="PASS" starttime="20220421 15:41:49.977" endtime="20220421 15:41:50.914"/>
</kw>
<kw name="Element Name Should Be" library="AppiumLibrary">
<arg>${TOOLBAR_TITLE}</arg>
<arg>AVENGERS</arg>
<msg timestamp="20220421 15:41:50.998" level="INFO">Element 'id=io.qaninja.android.twp:id/toolbarTitle' name is 'AVENGERS' </msg>
<status status="PASS" starttime="20220421 15:41:50.915" endtime="20220421 15:41:50.998"/>
</kw>
<kw name="Wait Until Page Contains" library="AppiumLibrary">
<arg>AVENGERS</arg>
<doc>Waits until `text` appears on current page.</doc>
<status status="PASS" starttime="20220421 15:41:50.999" endtime="20220421 15:41:51.051"/>
</kw>
<kw name="Close Session" library="base" type="TEARDOWN">
<kw name="Capture Page Screenshot" library="AppiumLibrary">
<doc>Takes a screenshot of the current page and embeds it into the log.</doc>
<msg timestamp="20220421 15:41:51.338" level="INFO" html="true">&lt;/td&gt;&lt;/tr&gt;&lt;tr&gt;&lt;td colspan="3"&gt;&lt;a href="appium-screenshot-2.png"&gt;&lt;img src="appium-screenshot-2.png" width="800px"&gt;&lt;/a&gt;</msg>
<status status="PASS" starttime="20220421 15:41:51.052" endtime="20220421 15:41:51.338"/>
</kw>
<kw name="Close Application" library="AppiumLibrary">
<doc>Closes the current application and also close webdriver session.</doc>
<status status="PASS" starttime="20220421 15:41:51.338" endtime="20220421 15:41:51.675"/>
</kw>
<status status="PASS" starttime="20220421 15:41:51.052" endtime="20220421 15:41:51.675"/>
</kw>
<status status="PASS" starttime="20220421 15:41:35.362" endtime="20220421 15:41:51.675"/>
</test>
<test id="s1-s2-t2" name="Devo acessar a tela Forms" line="21">
<kw name="Open Session" library="base" type="SETUP">
<kw name="Set Appium Timeout" library="AppiumLibrary">
<arg>5</arg>
<doc>Sets the timeout in seconds used by various keywords.</doc>
<status status="PASS" starttime="20220421 15:41:51.678" endtime="20220421 15:41:51.678"/>
</kw>
<kw name="Open Application" library="AppiumLibrary">
<arg>http://localhost:4723/wd/hub</arg>
<arg>automationName=UiAutomator2</arg>
<arg>deviceName=SM_G980F</arg>
<arg>platformName=Android</arg>
<arg>app=${EXECDIR}/App/twp.apk</arg>
<doc>Opens a new application to given Appium server.
Capabilities of appium server, Android and iOS,
Please check https://github.com/appium/appium/blob/master/docs/en/writing-running-appium/server-args.md
| *Option*            | *Man.* | *Description*     |
| remote_url          | Yes    | Appium server url |
| alias               | no     | alias             |</doc>
<status status="PASS" starttime="20220421 15:41:51.678" endtime="20220421 15:41:59.354"/>
</kw>
<kw name="Get Started" library="base">
<kw name="Wait Until Page Contains" library="AppiumLibrary">
<arg>COMEÇAR</arg>
<doc>Waits until `text` appears on current page.</doc>
<status status="PASS" starttime="20220421 15:41:59.355" endtime="20220421 15:42:03.871"/>
</kw>
<kw name="Click Text" library="AppiumLibrary">
<arg>COMEÇAR</arg>
<doc>Click text identified by ``text``.</doc>
<status status="PASS" starttime="20220421 15:42:03.871" endtime="20220421 15:42:04.108"/>
</kw>
<status status="PASS" starttime="20220421 15:41:59.354" endtime="20220421 15:42:04.108"/>
</kw>
<status status="PASS" starttime="20220421 15:41:51.677" endtime="20220421 15:42:04.108"/>
</kw>
<kw name="Open Nav" library="base">
<kw name="Wait Until Element Is Visible" library="AppiumLibrary">
<arg>xpath=//android.widget.ImageButton[@content-desc="Open navigation drawer"]</arg>
<doc>Waits until element specified with `locator` is visible.</doc>
<status status="PASS" starttime="20220421 15:42:04.109" endtime="20220421 15:42:05.213"/>
</kw>
<kw name="Click Element" library="AppiumLibrary">
<arg>xpath=//android.widget.ImageButton[@content-desc="Open navigation drawer"]</arg>
<doc>Click element identified by `locator`.</doc>
<msg timestamp="20220421 15:42:05.216" level="INFO">Clicking element 'xpath=//android.widget.ImageButton[@content-desc="Open navigation drawer"]'.</msg>
<status status="PASS" starttime="20220421 15:42:05.213" endtime="20220421 15:42:05.345"/>
</kw>
<kw name="Wait Until Element Is Visible" library="AppiumLibrary">
<arg>id=io.qaninja.android.twp:id/navView</arg>
<doc>Waits until element specified with `locator` is visible.</doc>
<status status="PASS" starttime="20220421 15:42:05.345" endtime="20220421 15:42:06.291"/>
</kw>
<status status="PASS" starttime="20220421 15:42:04.109" endtime="20220421 15:42:06.291"/>
</kw>
<kw name="Click Text" library="AppiumLibrary">
<arg>FORMS</arg>
<doc>Click text identified by ``text``.</doc>
<status status="PASS" starttime="20220421 15:42:06.292" endtime="20220421 15:42:06.419"/>
</kw>
<kw name="Wait Until Element Is Visible" library="AppiumLibrary">
<arg>${TOOLBAR_TITLE}</arg>
<doc>Waits until element specified with `locator` is visible.</doc>
<status status="PASS" starttime="20220421 15:42:06.419" endtime="20220421 15:42:07.350"/>
</kw>
<kw name="Element Name Should Be" library="AppiumLibrary">
<arg>${TOOLBAR_TITLE}</arg>
<arg>FORMS</arg>
<msg timestamp="20220421 15:42:07.407" level="INFO">Element 'id=io.qaninja.android.twp:id/toolbarTitle' name is 'FORMS' </msg>
<status status="PASS" starttime="20220421 15:42:07.351" endtime="20220421 15:42:07.407"/>
</kw>
<kw name="Wait Until Page Contains" library="AppiumLibrary">
<arg>FORMS</arg>
<doc>Waits until `text` appears on current page.</doc>
<status status="PASS" starttime="20220421 15:42:07.407" endtime="20220421 15:42:07.471"/>
</kw>
<kw name="Close Session" library="base" type="TEARDOWN">
<kw name="Capture Page Screenshot" library="AppiumLibrary">
<doc>Takes a screenshot of the current page and embeds it into the log.</doc>
<msg timestamp="20220421 15:42:07.766" level="INFO" html="true">&lt;/td&gt;&lt;/tr&gt;&lt;tr&gt;&lt;td colspan="3"&gt;&lt;a href="appium-screenshot-3.png"&gt;&lt;img src="appium-screenshot-3.png" width="800px"&gt;&lt;/a&gt;</msg>
<status status="PASS" starttime="20220421 15:42:07.473" endtime="20220421 15:42:07.766"/>
</kw>
<kw name="Close Application" library="AppiumLibrary">
<doc>Closes the current application and also close webdriver session.</doc>
<status status="PASS" starttime="20220421 15:42:07.766" endtime="20220421 15:42:08.178"/>
</kw>
<status status="PASS" starttime="20220421 15:42:07.472" endtime="20220421 15:42:08.179"/>
</kw>
<status status="PASS" starttime="20220421 15:41:51.677" endtime="20220421 15:42:08.179"/>
</test>
<test id="s1-s2-t3" name="Devo acessar a tela Dialogs" line="29">
<kw name="Open Session" library="base" type="SETUP">
<kw name="Set Appium Timeout" library="AppiumLibrary">
<arg>5</arg>
<doc>Sets the timeout in seconds used by various keywords.</doc>
<status status="PASS" starttime="20220421 15:42:08.181" endtime="20220421 15:42:08.182"/>
</kw>
<kw name="Open Application" library="AppiumLibrary">
<arg>http://localhost:4723/wd/hub</arg>
<arg>automationName=UiAutomator2</arg>
<arg>deviceName=SM_G980F</arg>
<arg>platformName=Android</arg>
<arg>app=${EXECDIR}/App/twp.apk</arg>
<doc>Opens a new application to given Appium server.
Capabilities of appium server, Android and iOS,
Please check https://github.com/appium/appium/blob/master/docs/en/writing-running-appium/server-args.md
| *Option*            | *Man.* | *Description*     |
| remote_url          | Yes    | Appium server url |
| alias               | no     | alias             |</doc>
<status status="PASS" starttime="20220421 15:42:08.182" endtime="20220421 15:42:15.858"/>
</kw>
<kw name="Get Started" library="base">
<kw name="Wait Until Page Contains" library="AppiumLibrary">
<arg>COMEÇAR</arg>
<doc>Waits until `text` appears on current page.</doc>
<status status="PASS" starttime="20220421 15:42:15.859" endtime="20220421 15:42:20.362"/>
</kw>
<kw name="Click Text" library="AppiumLibrary">
<arg>COMEÇAR</arg>
<doc>Click text identified by ``text``.</doc>
<status status="PASS" starttime="20220421 15:42:20.362" endtime="20220421 15:42:20.595"/>
</kw>
<status status="PASS" starttime="20220421 15:42:15.858" endtime="20220421 15:42:20.595"/>
</kw>
<status status="PASS" starttime="20220421 15:42:08.181" endtime="20220421 15:42:20.596"/>
</kw>
<kw name="Open Nav" library="base">
<kw name="Wait Until Element Is Visible" library="AppiumLibrary">
<arg>xpath=//android.widget.ImageButton[@content-desc="Open navigation drawer"]</arg>
<doc>Waits until element specified with `locator` is visible.</doc>
<status status="PASS" starttime="20220421 15:42:20.597" endtime="20220421 15:42:21.714"/>
</kw>
<kw name="Click Element" library="AppiumLibrary">
<arg>xpath=//android.widget.ImageButton[@content-desc="Open navigation drawer"]</arg>
<doc>Click element identified by `locator`.</doc>
<msg timestamp="20220421 15:42:21.716" level="INFO">Clicking element 'xpath=//android.widget.ImageButton[@content-desc="Open navigation drawer"]'.</msg>
<status status="PASS" starttime="20220421 15:42:21.714" endtime="20220421 15:42:21.835"/>
</kw>
<kw name="Wait Until Element Is Visible" library="AppiumLibrary">
<arg>id=io.qaninja.android.twp:id/navView</arg>
<doc>Waits until element specified with `locator` is visible.</doc>
<status status="PASS" starttime="20220421 15:42:21.835" endtime="20220421 15:42:22.811"/>
</kw>
<status status="PASS" starttime="20220421 15:42:20.596" endtime="20220421 15:42:22.811"/>
</kw>
<kw name="Click Text" library="AppiumLibrary">
<arg>DIALOGS</arg>
<doc>Click text identified by ``text``.</doc>
<status status="PASS" starttime="20220421 15:42:22.812" endtime="20220421 15:42:22.948"/>
</kw>
<kw name="Wait Until Element Is Visible" library="AppiumLibrary">
<arg>${TOOLBAR_TITLE}</arg>
<doc>Waits until element specified with `locator` is visible.</doc>
<status status="PASS" starttime="20220421 15:42:22.949" endtime="20220421 15:42:23.916"/>
</kw>
<kw name="Element Name Should Be" library="AppiumLibrary">
<arg>${TOOLBAR_TITLE}</arg>
<arg>DIALOGS</arg>
<msg timestamp="20220421 15:42:23.976" level="INFO">Element 'id=io.qaninja.android.twp:id/toolbarTitle' name is 'DIALOGS' </msg>
<status status="PASS" starttime="20220421 15:42:23.916" endtime="20220421 15:42:23.977"/>
</kw>
<kw name="Wait Until Page Contains" library="AppiumLibrary">
<arg>DIALOGS</arg>
<doc>Waits until `text` appears on current page.</doc>
<status status="PASS" starttime="20220421 15:42:23.977" endtime="20220421 15:42:24.020"/>
</kw>
<kw name="Close Session" library="base" type="TEARDOWN">
<kw name="Capture Page Screenshot" library="AppiumLibrary">
<doc>Takes a screenshot of the current page and embeds it into the log.</doc>
<msg timestamp="20220421 15:42:24.292" level="INFO" html="true">&lt;/td&gt;&lt;/tr&gt;&lt;tr&gt;&lt;td colspan="3"&gt;&lt;a href="appium-screenshot-4.png"&gt;&lt;img src="appium-screenshot-4.png" width="800px"&gt;&lt;/a&gt;</msg>
<status status="PASS" starttime="20220421 15:42:24.021" endtime="20220421 15:42:24.292"/>
</kw>
<kw name="Close Application" library="AppiumLibrary">
<doc>Closes the current application and also close webdriver session.</doc>
<status status="PASS" starttime="20220421 15:42:24.293" endtime="20220421 15:42:24.655"/>
</kw>
<status status="PASS" starttime="20220421 15:42:24.020" endtime="20220421 15:42:24.656"/>
</kw>
<status status="PASS" starttime="20220421 15:42:08.180" endtime="20220421 15:42:24.656"/>
</test>
<test id="s1-s2-t4" name="Devo acessar a tela Seek Bar" line="37">
<kw name="Open Session" library="base" type="SETUP">
<kw name="Set Appium Timeout" library="AppiumLibrary">
<arg>5</arg>
<doc>Sets the timeout in seconds used by various keywords.</doc>
<status status="PASS" starttime="20220421 15:42:24.659" endtime="20220421 15:42:24.659"/>
</kw>
<kw name="Open Application" library="AppiumLibrary">
<arg>http://localhost:4723/wd/hub</arg>
<arg>automationName=UiAutomator2</arg>
<arg>deviceName=SM_G980F</arg>
<arg>platformName=Android</arg>
<arg>app=${EXECDIR}/App/twp.apk</arg>
<doc>Opens a new application to given Appium server.
Capabilities of appium server, Android and iOS,
Please check https://github.com/appium/appium/blob/master/docs/en/writing-running-appium/server-args.md
| *Option*            | *Man.* | *Description*     |
| remote_url          | Yes    | Appium server url |
| alias               | no     | alias             |</doc>
<status status="PASS" starttime="20220421 15:42:24.659" endtime="20220421 15:42:32.343"/>
</kw>
<kw name="Get Started" library="base">
<kw name="Wait Until Page Contains" library="AppiumLibrary">
<arg>COMEÇAR</arg>
<doc>Waits until `text` appears on current page.</doc>
<status status="PASS" starttime="20220421 15:42:32.344" endtime="20220421 15:42:36.853"/>
</kw>
<kw name="Click Text" library="AppiumLibrary">
<arg>COMEÇAR</arg>
<doc>Click text identified by ``text``.</doc>
<status status="PASS" starttime="20220421 15:42:36.854" endtime="20220421 15:42:37.098"/>
</kw>
<status status="PASS" starttime="20220421 15:42:32.344" endtime="20220421 15:42:37.099"/>
</kw>
<status status="PASS" starttime="20220421 15:42:24.658" endtime="20220421 15:42:37.099"/>
</kw>
<kw name="Open Nav" library="base">
<kw name="Wait Until Element Is Visible" library="AppiumLibrary">
<arg>xpath=//android.widget.ImageButton[@content-desc="Open navigation drawer"]</arg>
<doc>Waits until element specified with `locator` is visible.</doc>
<status status="PASS" starttime="20220421 15:42:37.100" endtime="20220421 15:42:38.204"/>
</kw>
<kw name="Click Element" library="AppiumLibrary">
<arg>xpath=//android.widget.ImageButton[@content-desc="Open navigation drawer"]</arg>
<doc>Click element identified by `locator`.</doc>
<msg timestamp="20220421 15:42:38.206" level="INFO">Clicking element 'xpath=//android.widget.ImageButton[@content-desc="Open navigation drawer"]'.</msg>
<status status="PASS" starttime="20220421 15:42:38.204" endtime="20220421 15:42:38.332"/>
</kw>
<kw name="Wait Until Element Is Visible" library="AppiumLibrary">
<arg>id=io.qaninja.android.twp:id/navView</arg>
<doc>Waits until element specified with `locator` is visible.</doc>
<status status="PASS" starttime="20220421 15:42:38.333" endtime="20220421 15:42:39.277"/>
</kw>
<status status="PASS" starttime="20220421 15:42:37.099" endtime="20220421 15:42:39.278"/>
</kw>
<kw name="Click Text" library="AppiumLibrary">
<arg>SEEK BAR</arg>
<doc>Click text identified by ``text``.</doc>
<status status="PASS" starttime="20220421 15:42:39.278" endtime="20220421 15:42:39.438"/>
</kw>
<kw name="Wait Until Element Is Visible" library="AppiumLibrary">
<arg>${TOOLBAR_TITLE}</arg>
<doc>Waits until element specified with `locator` is visible.</doc>
<status status="PASS" starttime="20220421 15:42:39.439" endtime="20220421 15:42:40.403"/>
</kw>
<kw name="Element Name Should Be" library="AppiumLibrary">
<arg>${TOOLBAR_TITLE}</arg>
<arg>SEEK BAR</arg>
<msg timestamp="20220421 15:42:40.463" level="INFO">Element 'id=io.qaninja.android.twp:id/toolbarTitle' name is 'SEEK BAR' </msg>
<status status="PASS" starttime="20220421 15:42:40.403" endtime="20220421 15:42:40.464"/>
</kw>
<kw name="Wait Until Page Contains" library="AppiumLibrary">
<arg>SEEK BAR</arg>
<doc>Waits until `text` appears on current page.</doc>
<status status="PASS" starttime="20220421 15:42:40.464" endtime="20220421 15:42:40.510"/>
</kw>
<kw name="Close Session" library="base" type="TEARDOWN">
<kw name="Capture Page Screenshot" library="AppiumLibrary">
<doc>Takes a screenshot of the current page and embeds it into the log.</doc>
<msg timestamp="20220421 15:42:40.808" level="INFO" html="true">&lt;/td&gt;&lt;/tr&gt;&lt;tr&gt;&lt;td colspan="3"&gt;&lt;a href="appium-screenshot-5.png"&gt;&lt;img src="appium-screenshot-5.png" width="800px"&gt;&lt;/a&gt;</msg>
<status status="PASS" starttime="20220421 15:42:40.512" endtime="20220421 15:42:40.808"/>
</kw>
<kw name="Close Application" library="AppiumLibrary">
<doc>Closes the current application and also close webdriver session.</doc>
<status status="PASS" starttime="20220421 15:42:40.808" endtime="20220421 15:42:41.165"/>
</kw>
<status status="PASS" starttime="20220421 15:42:40.512" endtime="20220421 15:42:41.166"/>
</kw>
<status status="PASS" starttime="20220421 15:42:24.657" endtime="20220421 15:42:41.166"/>
</test>
<test id="s1-s2-t5" name="Devo acessar a tela Inputs" line="45">
<kw name="Open Session" library="base" type="SETUP">
<kw name="Set Appium Timeout" library="AppiumLibrary">
<arg>5</arg>
<doc>Sets the timeout in seconds used by various keywords.</doc>
<status status="PASS" starttime="20220421 15:42:41.169" endtime="20220421 15:42:41.169"/>
</kw>
<kw name="Open Application" library="AppiumLibrary">
<arg>http://localhost:4723/wd/hub</arg>
<arg>automationName=UiAutomator2</arg>
<arg>deviceName=SM_G980F</arg>
<arg>platformName=Android</arg>
<arg>app=${EXECDIR}/App/twp.apk</arg>
<doc>Opens a new application to given Appium server.
Capabilities of appium server, Android and iOS,
Please check https://github.com/appium/appium/blob/master/docs/en/writing-running-appium/server-args.md
| *Option*            | *Man.* | *Description*     |
| remote_url          | Yes    | Appium server url |
| alias               | no     | alias             |</doc>
<status status="PASS" starttime="20220421 15:42:41.169" endtime="20220421 15:42:48.718"/>
</kw>
<kw name="Get Started" library="base">
<kw name="Wait Until Page Contains" library="AppiumLibrary">
<arg>COMEÇAR</arg>
<doc>Waits until `text` appears on current page.</doc>
<status status="PASS" starttime="20220421 15:42:48.719" endtime="20220421 15:42:53.223"/>
</kw>
<kw name="Click Text" library="AppiumLibrary">
<arg>COMEÇAR</arg>
<doc>Click text identified by ``text``.</doc>
<status status="PASS" starttime="20220421 15:42:53.223" endtime="20220421 15:42:53.457"/>
</kw>
<status status="PASS" starttime="20220421 15:42:48.718" endtime="20220421 15:42:53.458"/>
</kw>
<status status="PASS" starttime="20220421 15:42:41.168" endtime="20220421 15:42:53.458"/>
</kw>
<kw name="Open Nav" library="base">
<kw name="Wait Until Element Is Visible" library="AppiumLibrary">
<arg>xpath=//android.widget.ImageButton[@content-desc="Open navigation drawer"]</arg>
<doc>Waits until element specified with `locator` is visible.</doc>
<status status="PASS" starttime="20220421 15:42:53.459" endtime="20220421 15:42:54.560"/>
</kw>
<kw name="Click Element" library="AppiumLibrary">
<arg>xpath=//android.widget.ImageButton[@content-desc="Open navigation drawer"]</arg>
<doc>Click element identified by `locator`.</doc>
<msg timestamp="20220421 15:42:54.562" level="INFO">Clicking element 'xpath=//android.widget.ImageButton[@content-desc="Open navigation drawer"]'.</msg>
<status status="PASS" starttime="20220421 15:42:54.560" endtime="20220421 15:42:54.691"/>
</kw>
<kw name="Wait Until Element Is Visible" library="AppiumLibrary">
<arg>id=io.qaninja.android.twp:id/navView</arg>
<doc>Waits until element specified with `locator` is visible.</doc>
<status status="PASS" starttime="20220421 15:42:54.691" endtime="20220421 15:42:55.638"/>
</kw>
<status status="PASS" starttime="20220421 15:42:53.458" endtime="20220421 15:42:55.638"/>
</kw>
<kw name="Click Text" library="AppiumLibrary">
<arg>INPUTS</arg>
<doc>Click text identified by ``text``.</doc>
<status status="PASS" starttime="20220421 15:42:55.639" endtime="20220421 15:42:55.765"/>
</kw>
<kw name="Wait Until Element Is Visible" library="AppiumLibrary">
<arg>${TOOLBAR_TITLE}</arg>
<doc>Waits until element specified with `locator` is visible.</doc>
<status status="PASS" starttime="20220421 15:42:55.767" endtime="20220421 15:42:56.697"/>
</kw>
<kw name="Element Name Should Be" library="AppiumLibrary">
<arg>${TOOLBAR_TITLE}</arg>
<arg>INPUTS</arg>
<msg timestamp="20220421 15:42:56.760" level="INFO">Element 'id=io.qaninja.android.twp:id/toolbarTitle' name is 'INPUTS' </msg>
<status status="PASS" starttime="20220421 15:42:56.697" endtime="20220421 15:42:56.760"/>
</kw>
<kw name="Wait Until Page Contains" library="AppiumLibrary">
<arg>INPUTS</arg>
<doc>Waits until `text` appears on current page.</doc>
<status status="PASS" starttime="20220421 15:42:56.761" endtime="20220421 15:42:56.806"/>
</kw>
<kw name="Close Session" library="base" type="TEARDOWN">
<kw name="Capture Page Screenshot" library="AppiumLibrary">
<doc>Takes a screenshot of the current page and embeds it into the log.</doc>
<msg timestamp="20220421 15:42:57.120" level="INFO" html="true">&lt;/td&gt;&lt;/tr&gt;&lt;tr&gt;&lt;td colspan="3"&gt;&lt;a href="appium-screenshot-6.png"&gt;&lt;img src="appium-screenshot-6.png" width="800px"&gt;&lt;/a&gt;</msg>
<status status="PASS" starttime="20220421 15:42:56.807" endtime="20220421 15:42:57.120"/>
</kw>
<kw name="Close Application" library="AppiumLibrary">
<doc>Closes the current application and also close webdriver session.</doc>
<status status="PASS" starttime="20220421 15:42:57.120" endtime="20220421 15:42:57.495"/>
</kw>
<status status="PASS" starttime="20220421 15:42:56.807" endtime="20220421 15:42:57.495"/>
</kw>
<status status="PASS" starttime="20220421 15:42:41.168" endtime="20220421 15:42:57.496"/>
</test>
<test id="s1-s2-t6" name="Devo acessar a tela Botões" line="53">
<kw name="Open Session" library="base" type="SETUP">
<kw name="Set Appium Timeout" library="AppiumLibrary">
<arg>5</arg>
<doc>Sets the timeout in seconds used by various keywords.</doc>
<status status="PASS" starttime="20220421 15:42:57.498" endtime="20220421 15:42:57.498"/>
</kw>
<kw name="Open Application" library="AppiumLibrary">
<arg>http://localhost:4723/wd/hub</arg>
<arg>automationName=UiAutomator2</arg>
<arg>deviceName=SM_G980F</arg>
<arg>platformName=Android</arg>
<arg>app=${EXECDIR}/App/twp.apk</arg>
<doc>Opens a new application to given Appium server.
Capabilities of appium server, Android and iOS,
Please check https://github.com/appium/appium/blob/master/docs/en/writing-running-appium/server-args.md
| *Option*            | *Man.* | *Description*     |
| remote_url          | Yes    | Appium server url |
| alias               | no     | alias             |</doc>
<status status="PASS" starttime="20220421 15:42:57.498" endtime="20220421 15:43:05.152"/>
</kw>
<kw name="Get Started" library="base">
<kw name="Wait Until Page Contains" library="AppiumLibrary">
<arg>COMEÇAR</arg>
<doc>Waits until `text` appears on current page.</doc>
<status status="PASS" starttime="20220421 15:43:05.153" endtime="20220421 15:43:09.676"/>
</kw>
<kw name="Click Text" library="AppiumLibrary">
<arg>COMEÇAR</arg>
<doc>Click text identified by ``text``.</doc>
<status status="PASS" starttime="20220421 15:43:09.676" endtime="20220421 15:43:09.917"/>
</kw>
<status status="PASS" starttime="20220421 15:43:05.152" endtime="20220421 15:43:09.917"/>
</kw>
<status status="PASS" starttime="20220421 15:42:57.498" endtime="20220421 15:43:09.917"/>
</kw>
<kw name="Open Nav" library="base">
<kw name="Wait Until Element Is Visible" library="AppiumLibrary">
<arg>xpath=//android.widget.ImageButton[@content-desc="Open navigation drawer"]</arg>
<doc>Waits until element specified with `locator` is visible.</doc>
<status status="PASS" starttime="20220421 15:43:09.918" endtime="20220421 15:43:11.031"/>
</kw>
<kw name="Click Element" library="AppiumLibrary">
<arg>xpath=//android.widget.ImageButton[@content-desc="Open navigation drawer"]</arg>
<doc>Click element identified by `locator`.</doc>
<msg timestamp="20220421 15:43:11.033" level="INFO">Clicking element 'xpath=//android.widget.ImageButton[@content-desc="Open navigation drawer"]'.</msg>
<status status="PASS" starttime="20220421 15:43:11.031" endtime="20220421 15:43:11.166"/>
</kw>
<kw name="Wait Until Element Is Visible" library="AppiumLibrary">
<arg>id=io.qaninja.android.twp:id/navView</arg>
<doc>Waits until element specified with `locator` is visible.</doc>
<status status="PASS" starttime="20220421 15:43:11.166" endtime="20220421 15:43:12.116"/>
</kw>
<status status="PASS" starttime="20220421 15:43:09.918" endtime="20220421 15:43:12.116"/>
</kw>
<kw name="Click Text" library="AppiumLibrary">
<arg>BOTÕES</arg>
<doc>Click text identified by ``text``.</doc>
<status status="PASS" starttime="20220421 15:43:12.117" endtime="20220421 15:43:12.262"/>
</kw>
<kw name="Wait Until Element Is Visible" library="AppiumLibrary">
<arg>${TOOLBAR_TITLE}</arg>
<doc>Waits until element specified with `locator` is visible.</doc>
<status status="PASS" starttime="20220421 15:43:12.263" endtime="20220421 15:43:13.171"/>
</kw>
<kw name="Element Name Should Be" library="AppiumLibrary">
<arg>${TOOLBAR_TITLE}</arg>
<arg>BOTÕES</arg>
<msg timestamp="20220421 15:43:13.224" level="INFO">Element 'id=io.qaninja.android.twp:id/toolbarTitle' name is 'BOTÕES' </msg>
<status status="PASS" starttime="20220421 15:43:13.172" endtime="20220421 15:43:13.225"/>
</kw>
<kw name="Wait Until Page Contains" library="AppiumLibrary">
<arg>BOTÕES</arg>
<doc>Waits until `text` appears on current page.</doc>
<status status="PASS" starttime="20220421 15:43:13.225" endtime="20220421 15:43:13.269"/>
</kw>
<kw name="Close Session" library="base" type="TEARDOWN">
<kw name="Capture Page Screenshot" library="AppiumLibrary">
<doc>Takes a screenshot of the current page and embeds it into the log.</doc>
<msg timestamp="20220421 15:43:13.552" level="INFO" html="true">&lt;/td&gt;&lt;/tr&gt;&lt;tr&gt;&lt;td colspan="3"&gt;&lt;a href="appium-screenshot-7.png"&gt;&lt;img src="appium-screenshot-7.png" width="800px"&gt;&lt;/a&gt;</msg>
<status status="PASS" starttime="20220421 15:43:13.271" endtime="20220421 15:43:13.553"/>
</kw>
<kw name="Close Application" library="AppiumLibrary">
<doc>Closes the current application and also close webdriver session.</doc>
<status status="PASS" starttime="20220421 15:43:13.553" endtime="20220421 15:43:13.960"/>
</kw>
<status status="PASS" starttime="20220421 15:43:13.270" endtime="20220421 15:43:13.961"/>
</kw>
<status status="PASS" starttime="20220421 15:42:57.497" endtime="20220421 15:43:13.961"/>
</test>
<status status="PASS" starttime="20220421 15:41:35.356" endtime="20220421 15:43:13.963"/>
</suite>
<suite id="s1-s3" name="Tela Inicial" source="C:\Users\quint\OneDrive\Documentos\Repositorios\test_mobile_appium\twp\tests\tela_inicial.robot">
<test id="s1-s3-t1" name="Dado que estou na tela inicial" line="12">
<kw name="Open Session2" library="base" type="SETUP">
<kw name="Set Appium Timeout" library="AppiumLibrary">
<arg>5</arg>
<doc>Sets the timeout in seconds used by various keywords.</doc>
<status status="PASS" starttime="20220421 15:43:13.976" endtime="20220421 15:43:13.977"/>
</kw>
<kw name="Open Application" library="AppiumLibrary">
<arg>http://localhost:4723/wd/hub</arg>
<arg>automationName=UiAutomator2</arg>
<arg>deviceName=SM_G980F</arg>
<arg>platformName=Android</arg>
<arg>app=${EXECDIR}/App/twp.apk</arg>
<doc>Opens a new application to given Appium server.
Capabilities of appium server, Android and iOS,
Please check https://github.com/appium/appium/blob/master/docs/en/writing-running-appium/server-args.md
| *Option*            | *Man.* | *Description*     |
| remote_url          | Yes    | Appium server url |
| alias               | no     | alias             |</doc>
<status status="PASS" starttime="20220421 15:43:13.977" endtime="20220421 15:43:21.762"/>
</kw>
<status status="PASS" starttime="20220421 15:43:13.975" endtime="20220421 15:43:21.763"/>
</kw>
<kw name="Wait Until Page Contains" library="AppiumLibrary">
<arg>Training Wheels Protocol</arg>
<doc>Waits until `text` appears on current page.</doc>
<status status="PASS" starttime="20220421 15:43:21.763" endtime="20220421 15:43:26.289"/>
</kw>
<kw name="Wait Until Page Contains" library="AppiumLibrary">
<arg>Mobile Version</arg>
<doc>Waits until `text` appears on current page.</doc>
<status status="PASS" starttime="20220421 15:43:26.291" endtime="20220421 15:43:26.333"/>
</kw>
<kw name="Close Session" library="base" type="TEARDOWN">
<kw name="Capture Page Screenshot" library="AppiumLibrary">
<doc>Takes a screenshot of the current page and embeds it into the log.</doc>
<msg timestamp="20220421 15:43:26.620" level="INFO" html="true">&lt;/td&gt;&lt;/tr&gt;&lt;tr&gt;&lt;td colspan="3"&gt;&lt;a href="appium-screenshot-8.png"&gt;&lt;img src="appium-screenshot-8.png" width="800px"&gt;&lt;/a&gt;</msg>
<status status="PASS" starttime="20220421 15:43:26.334" endtime="20220421 15:43:26.621"/>
</kw>
<kw name="Close Application" library="AppiumLibrary">
<doc>Closes the current application and also close webdriver session.</doc>
<status status="PASS" starttime="20220421 15:43:26.621" endtime="20220421 15:43:26.961"/>
</kw>
<status status="PASS" starttime="20220421 15:43:26.334" endtime="20220421 15:43:26.962"/>
</kw>
<status status="PASS" starttime="20220421 15:43:13.974" endtime="20220421 15:43:26.962"/>
</test>
<status status="PASS" starttime="20220421 15:43:13.966" endtime="20220421 15:43:26.965"/>
</suite>
<status status="PASS" starttime="20220421 15:41:16.284" endtime="20220421 15:43:26.968"/>
</suite>
<statistics>
<total>
<stat pass="8" fail="0" skip="0">All Tests</stat>
</total>
<tag>
</tag>
<suite>
<stat pass="8" fail="0" skip="0" id="s1" name="Login &amp; Nav &amp; Tela Inicial">Login &amp; Nav &amp; Tela Inicial</stat>
<stat pass="1" fail="0" skip="0" id="s1-s1" name="Login">Login &amp; Nav &amp; Tela Inicial.Login</stat>
<stat pass="6" fail="0" skip="0" id="s1-s2" name="Nav">Login &amp; Nav &amp; Tela Inicial.Nav</stat>
<stat pass="1" fail="0" skip="0" id="s1-s3" name="Tela Inicial">Login &amp; Nav &amp; Tela Inicial.Tela Inicial</stat>
</suite>
</statistics>
<errors>
</errors>
</robot>
