<?xml version="1.0" encoding="UTF-8"?>
<robot generator="Robot 5.0 (Python 3.10.4 on win32)" generated="20220430 15:55:12.960" rpa="false" schemaversion="3">
<suite id="s1" name="Tests" source="C:\Users\quint\OneDrive\Documentos\Repositorios\test_mobile_appium\twp\tests">
<suite id="s1-s1" name="Buttons Click" source="C:\Users\quint\OneDrive\Documentos\Repositorios\test_mobile_appium\twp\tests\buttons_click.robot">
<test id="s1-s1-t1" name="Deve realizar um clique longo" line="15">
<kw name="Open Session" library="base" type="SETUP">
<kw name="Set Appium Timeout" library="AppiumLibrary">
<arg>7</arg>
<doc>Sets the timeout in seconds used by various keywords.</doc>
<status status="PASS" starttime="20220430 15:55:13.292" endtime="20220430 15:55:13.292"/>
</kw>
<kw name="Open Application" library="AppiumLibrary">
<arg>http://localhost:4723/wd/hub</arg>
<arg>automationName=UiAutomator2</arg>
<arg>deviceName=SM_G980F</arg>
<arg>platformName=Android</arg>
<arg>app=${EXECDIR}/App/twp.apk</arg>
<doc>Opens a new application to given Appium server.
Capabilities of appium server, Android and iOS,
Please check https://github.com/appium/appium/blob/master/docs/en/writing-running-appium/server-args.md
| *Option*            | *Man.* | *Description*     |
| remote_url          | Yes    | Appium server url |
| alias               | no     | alias             |</doc>
<status status="PASS" starttime="20220430 15:55:13.292" endtime="20220430 15:55:23.669"/>
</kw>
<kw name="Get Started" library="helpers">
<kw name="Wait Until Page Contains" library="AppiumLibrary">
<arg>${START}</arg>
<doc>Waits until `text` appears on current page.</doc>
<status status="PASS" starttime="20220430 15:55:23.671" endtime="20220430 15:55:28.190"/>
</kw>
<kw name="Click Text" library="AppiumLibrary">
<arg>${START}</arg>
<doc>Click text identified by ``text``.</doc>
<status status="PASS" starttime="20220430 15:55:28.190" endtime="20220430 15:55:28.407"/>
</kw>
<status status="PASS" starttime="20220430 15:55:23.670" endtime="20220430 15:55:28.407"/>
</kw>
<status status="PASS" starttime="20220430 15:55:13.291" endtime="20220430 15:55:28.408"/>
</kw>
<kw name="Go To Long Click" library="helpers">
<kw name="Open Nav" library="helpers">
<kw name="Wait Until Element Is Visible" library="AppiumLibrary">
<arg>${HAMBURGER}</arg>
<doc>Waits until element specified with `locator` is visible.</doc>
<status status="PASS" starttime="20220430 15:55:28.409" endtime="20220430 15:55:29.660"/>
</kw>
<kw name="Click Element" library="AppiumLibrary">
<arg>${HAMBURGER}</arg>
<doc>Click element identified by `locator`.</doc>
<msg timestamp="20220430 15:55:29.665" level="INFO">Clicking element 'xpath=//android.widget.ImageButton[@content-desc="Open navigation drawer"]'.</msg>
<status status="PASS" starttime="20220430 15:55:29.661" endtime="20220430 15:55:29.786"/>
</kw>
<kw name="Wait Until Element Is Visible" library="AppiumLibrary">
<arg>${NAV_VIEW}</arg>
<doc>Waits until element specified with `locator` is visible.</doc>
<status status="PASS" starttime="20220430 15:55:29.786" endtime="20220430 15:55:30.730"/>
</kw>
<status status="PASS" starttime="20220430 15:55:28.409" endtime="20220430 15:55:30.730"/>
</kw>
<kw name="Click Text" library="AppiumLibrary">
<arg>BOTÕES</arg>
<doc>Click text identified by ``text``.</doc>
<status status="PASS" starttime="20220430 15:55:30.731" endtime="20220430 15:55:30.931"/>
</kw>
<kw name="Wait Until Page Contains" library="AppiumLibrary">
<arg>${TEXT_CLICK_SIMPLES}</arg>
<doc>Waits until `text` appears on current page.</doc>
<status status="PASS" starttime="20220430 15:55:30.931" endtime="20220430 15:55:31.402"/>
</kw>
<kw name="Click Text" library="AppiumLibrary">
<arg>${TEXT_CLICK_LONGO}</arg>
<doc>Click text identified by ``text``.</doc>
<status status="PASS" starttime="20220430 15:55:31.402" endtime="20220430 15:55:31.994"/>
</kw>
<kw name="Wait Until Page Contains" library="AppiumLibrary">
<arg>Botão clique longo</arg>
<doc>Waits until `text` appears on current page.</doc>
<status status="PASS" starttime="20220430 15:55:31.994" endtime="20220430 15:55:32.734"/>
</kw>
<status status="PASS" starttime="20220430 15:55:28.408" endtime="20220430 15:55:32.734"/>
</kw>
<kw name="Long Press" library="AppiumLibrary">
<arg>io.qaninja.android.twp:id/long_click</arg>
<arg>1000</arg>
<doc>Long press the element with optional duration</doc>
<status status="PASS" starttime="20220430 15:55:32.735" endtime="20220430 15:55:35.442"/>
</kw>
<kw name="Wait Until Page Contains" library="AppiumLibrary">
<arg>CLIQUE LONGO OK</arg>
<doc>Waits until `text` appears on current page.</doc>
<status status="PASS" starttime="20220430 15:55:35.442" endtime="20220430 15:55:35.494"/>
</kw>
<kw name="Close Session" library="base" type="TEARDOWN">
<kw name="Close Application" library="AppiumLibrary">
<doc>Closes the current application and also close webdriver session.</doc>
<status status="PASS" starttime="20220430 15:55:35.496" endtime="20220430 15:55:35.955"/>
</kw>
<status status="PASS" starttime="20220430 15:55:35.495" endtime="20220430 15:55:35.956"/>
</kw>
<tag>longo</tag>
<status status="PASS" starttime="20220430 15:55:13.291" endtime="20220430 15:55:35.957"/>
</test>
<status status="PASS" starttime="20220430 15:55:12.994" endtime="20220430 15:55:35.959"/>
</suite>
<status status="PASS" starttime="20220430 15:55:12.963" endtime="20220430 15:55:35.961"/>
</suite>
<statistics>
<total>
<stat pass="1" fail="0" skip="0">All Tests</stat>
</total>
<tag>
<stat pass="1" fail="0" skip="0">longo</stat>
</tag>
<suite>
<stat pass="1" fail="0" skip="0" id="s1" name="Tests">Tests</stat>
<stat pass="1" fail="0" skip="0" id="s1-s1" name="Buttons Click">Tests.Buttons Click</stat>
</suite>
</statistics>
<errors>
</errors>
</robot>
